2026-01-13 00:04:49.873 INFO : Running from file: ex/ex2.txt
2026-01-13 00:04:49.875 INFO : [Infer.TypeContext.add] x : <β_1>^γ_2, 
2026-01-13 00:04:49.875 INFO : [Infer.TypeContext.add_cstr] x : <β_1>^γ_2, γ_1 ≤ γ_2
2026-01-13 00:04:49.875 INFO : [Infer.TypeContext.add] x : <β_1>^γ_2, k : <β_3>^γ_4 -{δ_2}-> <β_4>^γ_3, γ_1 ≤ γ_2
2026-01-13 00:04:49.875 INFO : [Infer.TypeContext.add] x : <β_1>^γ_2, k : <β_3>^γ_4 -{δ_2}-> <β_4>^γ_3, y : <β_5>^γ_6,
 γ_1 ≤ γ_2
2026-01-13 00:04:49.875 INFO : [Infer.TypeContext.add_cstr] x : <β_1>^γ_2, k : <β_3>^γ_4 -{δ_2}-> <β_4>^γ_3, y : <β_5>^γ_6,
 γ_1 ≤ γ_2, γ_5 ≤ γ_6
2026-01-13 00:04:49.875 INFO : [Infer.PolyContext.lookup] Looking up x in []
2026-01-13 00:04:49.875 INFO : [Infer.TypeContext.lookup] Looking up x in x : <β_1>^γ_2, k : <β_3>^γ_4 -{δ_2}-> <β_4>^γ_3, y : <β_5>^γ_6,
 γ_1 ≤ γ_2, γ_5 ≤ γ_6
2026-01-13 00:04:49.876 INFO : [Infer.CGenDeriv.trace] x : <β_1>^γ_2, k : <β_3>^γ_4 -{δ_2}-> <β_4>^γ_3, y : <β_5>^γ_6,
 γ_1 ≤ γ_2, γ_5 ≤ γ_6 ; [] |- x ===>
 <β_1>^γ_2 ; δ_4 |_({δ_4}) γ_5 ≤ γ_6, γ_1 ≤ γ_2 => [] 
2026-01-13 00:04:49.876 INFO : [Infer.CGenDeriv.trace] x : <β_1>^γ_2, k : <β_3>^γ_4 -{δ_2}-> <β_4>^γ_3, γ_1 ≤ γ_2 ; 
 [] |- cfun y -> x ===>
 <β_5 -> β_6>^γ_5 ; δ_3 |_({β_5, β_6, γ_5, γ_6, δ_3, δ_4})
  γ_5 ≤ γ_6, γ_1 ≤ γ_2 =>
  [γ_5 ≤ γ_6, <β_1>^γ_2 ≤ <β_6>^γ_6, δ_4 ≤ δ_3, γ_6 ⋢ δ_3,
  γ_6 ⋢ γ_5, γ_6 ⋢ β_1, γ_6 ⋢ β_3, γ_6 ⋢ β_4, γ_6 ⋢ γ_1,
  γ_6 ⋢ γ_2, γ_6 ⋢ γ_3, γ_6 ⋢ γ_4, γ_6 ⋢ δ_2] 
2026-01-13 00:04:49.876 INFO : [Infer.CGenDeriv.trace] x : <β_1>^γ_2, γ_1 ≤ γ_2 ; [] |- shift0 k in cfun y -> x ===>
 <β_3>^γ_4 ; [<β_4>^γ_3, δ_2]
  |_({β_3, β_4, β_5, β_6, γ_3, γ_4, γ_5, γ_6, δ_2, δ_3, δ_4})
  γ_5 ≤ γ_6, γ_1 ≤ γ_2 =>
  [<β_5 -> β_6>^γ_5 ≤ <β_4>^γ_3, δ_3 ≤ δ_2, γ_3 ≤ γ_4,
  γ_5 ≤ γ_6, <β_1>^γ_2 ≤ <β_6>^γ_6, δ_4 ≤ δ_3, γ_6 ⋢ δ_3,
  γ_6 ⋢ γ_5, γ_6 ⋢ β_1, γ_6 ⋢ β_3, γ_6 ⋢ β_4, γ_6 ⋢ γ_1,
  γ_6 ⋢ γ_2, γ_6 ⋢ γ_3, γ_6 ⋢ γ_4, γ_6 ⋢ δ_2] 
2026-01-13 00:04:49.876 INFO : [Infer.CGenDeriv.trace] ,  ; [] |- cfun x -> shift0 k in cfun y -> x ===>
 <β_1 -> β_2>^γ_1 ; δ_1
  |_({β_1, β_2, β_3, β_4, β_5, β_6, γ_1, γ_2, γ_3, γ_4, γ_5, γ_6,
      δ_1, δ_2, δ_3, δ_4}) γ_5 ≤ γ_6, γ_1 ≤ γ_2 =>
  [γ_1 ≤ γ_2, <β_3>^γ_4 ≤ <β_2>^γ_2, [<β_4>^γ_3, δ_2] ≤ δ_1,
  γ_2 ⋢ δ_1, γ_2 ⋢ γ_1, <β_5 -> β_6>^γ_5 ≤ <β_4>^γ_3,
  δ_3 ≤ δ_2, γ_3 ≤ γ_4, γ_5 ≤ γ_6, <β_1>^γ_2 ≤ <β_6>^γ_6,
  δ_4 ≤ δ_3, γ_6 ⋢ δ_3, γ_6 ⋢ γ_5, γ_6 ⋢ β_1, γ_6 ⋢ β_3,
  γ_6 ⋢ β_4, γ_6 ⋢ γ_1, γ_6 ⋢ γ_2, γ_6 ⋢ γ_3, γ_6 ⋢ γ_4,
  γ_6 ⋢ δ_2] 
2026-01-13 00:04:49.876 INFO : [Infer.CGenDeriv.trace] ,  ; [] |- {cfun x -> shift0 k in cfun y -> x} ===>
 <β_0>^γ_0 ; δ_0
  |_({β_0, β_1, β_2, β_3, β_4, β_5, β_6, γ_0, γ_1, γ_2, γ_3, γ_4,
      γ_5, γ_6, δ_0, δ_1, δ_2, δ_3, δ_4}) γ_5 ≤ γ_6, γ_1 ≤ γ_2
  =>
  [<β_1 -> β_2>^γ_1 ≤ <β_0>^γ_0, δ_1 ≤ [<β_0>^γ_0, δ_0],
  γ_1 ≤ γ_2, <β_3>^γ_4 ≤ <β_2>^γ_2, [<β_4>^γ_3, δ_2] ≤ δ_1,
  γ_2 ⋢ δ_1, γ_2 ⋢ γ_1, <β_5 -> β_6>^γ_5 ≤ <β_4>^γ_3,
  δ_3 ≤ δ_2, γ_3 ≤ γ_4, γ_5 ≤ γ_6, <β_1>^γ_2 ≤ <β_6>^γ_6,
  δ_4 ≤ δ_3, γ_6 ⋢ δ_3, γ_6 ⋢ γ_5, γ_6 ⋢ β_1, γ_6 ⋢ β_3,
  γ_6 ⋢ β_4, γ_6 ⋢ γ_1, γ_6 ⋢ γ_2, γ_6 ⋢ γ_3, γ_6 ⋢ γ_4,
  γ_6 ⋢ δ_2] 
2026-01-13 00:04:49.876 INFO : [Infer.csolve] Constraints: [<β_1 -> β_2>^γ_1 ≤ <β_0>^γ_0,
             δ_1 ≤ [<β_0>^γ_0, δ_0], γ_1 ≤ γ_2,
             <β_3>^γ_4 ≤ <β_2>^γ_2, [<β_4>^γ_3, δ_2] ≤ δ_1,
             γ_2 ⋢ δ_1, γ_2 ⋢ γ_1,
             <β_5 -> β_6>^γ_5 ≤ <β_4>^γ_3, δ_3 ≤ δ_2,
             γ_3 ≤ γ_4, γ_5 ≤ γ_6, <β_1>^γ_2 ≤ <β_6>^γ_6,
             δ_4 ≤ δ_3, γ_6 ⋢ δ_3, γ_6 ⋢ γ_5, γ_6 ⋢ β_1,
             γ_6 ⋢ β_3, γ_6 ⋢ β_4, γ_6 ⋢ γ_1, γ_6 ⋢ γ_2,
             γ_6 ⋢ γ_3, γ_6 ⋢ γ_4, γ_6 ⋢ δ_2] Substitution: 
 [] Constraint Graph: Assumptions:  Constraints: {}
2026-01-13 00:04:49.876 INFO : [Infer.csolve] U-TCode
2026-01-13 00:04:49.876 INFO : [Infer.csolve] Constraints: [β_1 -> β_2 ≤ β_0, γ_1 ≤ γ_0,
             δ_1 ≤ [<β_0>^γ_0, δ_0], γ_1 ≤ γ_2,
             <β_3>^γ_4 ≤ <β_2>^γ_2, [<β_4>^γ_3, δ_2] ≤ δ_1,
             γ_2 ⋢ δ_1, γ_2 ⋢ γ_1,
             <β_5 -> β_6>^γ_5 ≤ <β_4>^γ_3, δ_3 ≤ δ_2,
             γ_3 ≤ γ_4, γ_5 ≤ γ_6, <β_1>^γ_2 ≤ <β_6>^γ_6,
             δ_4 ≤ δ_3, γ_6 ⋢ δ_3, γ_6 ⋢ γ_5, γ_6 ⋢ β_1,
             γ_6 ⋢ β_3, γ_6 ⋢ β_4, γ_6 ⋢ γ_1, γ_6 ⋢ γ_2,
             γ_6 ⋢ γ_3, γ_6 ⋢ γ_4, γ_6 ⋢ δ_2] Substitution: 
 [] Constraint Graph: Assumptions:  Constraints: {}
2026-01-13 00:04:49.876 INFO : [Infer.ConstraintGraph.occurs_check] Occurs check: {{β_0}} (= {v| v ~ β_0} ) ⊄ FV(β_1 -> β_2) === false
2026-01-13 00:04:49.876 INFO : [Infer.csolve] U-RVar (Level1)
2026-01-13 00:04:49.876 INFO : [Substitution.Subst.refresh_and_gen_subst] {β_0}, β_1 -> β_2 ===> [β_8 -> β_7/β_0]
2026-01-13 00:04:49.877 INFO : [Infer.ConstraintGraph.elim_sim] Eliminating variable: β_0
2026-01-13 00:04:49.877 INFO : [Infer.csolve] Constraints: [β_1 -> β_2 ≤ β_8 -> β_7, γ_1 ≤ γ_0,
             δ_1 ≤ [<β_8 -> β_7>^γ_0, δ_0], γ_1 ≤ γ_2,
             <β_3>^γ_4 ≤ <β_2>^γ_2, [<β_4>^γ_3, δ_2] ≤ δ_1,
             γ_2 ⋢ δ_1, γ_2 ⋢ γ_1,
             <β_5 -> β_6>^γ_5 ≤ <β_4>^γ_3, δ_3 ≤ δ_2,
             γ_3 ≤ γ_4, γ_5 ≤ γ_6, <β_1>^γ_2 ≤ <β_6>^γ_6,
             δ_4 ≤ δ_3, γ_6 ⋢ δ_3, γ_6 ⋢ γ_5, γ_6 ⋢ β_1,
             γ_6 ⋢ β_3, γ_6 ⋢ β_4, γ_6 ⋢ γ_1, γ_6 ⋢ γ_2,
             γ_6 ⋢ γ_3, γ_6 ⋢ γ_4, γ_6 ⋢ δ_2]
 Substitution: [β_8 -> β_7/β_0]
 Constraint Graph: Assumptions:  Constraints: {}
2026-01-13 00:04:49.877 INFO : [Infer.csolve] U-T1Arrow
2026-01-13 00:04:49.877 INFO : [Infer.csolve] Constraints: [β_8 ≤ β_1, β_2 ≤ β_7, γ_1 ≤ γ_0,
             δ_1 ≤ [<β_8 -> β_7>^γ_0, δ_0], γ_1 ≤ γ_2,
             <β_3>^γ_4 ≤ <β_2>^γ_2, [<β_4>^γ_3, δ_2] ≤ δ_1,
             γ_2 ⋢ δ_1, γ_2 ⋢ γ_1,
             <β_5 -> β_6>^γ_5 ≤ <β_4>^γ_3, δ_3 ≤ δ_2,
             γ_3 ≤ γ_4, γ_5 ≤ γ_6, <β_1>^γ_2 ≤ <β_6>^γ_6,
             δ_4 ≤ δ_3, γ_6 ⋢ δ_3, γ_6 ⋢ γ_5, γ_6 ⋢ β_1,
             γ_6 ⋢ β_3, γ_6 ⋢ β_4, γ_6 ⋢ γ_1, γ_6 ⋢ γ_2,
             γ_6 ⋢ γ_3, γ_6 ⋢ γ_4, γ_6 ⋢ δ_2]
 Substitution: [β_8 -> β_7/β_0]
 Constraint Graph: Assumptions:  Constraints: {}
2026-01-13 00:04:49.877 INFO : [Infer.csolve] U-Var (Level1)
2026-01-13 00:04:49.877 INFO : [Infer.ConstraintGraph.Elem.prod] {β_8}, {β_1} ===> [β_8 ≤ β_1]
2026-01-13 00:04:49.877 INFO : [Infer.ConstraintGraph.add] Adding β_8 <= β_1: result = Assumptions:  Constraints: {β_8 ≤ β_1}
2026-01-13 00:04:49.877 INFO : [Infer.csolve] Constraints: [β_2 ≤ β_7, γ_1 ≤ γ_0,
             δ_1 ≤ [<β_8 -> β_7>^γ_0, δ_0], γ_1 ≤ γ_2,
             <β_3>^γ_4 ≤ <β_2>^γ_2, [<β_4>^γ_3, δ_2] ≤ δ_1,
             γ_2 ⋢ δ_1, γ_2 ⋢ γ_1,
             <β_5 -> β_6>^γ_5 ≤ <β_4>^γ_3, δ_3 ≤ δ_2,
             γ_3 ≤ γ_4, γ_5 ≤ γ_6, <β_1>^γ_2 ≤ <β_6>^γ_6,
             δ_4 ≤ δ_3, γ_6 ⋢ δ_3, γ_6 ⋢ γ_5, γ_6 ⋢ β_1,
             γ_6 ⋢ β_3, γ_6 ⋢ β_4, γ_6 ⋢ γ_1, γ_6 ⋢ γ_2,
             γ_6 ⋢ γ_3, γ_6 ⋢ γ_4, γ_6 ⋢ δ_2]
 Substitution: [β_8 -> β_7/β_0]
 Constraint Graph: Assumptions:  Constraints: {β_8 ≤ β_1}
2026-01-13 00:04:49.877 INFO : [Infer.csolve] U-Var (Level1)
2026-01-13 00:04:49.877 INFO : [Infer.ConstraintGraph.Elem.prod] {β_2}, {β_7} ===> [β_2 ≤ β_7]
2026-01-13 00:04:49.877 INFO : [Infer.ConstraintGraph.add] Adding β_2 <= β_7: result = Assumptions:  Constraints: {β_2 ≤ β_7, β_8 ≤ β_1}
2026-01-13 00:04:49.877 INFO : [Infer.csolve] Constraints: [γ_1 ≤ γ_0, δ_1 ≤ [<β_8 -> β_7>^γ_0, δ_0],
             γ_1 ≤ γ_2, <β_3>^γ_4 ≤ <β_2>^γ_2,
             [<β_4>^γ_3, δ_2] ≤ δ_1, γ_2 ⋢ δ_1, γ_2 ⋢ γ_1,
             <β_5 -> β_6>^γ_5 ≤ <β_4>^γ_3, δ_3 ≤ δ_2,
             γ_3 ≤ γ_4, γ_5 ≤ γ_6, <β_1>^γ_2 ≤ <β_6>^γ_6,
             δ_4 ≤ δ_3, γ_6 ⋢ δ_3, γ_6 ⋢ γ_5, γ_6 ⋢ β_1,
             γ_6 ⋢ β_3, γ_6 ⋢ β_4, γ_6 ⋢ γ_1, γ_6 ⋢ γ_2,
             γ_6 ⋢ γ_3, γ_6 ⋢ γ_4, γ_6 ⋢ δ_2]
 Substitution: [β_8 -> β_7/β_0]
 Constraint Graph: Assumptions:  Constraints: {β_2 ≤ β_7, β_8 ≤ β_1}
2026-01-13 00:04:49.877 INFO : [Infer.csolve] U-Clas
2026-01-13 00:04:49.877 INFO : [Infer.ConstraintGraph.Elem.prod] {γ_1}, {γ_0} ===> [γ_1 ≤ γ_0]
2026-01-13 00:04:49.877 INFO : [Infer.ConstraintGraph.add] Adding γ_1 <= γ_0: result = Assumptions:  Constraints: {β_2 ≤ β_7, β_8 ≤ β_1, γ_1 ≤ γ_0}
2026-01-13 00:04:49.877 INFO : [Infer.csolve] Constraints: [δ_1 ≤ [<β_8 -> β_7>^γ_0, δ_0], γ_1 ≤ γ_2,
             <β_3>^γ_4 ≤ <β_2>^γ_2, [<β_4>^γ_3, δ_2] ≤ δ_1,
             γ_2 ⋢ δ_1, γ_2 ⋢ γ_1,
             <β_5 -> β_6>^γ_5 ≤ <β_4>^γ_3, δ_3 ≤ δ_2,
             γ_3 ≤ γ_4, γ_5 ≤ γ_6, <β_1>^γ_2 ≤ <β_6>^γ_6,
             δ_4 ≤ δ_3, γ_6 ⋢ δ_3, γ_6 ⋢ γ_5, γ_6 ⋢ β_1,
             γ_6 ⋢ β_3, γ_6 ⋢ β_4, γ_6 ⋢ γ_1, γ_6 ⋢ γ_2,
             γ_6 ⋢ γ_3, γ_6 ⋢ γ_4, γ_6 ⋢ δ_2]
 Substitution: [β_8 -> β_7/β_0]
 Constraint Graph: Assumptions: 
                    Constraints: {β_2 ≤ β_7, β_8 ≤ β_1,
                                  γ_1 ≤ γ_0}
2026-01-13 00:04:49.877 INFO : [Infer.ConstraintGraph.occurs_check] Occurs check: {{δ_1}} (= {v| v ~ δ_1} ) ⊄ FV([<β_8 -> β_7>^γ_0, δ_0]) === false
2026-01-13 00:04:49.877 INFO : [Infer.csolve] U-LVar (Annotation)
2026-01-13 00:04:49.877 INFO : [Substitution.Subst.refresh_and_gen_subst] {δ_1}, [<β_8 -> β_7>^γ_0, δ_0] ===> [[<β_10 -> β_9>^γ_7, δ_5]/δ_1]
2026-01-13 00:04:49.877 INFO : [Infer.ConstraintGraph.elim_sim] Eliminating variable: δ_1
2026-01-13 00:04:49.877 INFO : [Infer.csolve] Constraints: [[<β_10 -> β_9>^γ_7, δ_5] ≤ [<β_8 -> β_7>^γ_0, δ_0],
             γ_1 ≤ γ_2, <β_3>^γ_4 ≤ <β_2>^γ_2,
             [<β_4>^γ_3, δ_2] ≤ [<β_10 -> β_9>^γ_7, δ_5],
             γ_2 ⋢ [<β_10 -> β_9>^γ_7, δ_5], γ_2 ⋢ γ_1,
             <β_5 -> β_6>^γ_5 ≤ <β_4>^γ_3, δ_3 ≤ δ_2,
             γ_3 ≤ γ_4, γ_5 ≤ γ_6, <β_1>^γ_2 ≤ <β_6>^γ_6,
             δ_4 ≤ δ_3, γ_6 ⋢ δ_3, γ_6 ⋢ γ_5, γ_6 ⋢ β_1,
             γ_6 ⋢ β_3, γ_6 ⋢ β_4, γ_6 ⋢ γ_1, γ_6 ⋢ γ_2,
             γ_6 ⋢ γ_3, γ_6 ⋢ γ_4, γ_6 ⋢ δ_2]
 Substitution: [[<β_10 -> β_9>^γ_7, δ_5]/δ_1, β_8 -> β_7/β_0]
 Constraint Graph: Assumptions: 
                    Constraints: {β_2 ≤ β_7, β_8 ≤ β_1,
                                  γ_1 ≤ γ_0}
2026-01-13 00:04:49.877 INFO : [Infer.csolve] AnnSeq
2026-01-13 00:04:49.877 INFO : [Infer.csolve] Constraints: [<β_10 -> β_9>^γ_7 ≤ <β_8 -> β_7>^γ_0, δ_5 ≤ δ_0,
             γ_1 ≤ γ_2, <β_3>^γ_4 ≤ <β_2>^γ_2,
             [<β_4>^γ_3, δ_2] ≤ [<β_10 -> β_9>^γ_7, δ_5],
             γ_2 ⋢ [<β_10 -> β_9>^γ_7, δ_5], γ_2 ⋢ γ_1,
             <β_5 -> β_6>^γ_5 ≤ <β_4>^γ_3, δ_3 ≤ δ_2,
             γ_3 ≤ γ_4, γ_5 ≤ γ_6, <β_1>^γ_2 ≤ <β_6>^γ_6,
             δ_4 ≤ δ_3, γ_6 ⋢ δ_3, γ_6 ⋢ γ_5, γ_6 ⋢ β_1,
             γ_6 ⋢ β_3, γ_6 ⋢ β_4, γ_6 ⋢ γ_1, γ_6 ⋢ γ_2,
             γ_6 ⋢ γ_3, γ_6 ⋢ γ_4, γ_6 ⋢ δ_2]
 Substitution: [[<β_10 -> β_9>^γ_7, δ_5]/δ_1, β_8 -> β_7/β_0]
 Constraint Graph: Assumptions: 
                    Constraints: {β_2 ≤ β_7, β_8 ≤ β_1,
                                  γ_1 ≤ γ_0}
2026-01-13 00:04:49.877 INFO : [Infer.csolve] U-TCode
2026-01-13 00:04:49.877 INFO : [Infer.csolve] Constraints: [β_10 -> β_9 ≤ β_8 -> β_7, γ_7 ≤ γ_0, δ_5 ≤ δ_0,
             γ_1 ≤ γ_2, <β_3>^γ_4 ≤ <β_2>^γ_2,
             [<β_4>^γ_3, δ_2] ≤ [<β_10 -> β_9>^γ_7, δ_5],
             γ_2 ⋢ [<β_10 -> β_9>^γ_7, δ_5], γ_2 ⋢ γ_1,
             <β_5 -> β_6>^γ_5 ≤ <β_4>^γ_3, δ_3 ≤ δ_2,
             γ_3 ≤ γ_4, γ_5 ≤ γ_6, <β_1>^γ_2 ≤ <β_6>^γ_6,
             δ_4 ≤ δ_3, γ_6 ⋢ δ_3, γ_6 ⋢ γ_5, γ_6 ⋢ β_1,
             γ_6 ⋢ β_3, γ_6 ⋢ β_4, γ_6 ⋢ γ_1, γ_6 ⋢ γ_2,
             γ_6 ⋢ γ_3, γ_6 ⋢ γ_4, γ_6 ⋢ δ_2]
 Substitution: [[<β_10 -> β_9>^γ_7, δ_5]/δ_1, β_8 -> β_7/β_0]
 Constraint Graph: Assumptions: 
                    Constraints: {β_2 ≤ β_7, β_8 ≤ β_1,
                                  γ_1 ≤ γ_0}
2026-01-13 00:04:49.877 INFO : [Infer.csolve] U-T1Arrow
2026-01-13 00:04:49.877 INFO : [Infer.csolve] Constraints: [β_8 ≤ β_10, β_9 ≤ β_7, γ_7 ≤ γ_0, δ_5 ≤ δ_0,
             γ_1 ≤ γ_2, <β_3>^γ_4 ≤ <β_2>^γ_2,
             [<β_4>^γ_3, δ_2] ≤ [<β_10 -> β_9>^γ_7, δ_5],
             γ_2 ⋢ [<β_10 -> β_9>^γ_7, δ_5], γ_2 ⋢ γ_1,
             <β_5 -> β_6>^γ_5 ≤ <β_4>^γ_3, δ_3 ≤ δ_2,
             γ_3 ≤ γ_4, γ_5 ≤ γ_6, <β_1>^γ_2 ≤ <β_6>^γ_6,
             δ_4 ≤ δ_3, γ_6 ⋢ δ_3, γ_6 ⋢ γ_5, γ_6 ⋢ β_1,
             γ_6 ⋢ β_3, γ_6 ⋢ β_4, γ_6 ⋢ γ_1, γ_6 ⋢ γ_2,
             γ_6 ⋢ γ_3, γ_6 ⋢ γ_4, γ_6 ⋢ δ_2]
 Substitution: [[<β_10 -> β_9>^γ_7, δ_5]/δ_1, β_8 -> β_7/β_0]
 Constraint Graph: Assumptions: 
                    Constraints: {β_2 ≤ β_7, β_8 ≤ β_1,
                                  γ_1 ≤ γ_0}
2026-01-13 00:04:49.877 INFO : [Infer.csolve] U-Var (Level1)
2026-01-13 00:04:49.877 INFO : [Infer.ConstraintGraph.Elem.prod] {β_8}, {β_10} ===> [β_8 ≤ β_10]
2026-01-13 00:04:49.877 INFO : [Infer.ConstraintGraph.add] Adding β_8 <= β_10: result = Assumptions: 
 Constraints: {β_2 ≤ β_7, β_8 ≤ β_1, β_8 ≤ β_10, γ_1 ≤ γ_0}
2026-01-13 00:04:49.878 INFO : [Infer.csolve] Constraints: [β_9 ≤ β_7, γ_7 ≤ γ_0, δ_5 ≤ δ_0, γ_1 ≤ γ_2,
             <β_3>^γ_4 ≤ <β_2>^γ_2,
             [<β_4>^γ_3, δ_2] ≤ [<β_10 -> β_9>^γ_7, δ_5],
             γ_2 ⋢ [<β_10 -> β_9>^γ_7, δ_5], γ_2 ⋢ γ_1,
             <β_5 -> β_6>^γ_5 ≤ <β_4>^γ_3, δ_3 ≤ δ_2,
             γ_3 ≤ γ_4, γ_5 ≤ γ_6, <β_1>^γ_2 ≤ <β_6>^γ_6,
             δ_4 ≤ δ_3, γ_6 ⋢ δ_3, γ_6 ⋢ γ_5, γ_6 ⋢ β_1,
             γ_6 ⋢ β_3, γ_6 ⋢ β_4, γ_6 ⋢ γ_1, γ_6 ⋢ γ_2,
             γ_6 ⋢ γ_3, γ_6 ⋢ γ_4, γ_6 ⋢ δ_2]
 Substitution: [[<β_10 -> β_9>^γ_7, δ_5]/δ_1, β_8 -> β_7/β_0]
 Constraint Graph: Assumptions: 
                    Constraints: {β_2 ≤ β_7, β_8 ≤ β_1,
                                  β_8 ≤ β_10, γ_1 ≤ γ_0}
2026-01-13 00:04:49.878 INFO : [Infer.csolve] U-Var (Level1)
2026-01-13 00:04:49.878 INFO : [Infer.ConstraintGraph.Elem.prod] {β_9}, {β_7} ===> [β_9 ≤ β_7]
2026-01-13 00:04:49.878 INFO : [Infer.ConstraintGraph.add] Adding β_9 <= β_7: result = Assumptions: 
 Constraints: {β_2 ≤ β_7, β_8 ≤ β_1, β_8 ≤ β_10, β_9 ≤ β_7,
               γ_1 ≤ γ_0}
2026-01-13 00:04:49.878 INFO : [Infer.csolve] Constraints: [γ_7 ≤ γ_0, δ_5 ≤ δ_0, γ_1 ≤ γ_2,
             <β_3>^γ_4 ≤ <β_2>^γ_2,
             [<β_4>^γ_3, δ_2] ≤ [<β_10 -> β_9>^γ_7, δ_5],
             γ_2 ⋢ [<β_10 -> β_9>^γ_7, δ_5], γ_2 ⋢ γ_1,
             <β_5 -> β_6>^γ_5 ≤ <β_4>^γ_3, δ_3 ≤ δ_2,
             γ_3 ≤ γ_4, γ_5 ≤ γ_6, <β_1>^γ_2 ≤ <β_6>^γ_6,
             δ_4 ≤ δ_3, γ_6 ⋢ δ_3, γ_6 ⋢ γ_5, γ_6 ⋢ β_1,
             γ_6 ⋢ β_3, γ_6 ⋢ β_4, γ_6 ⋢ γ_1, γ_6 ⋢ γ_2,
             γ_6 ⋢ γ_3, γ_6 ⋢ γ_4, γ_6 ⋢ δ_2]
 Substitution: [[<β_10 -> β_9>^γ_7, δ_5]/δ_1, β_8 -> β_7/β_0]
 Constraint Graph: Assumptions: 
                    Constraints: {β_2 ≤ β_7, β_8 ≤ β_1,
                                  β_8 ≤ β_10, β_9 ≤ β_7,
                                  γ_1 ≤ γ_0}
2026-01-13 00:04:49.878 INFO : [Infer.csolve] U-Clas
2026-01-13 00:04:49.878 INFO : [Infer.ConstraintGraph.Elem.prod] {γ_7}, {γ_0} ===> [γ_7 ≤ γ_0]
2026-01-13 00:04:49.878 INFO : [Infer.ConstraintGraph.add] Adding γ_7 <= γ_0: result = Assumptions: 
 Constraints: {β_2 ≤ β_7, β_8 ≤ β_1, β_8 ≤ β_10, β_9 ≤ β_7,
               γ_1 ≤ γ_0, γ_7 ≤ γ_0}
2026-01-13 00:04:49.878 INFO : [Infer.csolve] Constraints: [δ_5 ≤ δ_0, γ_1 ≤ γ_2, <β_3>^γ_4 ≤ <β_2>^γ_2,
             [<β_4>^γ_3, δ_2] ≤ [<β_10 -> β_9>^γ_7, δ_5],
             γ_2 ⋢ [<β_10 -> β_9>^γ_7, δ_5], γ_2 ⋢ γ_1,
             <β_5 -> β_6>^γ_5 ≤ <β_4>^γ_3, δ_3 ≤ δ_2,
             γ_3 ≤ γ_4, γ_5 ≤ γ_6, <β_1>^γ_2 ≤ <β_6>^γ_6,
             δ_4 ≤ δ_3, γ_6 ⋢ δ_3, γ_6 ⋢ γ_5, γ_6 ⋢ β_1,
             γ_6 ⋢ β_3, γ_6 ⋢ β_4, γ_6 ⋢ γ_1, γ_6 ⋢ γ_2,
             γ_6 ⋢ γ_3, γ_6 ⋢ γ_4, γ_6 ⋢ δ_2]
 Substitution: [[<β_10 -> β_9>^γ_7, δ_5]/δ_1, β_8 -> β_7/β_0]
 Constraint Graph: Assumptions: 
                    Constraints: {β_2 ≤ β_7, β_8 ≤ β_1,
                                  β_8 ≤ β_10, β_9 ≤ β_7,
                                  γ_1 ≤ γ_0, γ_7 ≤ γ_0}
2026-01-13 00:04:49.878 INFO : [Infer.csolve] U-Var (Annotation)
2026-01-13 00:04:49.878 INFO : [Infer.ConstraintGraph.Elem.prod] {δ_5}, {δ_0} ===> [δ_5 ≤ δ_0]
2026-01-13 00:04:49.878 INFO : [Infer.ConstraintGraph.add] Adding δ_5 <= δ_0: result = Assumptions: 
 Constraints: {β_2 ≤ β_7, β_8 ≤ β_1, β_8 ≤ β_10, β_9 ≤ β_7,
               γ_1 ≤ γ_0, γ_7 ≤ γ_0, δ_5 ≤ δ_0}
2026-01-13 00:04:49.878 INFO : [Infer.csolve] Constraints: [γ_1 ≤ γ_2, <β_3>^γ_4 ≤ <β_2>^γ_2,
             [<β_4>^γ_3, δ_2] ≤ [<β_10 -> β_9>^γ_7, δ_5],
             γ_2 ⋢ [<β_10 -> β_9>^γ_7, δ_5], γ_2 ⋢ γ_1,
             <β_5 -> β_6>^γ_5 ≤ <β_4>^γ_3, δ_3 ≤ δ_2,
             γ_3 ≤ γ_4, γ_5 ≤ γ_6, <β_1>^γ_2 ≤ <β_6>^γ_6,
             δ_4 ≤ δ_3, γ_6 ⋢ δ_3, γ_6 ⋢ γ_5, γ_6 ⋢ β_1,
             γ_6 ⋢ β_3, γ_6 ⋢ β_4, γ_6 ⋢ γ_1, γ_6 ⋢ γ_2,
             γ_6 ⋢ γ_3, γ_6 ⋢ γ_4, γ_6 ⋢ δ_2]
 Substitution: [[<β_10 -> β_9>^γ_7, δ_5]/δ_1, β_8 -> β_7/β_0]
 Constraint Graph: Assumptions: 
                    Constraints: {β_2 ≤ β_7, β_8 ≤ β_1,
                                  β_8 ≤ β_10, β_9 ≤ β_7,
                                  γ_1 ≤ γ_0, γ_7 ≤ γ_0,
                                  δ_5 ≤ δ_0}
2026-01-13 00:04:49.878 INFO : [Infer.csolve] U-Clas
2026-01-13 00:04:49.878 INFO : [Infer.ConstraintGraph.Elem.prod] {γ_1}, {γ_2} ===> [γ_1 ≤ γ_2]
2026-01-13 00:04:49.878 INFO : [Infer.ConstraintGraph.add] Adding γ_1 <= γ_2: result = Assumptions: 
 Constraints: {β_2 ≤ β_7, β_8 ≤ β_1, β_8 ≤ β_10, β_9 ≤ β_7,
               γ_1 ≤ γ_0, γ_1 ≤ γ_2, γ_7 ≤ γ_0, δ_5 ≤ δ_0}
2026-01-13 00:04:49.878 INFO : [Infer.csolve] Constraints: [<β_3>^γ_4 ≤ <β_2>^γ_2,
             [<β_4>^γ_3, δ_2] ≤ [<β_10 -> β_9>^γ_7, δ_5],
             γ_2 ⋢ [<β_10 -> β_9>^γ_7, δ_5], γ_2 ⋢ γ_1,
             <β_5 -> β_6>^γ_5 ≤ <β_4>^γ_3, δ_3 ≤ δ_2,
             γ_3 ≤ γ_4, γ_5 ≤ γ_6, <β_1>^γ_2 ≤ <β_6>^γ_6,
             δ_4 ≤ δ_3, γ_6 ⋢ δ_3, γ_6 ⋢ γ_5, γ_6 ⋢ β_1,
             γ_6 ⋢ β_3, γ_6 ⋢ β_4, γ_6 ⋢ γ_1, γ_6 ⋢ γ_2,
             γ_6 ⋢ γ_3, γ_6 ⋢ γ_4, γ_6 ⋢ δ_2]
 Substitution: [[<β_10 -> β_9>^γ_7, δ_5]/δ_1, β_8 -> β_7/β_0]
 Constraint Graph: Assumptions: 
                    Constraints: {β_2 ≤ β_7, β_8 ≤ β_1,
                                  β_8 ≤ β_10, β_9 ≤ β_7,
                                  γ_1 ≤ γ_0, γ_1 ≤ γ_2,
                                  γ_7 ≤ γ_0, δ_5 ≤ δ_0}
2026-01-13 00:04:49.878 INFO : [Infer.csolve] U-TCode
2026-01-13 00:04:49.878 INFO : [Infer.csolve] Constraints: [β_3 ≤ β_2, γ_4 ≤ γ_2,
             [<β_4>^γ_3, δ_2] ≤ [<β_10 -> β_9>^γ_7, δ_5],
             γ_2 ⋢ [<β_10 -> β_9>^γ_7, δ_5], γ_2 ⋢ γ_1,
             <β_5 -> β_6>^γ_5 ≤ <β_4>^γ_3, δ_3 ≤ δ_2,
             γ_3 ≤ γ_4, γ_5 ≤ γ_6, <β_1>^γ_2 ≤ <β_6>^γ_6,
             δ_4 ≤ δ_3, γ_6 ⋢ δ_3, γ_6 ⋢ γ_5, γ_6 ⋢ β_1,
             γ_6 ⋢ β_3, γ_6 ⋢ β_4, γ_6 ⋢ γ_1, γ_6 ⋢ γ_2,
             γ_6 ⋢ γ_3, γ_6 ⋢ γ_4, γ_6 ⋢ δ_2]
 Substitution: [[<β_10 -> β_9>^γ_7, δ_5]/δ_1, β_8 -> β_7/β_0]
 Constraint Graph: Assumptions: 
                    Constraints: {β_2 ≤ β_7, β_8 ≤ β_1,
                                  β_8 ≤ β_10, β_9 ≤ β_7,
                                  γ_1 ≤ γ_0, γ_1 ≤ γ_2,
                                  γ_7 ≤ γ_0, δ_5 ≤ δ_0}
2026-01-13 00:04:49.878 INFO : [Infer.csolve] U-Var (Level1)
2026-01-13 00:04:49.878 INFO : [Infer.ConstraintGraph.Elem.prod] {β_3}, {β_2, β_7} ===> [β_3 ≤ β_2; β_3 ≤ β_7]
2026-01-13 00:04:49.878 INFO : [Infer.ConstraintGraph.add] Adding β_3 <= β_2: result = Assumptions: 
 Constraints: {β_2 ≤ β_7, β_3 ≤ β_2, β_3 ≤ β_7, β_8 ≤ β_1,
               β_8 ≤ β_10, β_9 ≤ β_7, γ_1 ≤ γ_0, γ_1 ≤ γ_2,
               γ_7 ≤ γ_0, δ_5 ≤ δ_0}
2026-01-13 00:04:49.878 INFO : [Infer.csolve] Constraints: [γ_4 ≤ γ_2,
             [<β_4>^γ_3, δ_2] ≤ [<β_10 -> β_9>^γ_7, δ_5],
             γ_2 ⋢ [<β_10 -> β_9>^γ_7, δ_5], γ_2 ⋢ γ_1,
             <β_5 -> β_6>^γ_5 ≤ <β_4>^γ_3, δ_3 ≤ δ_2,
             γ_3 ≤ γ_4, γ_5 ≤ γ_6, <β_1>^γ_2 ≤ <β_6>^γ_6,
             δ_4 ≤ δ_3, γ_6 ⋢ δ_3, γ_6 ⋢ γ_5, γ_6 ⋢ β_1,
             γ_6 ⋢ β_3, γ_6 ⋢ β_4, γ_6 ⋢ γ_1, γ_6 ⋢ γ_2,
             γ_6 ⋢ γ_3, γ_6 ⋢ γ_4, γ_6 ⋢ δ_2]
 Substitution: [[<β_10 -> β_9>^γ_7, δ_5]/δ_1, β_8 -> β_7/β_0]
 Constraint Graph: Assumptions: 
                    Constraints: {β_2 ≤ β_7, β_3 ≤ β_2,
                                  β_3 ≤ β_7, β_8 ≤ β_1,
                                  β_8 ≤ β_10, β_9 ≤ β_7,
                                  γ_1 ≤ γ_0, γ_1 ≤ γ_2,
                                  γ_7 ≤ γ_0, δ_5 ≤ δ_0}
2026-01-13 00:04:49.878 INFO : [Infer.csolve] U-Clas
2026-01-13 00:04:49.878 INFO : [Infer.ConstraintGraph.Elem.prod] {γ_4}, {γ_2} ===> [γ_4 ≤ γ_2]
2026-01-13 00:04:49.878 INFO : [Infer.ConstraintGraph.add] Adding γ_4 <= γ_2: result = Assumptions: 
 Constraints: {β_2 ≤ β_7, β_3 ≤ β_2, β_3 ≤ β_7, β_8 ≤ β_1,
               β_8 ≤ β_10, β_9 ≤ β_7, γ_1 ≤ γ_0, γ_1 ≤ γ_2,
               γ_4 ≤ γ_2, γ_7 ≤ γ_0, δ_5 ≤ δ_0}
2026-01-13 00:04:49.878 INFO : [Infer.csolve] Constraints: [[<β_4>^γ_3, δ_2] ≤ [<β_10 -> β_9>^γ_7, δ_5],
             γ_2 ⋢ [<β_10 -> β_9>^γ_7, δ_5], γ_2 ⋢ γ_1,
             <β_5 -> β_6>^γ_5 ≤ <β_4>^γ_3, δ_3 ≤ δ_2,
             γ_3 ≤ γ_4, γ_5 ≤ γ_6, <β_1>^γ_2 ≤ <β_6>^γ_6,
             δ_4 ≤ δ_3, γ_6 ⋢ δ_3, γ_6 ⋢ γ_5, γ_6 ⋢ β_1,
             γ_6 ⋢ β_3, γ_6 ⋢ β_4, γ_6 ⋢ γ_1, γ_6 ⋢ γ_2,
             γ_6 ⋢ γ_3, γ_6 ⋢ γ_4, γ_6 ⋢ δ_2]
 Substitution: [[<β_10 -> β_9>^γ_7, δ_5]/δ_1, β_8 -> β_7/β_0]
 Constraint Graph: Assumptions: 
                    Constraints: {β_2 ≤ β_7, β_3 ≤ β_2,
                                  β_3 ≤ β_7, β_8 ≤ β_1,
                                  β_8 ≤ β_10, β_9 ≤ β_7,
                                  γ_1 ≤ γ_0, γ_1 ≤ γ_2,
                                  γ_4 ≤ γ_2, γ_7 ≤ γ_0,
                                  δ_5 ≤ δ_0}
2026-01-13 00:04:49.878 INFO : [Infer.csolve] AnnSeq
2026-01-13 00:04:49.878 INFO : [Infer.csolve] Constraints: [<β_4>^γ_3 ≤ <β_10 -> β_9>^γ_7, δ_2 ≤ δ_5,
             γ_2 ⋢ [<β_10 -> β_9>^γ_7, δ_5], γ_2 ⋢ γ_1,
             <β_5 -> β_6>^γ_5 ≤ <β_4>^γ_3, δ_3 ≤ δ_2,
             γ_3 ≤ γ_4, γ_5 ≤ γ_6, <β_1>^γ_2 ≤ <β_6>^γ_6,
             δ_4 ≤ δ_3, γ_6 ⋢ δ_3, γ_6 ⋢ γ_5, γ_6 ⋢ β_1,
             γ_6 ⋢ β_3, γ_6 ⋢ β_4, γ_6 ⋢ γ_1, γ_6 ⋢ γ_2,
             γ_6 ⋢ γ_3, γ_6 ⋢ γ_4, γ_6 ⋢ δ_2]
 Substitution: [[<β_10 -> β_9>^γ_7, δ_5]/δ_1, β_8 -> β_7/β_0]
 Constraint Graph: Assumptions: 
                    Constraints: {β_2 ≤ β_7, β_3 ≤ β_2,
                                  β_3 ≤ β_7, β_8 ≤ β_1,
                                  β_8 ≤ β_10, β_9 ≤ β_7,
                                  γ_1 ≤ γ_0, γ_1 ≤ γ_2,
                                  γ_4 ≤ γ_2, γ_7 ≤ γ_0,
                                  δ_5 ≤ δ_0}
2026-01-13 00:04:49.878 INFO : [Infer.csolve] U-TCode
2026-01-13 00:04:49.878 INFO : [Infer.csolve] Constraints: [β_4 ≤ β_10 -> β_9, γ_3 ≤ γ_7, δ_2 ≤ δ_5,
             γ_2 ⋢ [<β_10 -> β_9>^γ_7, δ_5], γ_2 ⋢ γ_1,
             <β_5 -> β_6>^γ_5 ≤ <β_4>^γ_3, δ_3 ≤ δ_2,
             γ_3 ≤ γ_4, γ_5 ≤ γ_6, <β_1>^γ_2 ≤ <β_6>^γ_6,
             δ_4 ≤ δ_3, γ_6 ⋢ δ_3, γ_6 ⋢ γ_5, γ_6 ⋢ β_1,
             γ_6 ⋢ β_3, γ_6 ⋢ β_4, γ_6 ⋢ γ_1, γ_6 ⋢ γ_2,
             γ_6 ⋢ γ_3, γ_6 ⋢ γ_4, γ_6 ⋢ δ_2]
 Substitution: [[<β_10 -> β_9>^γ_7, δ_5]/δ_1, β_8 -> β_7/β_0]
 Constraint Graph: Assumptions: 
                    Constraints: {β_2 ≤ β_7, β_3 ≤ β_2,
                                  β_3 ≤ β_7, β_8 ≤ β_1,
                                  β_8 ≤ β_10, β_9 ≤ β_7,
                                  γ_1 ≤ γ_0, γ_1 ≤ γ_2,
                                  γ_4 ≤ γ_2, γ_7 ≤ γ_0,
                                  δ_5 ≤ δ_0}
2026-01-13 00:04:49.878 INFO : [Infer.ConstraintGraph.occurs_check] Occurs check: {{β_4}} (= {v| v ~ β_4} ) ⊄ FV(β_10 -> β_9) === false
2026-01-13 00:04:49.878 INFO : [Infer.csolve] U-LVar (Level1)
2026-01-13 00:04:49.878 INFO : [Substitution.Subst.refresh_and_gen_subst] {β_4}, β_10 -> β_9 ===> [β_12 -> β_11/β_4]
2026-01-13 00:04:49.878 INFO : [Infer.ConstraintGraph.elim_sim] Eliminating variable: β_4
2026-01-13 00:04:49.878 INFO : [Infer.csolve] Constraints: [β_12 -> β_11 ≤ β_10 -> β_9, γ_3 ≤ γ_7, δ_2 ≤ δ_5,
             γ_2 ⋢ [<β_10 -> β_9>^γ_7, δ_5], γ_2 ⋢ γ_1,
             <β_5 -> β_6>^γ_5 ≤ <β_12 -> β_11>^γ_3, δ_3 ≤ δ_2,
             γ_3 ≤ γ_4, γ_5 ≤ γ_6, <β_1>^γ_2 ≤ <β_6>^γ_6,
             δ_4 ≤ δ_3, γ_6 ⋢ δ_3, γ_6 ⋢ γ_5, γ_6 ⋢ β_1,
             γ_6 ⋢ β_3, γ_6 ⋢ β_12 -> β_11, γ_6 ⋢ γ_1,
             γ_6 ⋢ γ_2, γ_6 ⋢ γ_3, γ_6 ⋢ γ_4, γ_6 ⋢ δ_2]
 Substitution: [β_12 -> β_11/β_4, [<β_10 -> β_9>^γ_7, δ_5]/δ_1,
               β_8 -> β_7/β_0]
 Constraint Graph: Assumptions: 
                    Constraints: {β_2 ≤ β_7, β_3 ≤ β_2,
                                  β_3 ≤ β_7, β_8 ≤ β_1,
                                  β_8 ≤ β_10, β_9 ≤ β_7,
                                  γ_1 ≤ γ_0, γ_1 ≤ γ_2,
                                  γ_4 ≤ γ_2, γ_7 ≤ γ_0,
                                  δ_5 ≤ δ_0}
2026-01-13 00:04:49.878 INFO : [Infer.csolve] U-T1Arrow
2026-01-13 00:04:49.878 INFO : [Infer.csolve] Constraints: [β_10 ≤ β_12, β_11 ≤ β_9, γ_3 ≤ γ_7, δ_2 ≤ δ_5,
             γ_2 ⋢ [<β_10 -> β_9>^γ_7, δ_5], γ_2 ⋢ γ_1,
             <β_5 -> β_6>^γ_5 ≤ <β_12 -> β_11>^γ_3, δ_3 ≤ δ_2,
             γ_3 ≤ γ_4, γ_5 ≤ γ_6, <β_1>^γ_2 ≤ <β_6>^γ_6,
             δ_4 ≤ δ_3, γ_6 ⋢ δ_3, γ_6 ⋢ γ_5, γ_6 ⋢ β_1,
             γ_6 ⋢ β_3, γ_6 ⋢ β_12 -> β_11, γ_6 ⋢ γ_1,
             γ_6 ⋢ γ_2, γ_6 ⋢ γ_3, γ_6 ⋢ γ_4, γ_6 ⋢ δ_2]
 Substitution: [β_12 -> β_11/β_4, [<β_10 -> β_9>^γ_7, δ_5]/δ_1,
               β_8 -> β_7/β_0]
 Constraint Graph: Assumptions: 
                    Constraints: {β_2 ≤ β_7, β_3 ≤ β_2,
                                  β_3 ≤ β_7, β_8 ≤ β_1,
                                  β_8 ≤ β_10, β_9 ≤ β_7,
                                  γ_1 ≤ γ_0, γ_1 ≤ γ_2,
                                  γ_4 ≤ γ_2, γ_7 ≤ γ_0,
                                  δ_5 ≤ δ_0}
2026-01-13 00:04:49.878 INFO : [Infer.csolve] U-Var (Level1)
2026-01-13 00:04:49.878 INFO : [Infer.ConstraintGraph.Elem.prod] {β_8, β_10}, {β_12} ===> [β_8 ≤ β_12; β_10 ≤ β_12]
2026-01-13 00:04:49.878 INFO : [Infer.ConstraintGraph.add] Adding β_10 <= β_12: result = Assumptions: 
 Constraints: {β_2 ≤ β_7, β_3 ≤ β_2, β_3 ≤ β_7, β_8 ≤ β_1,
               β_8 ≤ β_10, β_8 ≤ β_12, β_9 ≤ β_7,
               β_10 ≤ β_12, γ_1 ≤ γ_0, γ_1 ≤ γ_2, γ_4 ≤ γ_2,
               γ_7 ≤ γ_0, δ_5 ≤ δ_0}
2026-01-13 00:04:49.878 INFO : [Infer.csolve] Constraints: [β_11 ≤ β_9, γ_3 ≤ γ_7, δ_2 ≤ δ_5,
             γ_2 ⋢ [<β_10 -> β_9>^γ_7, δ_5], γ_2 ⋢ γ_1,
             <β_5 -> β_6>^γ_5 ≤ <β_12 -> β_11>^γ_3, δ_3 ≤ δ_2,
             γ_3 ≤ γ_4, γ_5 ≤ γ_6, <β_1>^γ_2 ≤ <β_6>^γ_6,
             δ_4 ≤ δ_3, γ_6 ⋢ δ_3, γ_6 ⋢ γ_5, γ_6 ⋢ β_1,
             γ_6 ⋢ β_3, γ_6 ⋢ β_12 -> β_11, γ_6 ⋢ γ_1,
             γ_6 ⋢ γ_2, γ_6 ⋢ γ_3, γ_6 ⋢ γ_4, γ_6 ⋢ δ_2]
 Substitution: [β_12 -> β_11/β_4, [<β_10 -> β_9>^γ_7, δ_5]/δ_1,
               β_8 -> β_7/β_0]
 Constraint Graph: Assumptions: 
                    Constraints: {β_2 ≤ β_7, β_3 ≤ β_2,
                                  β_3 ≤ β_7, β_8 ≤ β_1,
                                  β_8 ≤ β_10, β_8 ≤ β_12,
                                  β_9 ≤ β_7, β_10 ≤ β_12,
                                  γ_1 ≤ γ_0, γ_1 ≤ γ_2,
                                  γ_4 ≤ γ_2, γ_7 ≤ γ_0,
                                  δ_5 ≤ δ_0}
2026-01-13 00:04:49.878 INFO : [Infer.csolve] U-Var (Level1)
2026-01-13 00:04:49.878 INFO : [Infer.ConstraintGraph.Elem.prod] {β_11}, {β_7, β_9} ===> [β_11 ≤ β_7; β_11 ≤ β_9]
2026-01-13 00:04:49.878 INFO : [Infer.ConstraintGraph.add] Adding β_11 <= β_9: result = Assumptions: 
 Constraints: {β_2 ≤ β_7, β_3 ≤ β_2, β_3 ≤ β_7, β_8 ≤ β_1,
               β_8 ≤ β_10, β_8 ≤ β_12, β_9 ≤ β_7,
               β_10 ≤ β_12, β_11 ≤ β_7, β_11 ≤ β_9,
               γ_1 ≤ γ_0, γ_1 ≤ γ_2, γ_4 ≤ γ_2, γ_7 ≤ γ_0,
               δ_5 ≤ δ_0}
2026-01-13 00:04:49.878 INFO : [Infer.csolve] Constraints: [γ_3 ≤ γ_7, δ_2 ≤ δ_5,
             γ_2 ⋢ [<β_10 -> β_9>^γ_7, δ_5], γ_2 ⋢ γ_1,
             <β_5 -> β_6>^γ_5 ≤ <β_12 -> β_11>^γ_3, δ_3 ≤ δ_2,
             γ_3 ≤ γ_4, γ_5 ≤ γ_6, <β_1>^γ_2 ≤ <β_6>^γ_6,
             δ_4 ≤ δ_3, γ_6 ⋢ δ_3, γ_6 ⋢ γ_5, γ_6 ⋢ β_1,
             γ_6 ⋢ β_3, γ_6 ⋢ β_12 -> β_11, γ_6 ⋢ γ_1,
             γ_6 ⋢ γ_2, γ_6 ⋢ γ_3, γ_6 ⋢ γ_4, γ_6 ⋢ δ_2]
 Substitution: [β_12 -> β_11/β_4, [<β_10 -> β_9>^γ_7, δ_5]/δ_1,
               β_8 -> β_7/β_0]
 Constraint Graph: Assumptions: 
                    Constraints: {β_2 ≤ β_7, β_3 ≤ β_2,
                                  β_3 ≤ β_7, β_8 ≤ β_1,
                                  β_8 ≤ β_10, β_8 ≤ β_12,
                                  β_9 ≤ β_7, β_10 ≤ β_12,
                                  β_11 ≤ β_7, β_11 ≤ β_9,
                                  γ_1 ≤ γ_0, γ_1 ≤ γ_2,
                                  γ_4 ≤ γ_2, γ_7 ≤ γ_0,
                                  δ_5 ≤ δ_0}
2026-01-13 00:04:49.878 INFO : [Infer.csolve] U-Clas
2026-01-13 00:04:49.878 INFO : [Infer.ConstraintGraph.Elem.prod] {γ_3}, {γ_0, γ_7} ===> [γ_3 ≤ γ_0; γ_3 ≤ γ_7]
2026-01-13 00:04:49.878 INFO : [Infer.ConstraintGraph.add] Adding γ_3 <= γ_7: result = Assumptions: 
 Constraints: {β_2 ≤ β_7, β_3 ≤ β_2, β_3 ≤ β_7, β_8 ≤ β_1,
               β_8 ≤ β_10, β_8 ≤ β_12, β_9 ≤ β_7,
               β_10 ≤ β_12, β_11 ≤ β_7, β_11 ≤ β_9,
               γ_1 ≤ γ_0, γ_1 ≤ γ_2, γ_3 ≤ γ_0, γ_3 ≤ γ_7,
               γ_4 ≤ γ_2, γ_7 ≤ γ_0, δ_5 ≤ δ_0}
2026-01-13 00:04:49.878 INFO : [Infer.csolve] Constraints: [δ_2 ≤ δ_5, γ_2 ⋢ [<β_10 -> β_9>^γ_7, δ_5],
             γ_2 ⋢ γ_1, <β_5 -> β_6>^γ_5 ≤ <β_12 -> β_11>^γ_3,
             δ_3 ≤ δ_2, γ_3 ≤ γ_4, γ_5 ≤ γ_6,
             <β_1>^γ_2 ≤ <β_6>^γ_6, δ_4 ≤ δ_3, γ_6 ⋢ δ_3,
             γ_6 ⋢ γ_5, γ_6 ⋢ β_1, γ_6 ⋢ β_3,
             γ_6 ⋢ β_12 -> β_11, γ_6 ⋢ γ_1, γ_6 ⋢ γ_2,
             γ_6 ⋢ γ_3, γ_6 ⋢ γ_4, γ_6 ⋢ δ_2]
 Substitution: [β_12 -> β_11/β_4, [<β_10 -> β_9>^γ_7, δ_5]/δ_1,
               β_8 -> β_7/β_0]
 Constraint Graph: Assumptions: 
                    Constraints: {β_2 ≤ β_7, β_3 ≤ β_2,
                                  β_3 ≤ β_7, β_8 ≤ β_1,
                                  β_8 ≤ β_10, β_8 ≤ β_12,
                                  β_9 ≤ β_7, β_10 ≤ β_12,
                                  β_11 ≤ β_7, β_11 ≤ β_9,
                                  γ_1 ≤ γ_0, γ_1 ≤ γ_2,
                                  γ_3 ≤ γ_0, γ_3 ≤ γ_7,
                                  γ_4 ≤ γ_2, γ_7 ≤ γ_0,
                                  δ_5 ≤ δ_0}
2026-01-13 00:04:49.878 INFO : [Infer.csolve] U-Var (Annotation)
2026-01-13 00:04:49.878 INFO : [Infer.ConstraintGraph.Elem.prod] {δ_2}, {δ_0, δ_5} ===> [δ_2 ≤ δ_0; δ_2 ≤ δ_5]
2026-01-13 00:04:49.878 INFO : [Infer.ConstraintGraph.add] Adding δ_2 <= δ_5: result = Assumptions: 
 Constraints: {β_2 ≤ β_7, β_3 ≤ β_2, β_3 ≤ β_7, β_8 ≤ β_1,
               β_8 ≤ β_10, β_8 ≤ β_12, β_9 ≤ β_7,
               β_10 ≤ β_12, β_11 ≤ β_7, β_11 ≤ β_9,
               γ_1 ≤ γ_0, γ_1 ≤ γ_2, γ_3 ≤ γ_0, γ_3 ≤ γ_7,
               γ_4 ≤ γ_2, γ_7 ≤ γ_0, δ_2 ≤ δ_0, δ_2 ≤ δ_5,
               δ_5 ≤ δ_0}
2026-01-13 00:04:49.878 INFO : [Infer.csolve] Constraints: [γ_2 ⋢ [<β_10 -> β_9>^γ_7, δ_5], γ_2 ⋢ γ_1,
             <β_5 -> β_6>^γ_5 ≤ <β_12 -> β_11>^γ_3, δ_3 ≤ δ_2,
             γ_3 ≤ γ_4, γ_5 ≤ γ_6, <β_1>^γ_2 ≤ <β_6>^γ_6,
             δ_4 ≤ δ_3, γ_6 ⋢ δ_3, γ_6 ⋢ γ_5, γ_6 ⋢ β_1,
             γ_6 ⋢ β_3, γ_6 ⋢ β_12 -> β_11, γ_6 ⋢ γ_1,
             γ_6 ⋢ γ_2, γ_6 ⋢ γ_3, γ_6 ⋢ γ_4, γ_6 ⋢ δ_2]
 Substitution: [β_12 -> β_11/β_4, [<β_10 -> β_9>^γ_7, δ_5]/δ_1,
               β_8 -> β_7/β_0]
 Constraint Graph: Assumptions: 
                    Constraints: {β_2 ≤ β_7, β_3 ≤ β_2,
                                  β_3 ≤ β_7, β_8 ≤ β_1,
                                  β_8 ≤ β_10, β_8 ≤ β_12,
                                  β_9 ≤ β_7, β_10 ≤ β_12,
                                  β_11 ≤ β_7, β_11 ≤ β_9,
                                  γ_1 ≤ γ_0, γ_1 ≤ γ_2,
                                  γ_3 ≤ γ_0, γ_3 ≤ γ_7,
                                  γ_4 ≤ γ_2, γ_7 ≤ γ_0,
                                  δ_2 ≤ δ_0, δ_2 ≤ δ_5,
                                  δ_5 ≤ δ_0}
2026-01-13 00:04:49.878 INFO : [Infer.csolve] U-NRAnnSeq
2026-01-13 00:04:49.879 INFO : [Infer.csolve] Constraints: [γ_2 ⋢ <β_10 -> β_9>^γ_7, γ_2 ⋢ δ_5, γ_2 ⋢ γ_1,
             <β_5 -> β_6>^γ_5 ≤ <β_12 -> β_11>^γ_3, δ_3 ≤ δ_2,
             γ_3 ≤ γ_4, γ_5 ≤ γ_6, <β_1>^γ_2 ≤ <β_6>^γ_6,
             δ_4 ≤ δ_3, γ_6 ⋢ δ_3, γ_6 ⋢ γ_5, γ_6 ⋢ β_1,
             γ_6 ⋢ β_3, γ_6 ⋢ β_12 -> β_11, γ_6 ⋢ γ_1,
             γ_6 ⋢ γ_2, γ_6 ⋢ γ_3, γ_6 ⋢ γ_4, γ_6 ⋢ δ_2]
 Substitution: [β_12 -> β_11/β_4, [<β_10 -> β_9>^γ_7, δ_5]/δ_1,
               β_8 -> β_7/β_0]
 Constraint Graph: Assumptions: 
                    Constraints: {β_2 ≤ β_7, β_3 ≤ β_2,
                                  β_3 ≤ β_7, β_8 ≤ β_1,
                                  β_8 ≤ β_10, β_8 ≤ β_12,
                                  β_9 ≤ β_7, β_10 ≤ β_12,
                                  β_11 ≤ β_7, β_11 ≤ β_9,
                                  γ_1 ≤ γ_0, γ_1 ≤ γ_2,
                                  γ_3 ≤ γ_0, γ_3 ≤ γ_7,
                                  γ_4 ≤ γ_2, γ_7 ≤ γ_0,
                                  δ_2 ≤ δ_0, δ_2 ≤ δ_5,
                                  δ_5 ≤ δ_0}
2026-01-13 00:04:49.879 INFO : [Infer.csolve] U-NRTCode
2026-01-13 00:04:49.879 INFO : [Infer.csolve] Constraints: [γ_2 ⋢ β_10 -> β_9, γ_2 ⋢ γ_7, γ_2 ⋢ δ_5,
             γ_2 ⋢ γ_1, <β_5 -> β_6>^γ_5 ≤ <β_12 -> β_11>^γ_3,
             δ_3 ≤ δ_2, γ_3 ≤ γ_4, γ_5 ≤ γ_6,
             <β_1>^γ_2 ≤ <β_6>^γ_6, δ_4 ≤ δ_3, γ_6 ⋢ δ_3,
             γ_6 ⋢ γ_5, γ_6 ⋢ β_1, γ_6 ⋢ β_3,
             γ_6 ⋢ β_12 -> β_11, γ_6 ⋢ γ_1, γ_6 ⋢ γ_2,
             γ_6 ⋢ γ_3, γ_6 ⋢ γ_4, γ_6 ⋢ δ_2]
 Substitution: [β_12 -> β_11/β_4, [<β_10 -> β_9>^γ_7, δ_5]/δ_1,
               β_8 -> β_7/β_0]
 Constraint Graph: Assumptions: 
                    Constraints: {β_2 ≤ β_7, β_3 ≤ β_2,
                                  β_3 ≤ β_7, β_8 ≤ β_1,
                                  β_8 ≤ β_10, β_8 ≤ β_12,
                                  β_9 ≤ β_7, β_10 ≤ β_12,
                                  β_11 ≤ β_7, β_11 ≤ β_9,
                                  γ_1 ≤ γ_0, γ_1 ≤ γ_2,
                                  γ_3 ≤ γ_0, γ_3 ≤ γ_7,
                                  γ_4 ≤ γ_2, γ_7 ≤ γ_0,
                                  δ_2 ≤ δ_0, δ_2 ≤ δ_5,
                                  δ_5 ≤ δ_0}
2026-01-13 00:04:49.879 INFO : [Infer.csolve] U-NRT1
2026-01-13 00:04:49.879 INFO : [Infer.csolve] Constraints: [γ_2 ⋢ γ_7, γ_2 ⋢ δ_5, γ_2 ⋢ γ_1,
             <β_5 -> β_6>^γ_5 ≤ <β_12 -> β_11>^γ_3, δ_3 ≤ δ_2,
             γ_3 ≤ γ_4, γ_5 ≤ γ_6, <β_1>^γ_2 ≤ <β_6>^γ_6,
             δ_4 ≤ δ_3, γ_6 ⋢ δ_3, γ_6 ⋢ γ_5, γ_6 ⋢ β_1,
             γ_6 ⋢ β_3, γ_6 ⋢ β_12 -> β_11, γ_6 ⋢ γ_1,
             γ_6 ⋢ γ_2, γ_6 ⋢ γ_3, γ_6 ⋢ γ_4, γ_6 ⋢ δ_2]
 Substitution: [β_12 -> β_11/β_4, [<β_10 -> β_9>^γ_7, δ_5]/δ_1,
               β_8 -> β_7/β_0]
 Constraint Graph: Assumptions: 
                    Constraints: {β_2 ≤ β_7, β_3 ≤ β_2,
                                  β_3 ≤ β_7, β_8 ≤ β_1,
                                  β_8 ≤ β_10, β_8 ≤ β_12,
                                  β_9 ≤ β_7, β_10 ≤ β_12,
                                  β_11 ≤ β_7, β_11 ≤ β_9,
                                  γ_1 ≤ γ_0, γ_1 ≤ γ_2,
                                  γ_3 ≤ γ_0, γ_3 ≤ γ_7,
                                  γ_4 ≤ γ_2, γ_7 ≤ γ_0,
                                  δ_2 ≤ δ_0, δ_2 ≤ δ_5,
                                  δ_5 ≤ δ_0}
2026-01-13 00:04:49.879 INFO : [Infer.csolve] U-NRClas
2026-01-13 00:04:49.879 INFO : [Infer.ConstraintGraph.add] Adding γ_2 ⋢ γ_7: result = Assumptions: 
 Constraints: {β_2 ≤ β_7, β_3 ≤ β_2, β_3 ≤ β_7, β_8 ≤ β_1,
               β_8 ≤ β_10, β_8 ≤ β_12, β_9 ≤ β_7,
               β_10 ≤ β_12, β_11 ≤ β_7, β_11 ≤ β_9,
               γ_1 ≤ γ_0, γ_1 ≤ γ_2, γ_3 ≤ γ_0, γ_3 ≤ γ_7,
               γ_4 ≤ γ_2, γ_7 ≤ γ_0, δ_2 ≤ δ_0, δ_2 ≤ δ_5,
               δ_5 ≤ δ_0, γ_2 ⋢ γ_7}
2026-01-13 00:04:49.879 INFO : [Infer.csolve] Constraints: [γ_2 ⋢ δ_5, γ_2 ⋢ γ_1,
             <β_5 -> β_6>^γ_5 ≤ <β_12 -> β_11>^γ_3, δ_3 ≤ δ_2,
             γ_3 ≤ γ_4, γ_5 ≤ γ_6, <β_1>^γ_2 ≤ <β_6>^γ_6,
             δ_4 ≤ δ_3, γ_6 ⋢ δ_3, γ_6 ⋢ γ_5, γ_6 ⋢ β_1,
             γ_6 ⋢ β_3, γ_6 ⋢ β_12 -> β_11, γ_6 ⋢ γ_1,
             γ_6 ⋢ γ_2, γ_6 ⋢ γ_3, γ_6 ⋢ γ_4, γ_6 ⋢ δ_2]
 Substitution: [β_12 -> β_11/β_4, [<β_10 -> β_9>^γ_7, δ_5]/δ_1,
               β_8 -> β_7/β_0]
 Constraint Graph: Assumptions: 
                    Constraints: {β_2 ≤ β_7, β_3 ≤ β_2,
                                  β_3 ≤ β_7, β_8 ≤ β_1,
                                  β_8 ≤ β_10, β_8 ≤ β_12,
                                  β_9 ≤ β_7, β_10 ≤ β_12,
                                  β_11 ≤ β_7, β_11 ≤ β_9,
                                  γ_1 ≤ γ_0, γ_1 ≤ γ_2,
                                  γ_3 ≤ γ_0, γ_3 ≤ γ_7,
                                  γ_4 ≤ γ_2, γ_7 ≤ γ_0,
                                  δ_2 ≤ δ_0, δ_2 ≤ δ_5,
                                  δ_5 ≤ δ_0, γ_2 ⋢ γ_7}
2026-01-13 00:04:49.879 INFO : [Infer.csolve] U-NRVar (Annotation)
2026-01-13 00:04:49.879 INFO : [Infer.ConstraintGraph.add] Adding γ_2 ⋢ δ_5: result = Assumptions: 
 Constraints: {β_2 ≤ β_7, β_3 ≤ β_2, β_3 ≤ β_7, β_8 ≤ β_1,
               β_8 ≤ β_10, β_8 ≤ β_12, β_9 ≤ β_7,
               β_10 ≤ β_12, β_11 ≤ β_7, β_11 ≤ β_9,
               γ_1 ≤ γ_0, γ_1 ≤ γ_2, γ_3 ≤ γ_0, γ_3 ≤ γ_7,
               γ_4 ≤ γ_2, γ_7 ≤ γ_0, δ_2 ≤ δ_0, δ_2 ≤ δ_5,
               δ_5 ≤ δ_0, γ_2 ⋢ γ_7, γ_2 ⋢ δ_5}
2026-01-13 00:04:49.879 INFO : [Infer.csolve] Constraints: [γ_2 ⋢ γ_1, <β_5 -> β_6>^γ_5 ≤ <β_12 -> β_11>^γ_3,
             δ_3 ≤ δ_2, γ_3 ≤ γ_4, γ_5 ≤ γ_6,
             <β_1>^γ_2 ≤ <β_6>^γ_6, δ_4 ≤ δ_3, γ_6 ⋢ δ_3,
             γ_6 ⋢ γ_5, γ_6 ⋢ β_1, γ_6 ⋢ β_3,
             γ_6 ⋢ β_12 -> β_11, γ_6 ⋢ γ_1, γ_6 ⋢ γ_2,
             γ_6 ⋢ γ_3, γ_6 ⋢ γ_4, γ_6 ⋢ δ_2]
 Substitution: [β_12 -> β_11/β_4, [<β_10 -> β_9>^γ_7, δ_5]/δ_1,
               β_8 -> β_7/β_0]
 Constraint Graph: Assumptions: 
                    Constraints: {β_2 ≤ β_7, β_3 ≤ β_2,
                                  β_3 ≤ β_7, β_8 ≤ β_1,
                                  β_8 ≤ β_10, β_8 ≤ β_12,
                                  β_9 ≤ β_7, β_10 ≤ β_12,
                                  β_11 ≤ β_7, β_11 ≤ β_9,
                                  γ_1 ≤ γ_0, γ_1 ≤ γ_2,
                                  γ_3 ≤ γ_0, γ_3 ≤ γ_7,
                                  γ_4 ≤ γ_2, γ_7 ≤ γ_0,
                                  δ_2 ≤ δ_0, δ_2 ≤ δ_5,
                                  δ_5 ≤ δ_0, γ_2 ⋢ γ_7,
                                  γ_2 ⋢ δ_5}
2026-01-13 00:04:49.879 INFO : [Infer.csolve] U-NRClas
2026-01-13 00:04:49.879 INFO : [Infer.ConstraintGraph.add] Adding γ_2 ⋢ γ_1: result = Assumptions: 
 Constraints: {β_2 ≤ β_7, β_3 ≤ β_2, β_3 ≤ β_7, β_8 ≤ β_1,
               β_8 ≤ β_10, β_8 ≤ β_12, β_9 ≤ β_7,
               β_10 ≤ β_12, β_11 ≤ β_7, β_11 ≤ β_9,
               γ_1 ≤ γ_0, γ_1 ≤ γ_2, γ_3 ≤ γ_0, γ_3 ≤ γ_7,
               γ_4 ≤ γ_2, γ_7 ≤ γ_0, δ_2 ≤ δ_0, δ_2 ≤ δ_5,
               δ_5 ≤ δ_0, γ_2 ⋢ γ_1, γ_2 ⋢ γ_7, γ_2 ⋢ δ_5}
2026-01-13 00:04:49.879 INFO : [Infer.csolve] Constraints: [<β_5 -> β_6>^γ_5 ≤ <β_12 -> β_11>^γ_3, δ_3 ≤ δ_2,
             γ_3 ≤ γ_4, γ_5 ≤ γ_6, <β_1>^γ_2 ≤ <β_6>^γ_6,
             δ_4 ≤ δ_3, γ_6 ⋢ δ_3, γ_6 ⋢ γ_5, γ_6 ⋢ β_1,
             γ_6 ⋢ β_3, γ_6 ⋢ β_12 -> β_11, γ_6 ⋢ γ_1,
             γ_6 ⋢ γ_2, γ_6 ⋢ γ_3, γ_6 ⋢ γ_4, γ_6 ⋢ δ_2]
 Substitution: [β_12 -> β_11/β_4, [<β_10 -> β_9>^γ_7, δ_5]/δ_1,
               β_8 -> β_7/β_0]
 Constraint Graph: Assumptions: 
                    Constraints: {β_2 ≤ β_7, β_3 ≤ β_2,
                                  β_3 ≤ β_7, β_8 ≤ β_1,
                                  β_8 ≤ β_10, β_8 ≤ β_12,
                                  β_9 ≤ β_7, β_10 ≤ β_12,
                                  β_11 ≤ β_7, β_11 ≤ β_9,
                                  γ_1 ≤ γ_0, γ_1 ≤ γ_2,
                                  γ_3 ≤ γ_0, γ_3 ≤ γ_7,
                                  γ_4 ≤ γ_2, γ_7 ≤ γ_0,
                                  δ_2 ≤ δ_0, δ_2 ≤ δ_5,
                                  δ_5 ≤ δ_0, γ_2 ⋢ γ_1,
                                  γ_2 ⋢ γ_7, γ_2 ⋢ δ_5}
2026-01-13 00:04:49.879 INFO : [Infer.csolve] U-TCode
2026-01-13 00:04:49.879 INFO : [Infer.csolve] Constraints: [β_5 -> β_6 ≤ β_12 -> β_11, γ_5 ≤ γ_3, δ_3 ≤ δ_2,
             γ_3 ≤ γ_4, γ_5 ≤ γ_6, <β_1>^γ_2 ≤ <β_6>^γ_6,
             δ_4 ≤ δ_3, γ_6 ⋢ δ_3, γ_6 ⋢ γ_5, γ_6 ⋢ β_1,
             γ_6 ⋢ β_3, γ_6 ⋢ β_12 -> β_11, γ_6 ⋢ γ_1,
             γ_6 ⋢ γ_2, γ_6 ⋢ γ_3, γ_6 ⋢ γ_4, γ_6 ⋢ δ_2]
 Substitution: [β_12 -> β_11/β_4, [<β_10 -> β_9>^γ_7, δ_5]/δ_1,
               β_8 -> β_7/β_0]
 Constraint Graph: Assumptions: 
                    Constraints: {β_2 ≤ β_7, β_3 ≤ β_2,
                                  β_3 ≤ β_7, β_8 ≤ β_1,
                                  β_8 ≤ β_10, β_8 ≤ β_12,
                                  β_9 ≤ β_7, β_10 ≤ β_12,
                                  β_11 ≤ β_7, β_11 ≤ β_9,
                                  γ_1 ≤ γ_0, γ_1 ≤ γ_2,
                                  γ_3 ≤ γ_0, γ_3 ≤ γ_7,
                                  γ_4 ≤ γ_2, γ_7 ≤ γ_0,
                                  δ_2 ≤ δ_0, δ_2 ≤ δ_5,
                                  δ_5 ≤ δ_0, γ_2 ⋢ γ_1,
                                  γ_2 ⋢ γ_7, γ_2 ⋢ δ_5}
2026-01-13 00:04:49.879 INFO : [Infer.csolve] U-T1Arrow
2026-01-13 00:04:49.879 INFO : [Infer.csolve] Constraints: [β_12 ≤ β_5, β_6 ≤ β_11, γ_5 ≤ γ_3, δ_3 ≤ δ_2,
             γ_3 ≤ γ_4, γ_5 ≤ γ_6, <β_1>^γ_2 ≤ <β_6>^γ_6,
             δ_4 ≤ δ_3, γ_6 ⋢ δ_3, γ_6 ⋢ γ_5, γ_6 ⋢ β_1,
             γ_6 ⋢ β_3, γ_6 ⋢ β_12 -> β_11, γ_6 ⋢ γ_1,
             γ_6 ⋢ γ_2, γ_6 ⋢ γ_3, γ_6 ⋢ γ_4, γ_6 ⋢ δ_2]
 Substitution: [β_12 -> β_11/β_4, [<β_10 -> β_9>^γ_7, δ_5]/δ_1,
               β_8 -> β_7/β_0]
 Constraint Graph: Assumptions: 
                    Constraints: {β_2 ≤ β_7, β_3 ≤ β_2,
                                  β_3 ≤ β_7, β_8 ≤ β_1,
                                  β_8 ≤ β_10, β_8 ≤ β_12,
                                  β_9 ≤ β_7, β_10 ≤ β_12,
                                  β_11 ≤ β_7, β_11 ≤ β_9,
                                  γ_1 ≤ γ_0, γ_1 ≤ γ_2,
                                  γ_3 ≤ γ_0, γ_3 ≤ γ_7,
                                  γ_4 ≤ γ_2, γ_7 ≤ γ_0,
                                  δ_2 ≤ δ_0, δ_2 ≤ δ_5,
                                  δ_5 ≤ δ_0, γ_2 ⋢ γ_1,
                                  γ_2 ⋢ γ_7, γ_2 ⋢ δ_5}
2026-01-13 00:04:49.879 INFO : [Infer.csolve] U-Var (Level1)
2026-01-13 00:04:49.879 INFO : [Infer.ConstraintGraph.Elem.prod] {β_8, β_10, β_12}, {β_5} ===> [β_8 ≤ β_5; β_10 ≤ β_5; β_12 ≤ β_5]
2026-01-13 00:04:49.879 INFO : [Infer.ConstraintGraph.add] Adding β_12 <= β_5: result = Assumptions: 
 Constraints: {β_2 ≤ β_7, β_3 ≤ β_2, β_3 ≤ β_7, β_8 ≤ β_1,
               β_8 ≤ β_5, β_8 ≤ β_10, β_8 ≤ β_12, β_9 ≤ β_7,
               β_10 ≤ β_5, β_10 ≤ β_12, β_11 ≤ β_7,
               β_11 ≤ β_9, β_12 ≤ β_5, γ_1 ≤ γ_0, γ_1 ≤ γ_2,
               γ_3 ≤ γ_0, γ_3 ≤ γ_7, γ_4 ≤ γ_2, γ_7 ≤ γ_0,
               δ_2 ≤ δ_0, δ_2 ≤ δ_5, δ_5 ≤ δ_0, γ_2 ⋢ γ_1,
               γ_2 ⋢ γ_7, γ_2 ⋢ δ_5}
2026-01-13 00:04:49.879 INFO : [Infer.csolve] Constraints: [β_6 ≤ β_11, γ_5 ≤ γ_3, δ_3 ≤ δ_2, γ_3 ≤ γ_4,
             γ_5 ≤ γ_6, <β_1>^γ_2 ≤ <β_6>^γ_6, δ_4 ≤ δ_3,
             γ_6 ⋢ δ_3, γ_6 ⋢ γ_5, γ_6 ⋢ β_1, γ_6 ⋢ β_3,
             γ_6 ⋢ β_12 -> β_11, γ_6 ⋢ γ_1, γ_6 ⋢ γ_2,
             γ_6 ⋢ γ_3, γ_6 ⋢ γ_4, γ_6 ⋢ δ_2]
 Substitution: [β_12 -> β_11/β_4, [<β_10 -> β_9>^γ_7, δ_5]/δ_1,
               β_8 -> β_7/β_0]
 Constraint Graph: Assumptions: 
                    Constraints: {β_2 ≤ β_7, β_3 ≤ β_2,
                                  β_3 ≤ β_7, β_8 ≤ β_1,
                                  β_8 ≤ β_5, β_8 ≤ β_10,
                                  β_8 ≤ β_12, β_9 ≤ β_7,
                                  β_10 ≤ β_5, β_10 ≤ β_12,
                                  β_11 ≤ β_7, β_11 ≤ β_9,
                                  β_12 ≤ β_5, γ_1 ≤ γ_0,
                                  γ_1 ≤ γ_2, γ_3 ≤ γ_0,
                                  γ_3 ≤ γ_7, γ_4 ≤ γ_2,
                                  γ_7 ≤ γ_0, δ_2 ≤ δ_0,
                                  δ_2 ≤ δ_5, δ_5 ≤ δ_0,
                                  γ_2 ⋢ γ_1, γ_2 ⋢ γ_7,
                                  γ_2 ⋢ δ_5}
2026-01-13 00:04:49.879 INFO : [Infer.csolve] U-Var (Level1)
2026-01-13 00:04:49.879 INFO : [Infer.ConstraintGraph.Elem.prod] {β_6}, {β_7, β_9, β_11} ===> [β_6 ≤ β_7; β_6 ≤ β_9; β_6 ≤ β_11]
2026-01-13 00:04:49.879 INFO : [Infer.ConstraintGraph.add] Adding β_6 <= β_11: result = Assumptions: 
 Constraints: {β_2 ≤ β_7, β_3 ≤ β_2, β_3 ≤ β_7, β_6 ≤ β_7,
               β_6 ≤ β_9, β_6 ≤ β_11, β_8 ≤ β_1, β_8 ≤ β_5,
               β_8 ≤ β_10, β_8 ≤ β_12, β_9 ≤ β_7, β_10 ≤ β_5,
               β_10 ≤ β_12, β_11 ≤ β_7, β_11 ≤ β_9,
               β_12 ≤ β_5, γ_1 ≤ γ_0, γ_1 ≤ γ_2, γ_3 ≤ γ_0,
               γ_3 ≤ γ_7, γ_4 ≤ γ_2, γ_7 ≤ γ_0, δ_2 ≤ δ_0,
               δ_2 ≤ δ_5, δ_5 ≤ δ_0, γ_2 ⋢ γ_1, γ_2 ⋢ γ_7,
               γ_2 ⋢ δ_5}
2026-01-13 00:04:49.879 INFO : [Infer.csolve] Constraints: [γ_5 ≤ γ_3, δ_3 ≤ δ_2, γ_3 ≤ γ_4, γ_5 ≤ γ_6,
             <β_1>^γ_2 ≤ <β_6>^γ_6, δ_4 ≤ δ_3, γ_6 ⋢ δ_3,
             γ_6 ⋢ γ_5, γ_6 ⋢ β_1, γ_6 ⋢ β_3,
             γ_6 ⋢ β_12 -> β_11, γ_6 ⋢ γ_1, γ_6 ⋢ γ_2,
             γ_6 ⋢ γ_3, γ_6 ⋢ γ_4, γ_6 ⋢ δ_2]
 Substitution: [β_12 -> β_11/β_4, [<β_10 -> β_9>^γ_7, δ_5]/δ_1,
               β_8 -> β_7/β_0]
 Constraint Graph: Assumptions: 
                    Constraints: {β_2 ≤ β_7, β_3 ≤ β_2,
                                  β_3 ≤ β_7, β_6 ≤ β_7,
                                  β_6 ≤ β_9, β_6 ≤ β_11,
                                  β_8 ≤ β_1, β_8 ≤ β_5,
                                  β_8 ≤ β_10, β_8 ≤ β_12,
                                  β_9 ≤ β_7, β_10 ≤ β_5,
                                  β_10 ≤ β_12, β_11 ≤ β_7,
                                  β_11 ≤ β_9, β_12 ≤ β_5,
                                  γ_1 ≤ γ_0, γ_1 ≤ γ_2,
                                  γ_3 ≤ γ_0, γ_3 ≤ γ_7,
                                  γ_4 ≤ γ_2, γ_7 ≤ γ_0,
                                  δ_2 ≤ δ_0, δ_2 ≤ δ_5,
                                  δ_5 ≤ δ_0, γ_2 ⋢ γ_1,
                                  γ_2 ⋢ γ_7, γ_2 ⋢ δ_5}
2026-01-13 00:04:49.879 INFO : [Infer.csolve] U-Clas
2026-01-13 00:04:49.879 INFO : [Infer.ConstraintGraph.Elem.prod] {γ_5}, {γ_0, γ_3, γ_7} ===> [γ_5 ≤ γ_0; γ_5 ≤ γ_3; γ_5 ≤ γ_7]
2026-01-13 00:04:49.879 INFO : [Infer.ConstraintGraph.add] Adding γ_5 <= γ_3: result = Assumptions: 
 Constraints: {β_2 ≤ β_7, β_3 ≤ β_2, β_3 ≤ β_7, β_6 ≤ β_7,
               β_6 ≤ β_9, β_6 ≤ β_11, β_8 ≤ β_1, β_8 ≤ β_5,
               β_8 ≤ β_10, β_8 ≤ β_12, β_9 ≤ β_7, β_10 ≤ β_5,
               β_10 ≤ β_12, β_11 ≤ β_7, β_11 ≤ β_9,
               β_12 ≤ β_5, γ_1 ≤ γ_0, γ_1 ≤ γ_2, γ_3 ≤ γ_0,
               γ_3 ≤ γ_7, γ_4 ≤ γ_2, γ_5 ≤ γ_0, γ_5 ≤ γ_3,
               γ_5 ≤ γ_7, γ_7 ≤ γ_0, δ_2 ≤ δ_0, δ_2 ≤ δ_5,
               δ_5 ≤ δ_0, γ_2 ⋢ γ_1, γ_2 ⋢ γ_7, γ_2 ⋢ δ_5}
2026-01-13 00:04:49.879 INFO : [Infer.csolve] Constraints: [δ_3 ≤ δ_2, γ_3 ≤ γ_4, γ_5 ≤ γ_6,
             <β_1>^γ_2 ≤ <β_6>^γ_6, δ_4 ≤ δ_3, γ_6 ⋢ δ_3,
             γ_6 ⋢ γ_5, γ_6 ⋢ β_1, γ_6 ⋢ β_3,
             γ_6 ⋢ β_12 -> β_11, γ_6 ⋢ γ_1, γ_6 ⋢ γ_2,
             γ_6 ⋢ γ_3, γ_6 ⋢ γ_4, γ_6 ⋢ δ_2]
 Substitution: [β_12 -> β_11/β_4, [<β_10 -> β_9>^γ_7, δ_5]/δ_1,
               β_8 -> β_7/β_0]
 Constraint Graph: Assumptions: 
                    Constraints: {β_2 ≤ β_7, β_3 ≤ β_2,
                                  β_3 ≤ β_7, β_6 ≤ β_7,
                                  β_6 ≤ β_9, β_6 ≤ β_11,
                                  β_8 ≤ β_1, β_8 ≤ β_5,
                                  β_8 ≤ β_10, β_8 ≤ β_12,
                                  β_9 ≤ β_7, β_10 ≤ β_5,
                                  β_10 ≤ β_12, β_11 ≤ β_7,
                                  β_11 ≤ β_9, β_12 ≤ β_5,
                                  γ_1 ≤ γ_0, γ_1 ≤ γ_2,
                                  γ_3 ≤ γ_0, γ_3 ≤ γ_7,
                                  γ_4 ≤ γ_2, γ_5 ≤ γ_0,
                                  γ_5 ≤ γ_3, γ_5 ≤ γ_7,
                                  γ_7 ≤ γ_0, δ_2 ≤ δ_0,
                                  δ_2 ≤ δ_5, δ_5 ≤ δ_0,
                                  γ_2 ⋢ γ_1, γ_2 ⋢ γ_7,
                                  γ_2 ⋢ δ_5}
2026-01-13 00:04:49.879 INFO : [Infer.csolve] U-Var (Annotation)
2026-01-13 00:04:49.879 INFO : [Infer.ConstraintGraph.Elem.prod] {δ_3}, {δ_0, δ_2, δ_5} ===> [δ_3 ≤ δ_0; δ_3 ≤ δ_2; δ_3 ≤ δ_5]
2026-01-13 00:04:49.879 INFO : [Infer.ConstraintGraph.add] Adding δ_3 <= δ_2: result = Assumptions: 
 Constraints: {β_2 ≤ β_7, β_3 ≤ β_2, β_3 ≤ β_7, β_6 ≤ β_7,
               β_6 ≤ β_9, β_6 ≤ β_11, β_8 ≤ β_1, β_8 ≤ β_5,
               β_8 ≤ β_10, β_8 ≤ β_12, β_9 ≤ β_7, β_10 ≤ β_5,
               β_10 ≤ β_12, β_11 ≤ β_7, β_11 ≤ β_9,
               β_12 ≤ β_5, γ_1 ≤ γ_0, γ_1 ≤ γ_2, γ_3 ≤ γ_0,
               γ_3 ≤ γ_7, γ_4 ≤ γ_2, γ_5 ≤ γ_0, γ_5 ≤ γ_3,
               γ_5 ≤ γ_7, γ_7 ≤ γ_0, δ_2 ≤ δ_0, δ_2 ≤ δ_5,
               δ_3 ≤ δ_0, δ_3 ≤ δ_2, δ_3 ≤ δ_5, δ_5 ≤ δ_0,
               γ_2 ⋢ γ_1, γ_2 ⋢ γ_7, γ_2 ⋢ δ_5}
2026-01-13 00:04:49.879 INFO : [Infer.csolve] Constraints: [γ_3 ≤ γ_4, γ_5 ≤ γ_6, <β_1>^γ_2 ≤ <β_6>^γ_6,
             δ_4 ≤ δ_3, γ_6 ⋢ δ_3, γ_6 ⋢ γ_5, γ_6 ⋢ β_1,
             γ_6 ⋢ β_3, γ_6 ⋢ β_12 -> β_11, γ_6 ⋢ γ_1,
             γ_6 ⋢ γ_2, γ_6 ⋢ γ_3, γ_6 ⋢ γ_4, γ_6 ⋢ δ_2]
 Substitution: [β_12 -> β_11/β_4, [<β_10 -> β_9>^γ_7, δ_5]/δ_1,
               β_8 -> β_7/β_0]
 Constraint Graph: Assumptions: 
                    Constraints: {β_2 ≤ β_7, β_3 ≤ β_2,
                                  β_3 ≤ β_7, β_6 ≤ β_7,
                                  β_6 ≤ β_9, β_6 ≤ β_11,
                                  β_8 ≤ β_1, β_8 ≤ β_5,
                                  β_8 ≤ β_10, β_8 ≤ β_12,
                                  β_9 ≤ β_7, β_10 ≤ β_5,
                                  β_10 ≤ β_12, β_11 ≤ β_7,
                                  β_11 ≤ β_9, β_12 ≤ β_5,
                                  γ_1 ≤ γ_0, γ_1 ≤ γ_2,
                                  γ_3 ≤ γ_0, γ_3 ≤ γ_7,
                                  γ_4 ≤ γ_2, γ_5 ≤ γ_0,
                                  γ_5 ≤ γ_3, γ_5 ≤ γ_7,
                                  γ_7 ≤ γ_0, δ_2 ≤ δ_0,
                                  δ_2 ≤ δ_5, δ_3 ≤ δ_0,
                                  δ_3 ≤ δ_2, δ_3 ≤ δ_5,
                                  δ_5 ≤ δ_0, γ_2 ⋢ γ_1,
                                  γ_2 ⋢ γ_7, γ_2 ⋢ δ_5}
2026-01-13 00:04:49.879 INFO : [Infer.csolve] U-Clas
2026-01-13 00:04:49.879 INFO : [Infer.ConstraintGraph.Elem.prod] {γ_3, γ_5}, {γ_2, γ_4} ===> [γ_3 ≤ γ_2; γ_3 ≤ γ_4; γ_5 ≤ γ_2; γ_5 ≤ γ_4]
2026-01-13 00:04:49.879 INFO : [Infer.ConstraintGraph.add] Adding γ_3 <= γ_4: result = Assumptions: 
 Constraints: {β_2 ≤ β_7, β_3 ≤ β_2, β_3 ≤ β_7, β_6 ≤ β_7,
               β_6 ≤ β_9, β_6 ≤ β_11, β_8 ≤ β_1, β_8 ≤ β_5,
               β_8 ≤ β_10, β_8 ≤ β_12, β_9 ≤ β_7, β_10 ≤ β_5,
               β_10 ≤ β_12, β_11 ≤ β_7, β_11 ≤ β_9,
               β_12 ≤ β_5, γ_1 ≤ γ_0, γ_1 ≤ γ_2, γ_3 ≤ γ_0,
               γ_3 ≤ γ_2, γ_3 ≤ γ_4, γ_3 ≤ γ_7, γ_4 ≤ γ_2,
               γ_5 ≤ γ_0, γ_5 ≤ γ_2, γ_5 ≤ γ_3, γ_5 ≤ γ_4,
               γ_5 ≤ γ_7, γ_7 ≤ γ_0, δ_2 ≤ δ_0, δ_2 ≤ δ_5,
               δ_3 ≤ δ_0, δ_3 ≤ δ_2, δ_3 ≤ δ_5, δ_5 ≤ δ_0,
               γ_2 ⋢ γ_1, γ_2 ⋢ γ_7, γ_2 ⋢ δ_5}
2026-01-13 00:04:49.879 INFO : [Infer.csolve] Constraints: [γ_5 ≤ γ_6, <β_1>^γ_2 ≤ <β_6>^γ_6, δ_4 ≤ δ_3,
             γ_6 ⋢ δ_3, γ_6 ⋢ γ_5, γ_6 ⋢ β_1, γ_6 ⋢ β_3,
             γ_6 ⋢ β_12 -> β_11, γ_6 ⋢ γ_1, γ_6 ⋢ γ_2,
             γ_6 ⋢ γ_3, γ_6 ⋢ γ_4, γ_6 ⋢ δ_2]
 Substitution: [β_12 -> β_11/β_4, [<β_10 -> β_9>^γ_7, δ_5]/δ_1,
               β_8 -> β_7/β_0]
 Constraint Graph: Assumptions: 
                    Constraints: {β_2 ≤ β_7, β_3 ≤ β_2,
                                  β_3 ≤ β_7, β_6 ≤ β_7,
                                  β_6 ≤ β_9, β_6 ≤ β_11,
                                  β_8 ≤ β_1, β_8 ≤ β_5,
                                  β_8 ≤ β_10, β_8 ≤ β_12,
                                  β_9 ≤ β_7, β_10 ≤ β_5,
                                  β_10 ≤ β_12, β_11 ≤ β_7,
                                  β_11 ≤ β_9, β_12 ≤ β_5,
                                  γ_1 ≤ γ_0, γ_1 ≤ γ_2,
                                  γ_3 ≤ γ_0, γ_3 ≤ γ_2,
                                  γ_3 ≤ γ_4, γ_3 ≤ γ_7,
                                  γ_4 ≤ γ_2, γ_5 ≤ γ_0,
                                  γ_5 ≤ γ_2, γ_5 ≤ γ_3,
                                  γ_5 ≤ γ_4, γ_5 ≤ γ_7,
                                  γ_7 ≤ γ_0, δ_2 ≤ δ_0,
                                  δ_2 ≤ δ_5, δ_3 ≤ δ_0,
                                  δ_3 ≤ δ_2, δ_3 ≤ δ_5,
                                  δ_5 ≤ δ_0, γ_2 ⋢ γ_1,
                                  γ_2 ⋢ γ_7, γ_2 ⋢ δ_5}
2026-01-13 00:04:49.879 INFO : [Infer.csolve] U-Clas
2026-01-13 00:04:49.879 INFO : [Infer.ConstraintGraph.Elem.prod] {γ_5}, {γ_6} ===> [γ_5 ≤ γ_6]
2026-01-13 00:04:49.879 INFO : [Infer.ConstraintGraph.add] Adding γ_5 <= γ_6: result = Assumptions: 
 Constraints: {β_2 ≤ β_7, β_3 ≤ β_2, β_3 ≤ β_7, β_6 ≤ β_7,
               β_6 ≤ β_9, β_6 ≤ β_11, β_8 ≤ β_1, β_8 ≤ β_5,
               β_8 ≤ β_10, β_8 ≤ β_12, β_9 ≤ β_7, β_10 ≤ β_5,
               β_10 ≤ β_12, β_11 ≤ β_7, β_11 ≤ β_9,
               β_12 ≤ β_5, γ_1 ≤ γ_0, γ_1 ≤ γ_2, γ_3 ≤ γ_0,
               γ_3 ≤ γ_2, γ_3 ≤ γ_4, γ_3 ≤ γ_7, γ_4 ≤ γ_2,
               γ_5 ≤ γ_0, γ_5 ≤ γ_2, γ_5 ≤ γ_3, γ_5 ≤ γ_4,
               γ_5 ≤ γ_6, γ_5 ≤ γ_7, γ_7 ≤ γ_0, δ_2 ≤ δ_0,
               δ_2 ≤ δ_5, δ_3 ≤ δ_0, δ_3 ≤ δ_2, δ_3 ≤ δ_5,
               δ_5 ≤ δ_0, γ_2 ⋢ γ_1, γ_2 ⋢ γ_7, γ_2 ⋢ δ_5}
2026-01-13 00:04:49.879 INFO : [Infer.csolve] Constraints: [<β_1>^γ_2 ≤ <β_6>^γ_6, δ_4 ≤ δ_3, γ_6 ⋢ δ_3,
             γ_6 ⋢ γ_5, γ_6 ⋢ β_1, γ_6 ⋢ β_3,
             γ_6 ⋢ β_12 -> β_11, γ_6 ⋢ γ_1, γ_6 ⋢ γ_2,
             γ_6 ⋢ γ_3, γ_6 ⋢ γ_4, γ_6 ⋢ δ_2]
 Substitution: [β_12 -> β_11/β_4, [<β_10 -> β_9>^γ_7, δ_5]/δ_1,
               β_8 -> β_7/β_0]
 Constraint Graph: Assumptions: 
                    Constraints: {β_2 ≤ β_7, β_3 ≤ β_2,
                                  β_3 ≤ β_7, β_6 ≤ β_7,
                                  β_6 ≤ β_9, β_6 ≤ β_11,
                                  β_8 ≤ β_1, β_8 ≤ β_5,
                                  β_8 ≤ β_10, β_8 ≤ β_12,
                                  β_9 ≤ β_7, β_10 ≤ β_5,
                                  β_10 ≤ β_12, β_11 ≤ β_7,
                                  β_11 ≤ β_9, β_12 ≤ β_5,
                                  γ_1 ≤ γ_0, γ_1 ≤ γ_2,
                                  γ_3 ≤ γ_0, γ_3 ≤ γ_2,
                                  γ_3 ≤ γ_4, γ_3 ≤ γ_7,
                                  γ_4 ≤ γ_2, γ_5 ≤ γ_0,
                                  γ_5 ≤ γ_2, γ_5 ≤ γ_3,
                                  γ_5 ≤ γ_4, γ_5 ≤ γ_6,
                                  γ_5 ≤ γ_7, γ_7 ≤ γ_0,
                                  δ_2 ≤ δ_0, δ_2 ≤ δ_5,
                                  δ_3 ≤ δ_0, δ_3 ≤ δ_2,
                                  δ_3 ≤ δ_5, δ_5 ≤ δ_0,
                                  γ_2 ⋢ γ_1, γ_2 ⋢ γ_7,
                                  γ_2 ⋢ δ_5}
2026-01-13 00:04:49.880 INFO : [Infer.csolve] U-TCode
2026-01-13 00:04:49.880 INFO : [Infer.csolve] Constraints: [β_1 ≤ β_6, γ_2 ≤ γ_6, δ_4 ≤ δ_3, γ_6 ⋢ δ_3,
             γ_6 ⋢ γ_5, γ_6 ⋢ β_1, γ_6 ⋢ β_3,
             γ_6 ⋢ β_12 -> β_11, γ_6 ⋢ γ_1, γ_6 ⋢ γ_2,
             γ_6 ⋢ γ_3, γ_6 ⋢ γ_4, γ_6 ⋢ δ_2]
 Substitution: [β_12 -> β_11/β_4, [<β_10 -> β_9>^γ_7, δ_5]/δ_1,
               β_8 -> β_7/β_0]
 Constraint Graph: Assumptions: 
                    Constraints: {β_2 ≤ β_7, β_3 ≤ β_2,
                                  β_3 ≤ β_7, β_6 ≤ β_7,
                                  β_6 ≤ β_9, β_6 ≤ β_11,
                                  β_8 ≤ β_1, β_8 ≤ β_5,
                                  β_8 ≤ β_10, β_8 ≤ β_12,
                                  β_9 ≤ β_7, β_10 ≤ β_5,
                                  β_10 ≤ β_12, β_11 ≤ β_7,
                                  β_11 ≤ β_9, β_12 ≤ β_5,
                                  γ_1 ≤ γ_0, γ_1 ≤ γ_2,
                                  γ_3 ≤ γ_0, γ_3 ≤ γ_2,
                                  γ_3 ≤ γ_4, γ_3 ≤ γ_7,
                                  γ_4 ≤ γ_2, γ_5 ≤ γ_0,
                                  γ_5 ≤ γ_2, γ_5 ≤ γ_3,
                                  γ_5 ≤ γ_4, γ_5 ≤ γ_6,
                                  γ_5 ≤ γ_7, γ_7 ≤ γ_0,
                                  δ_2 ≤ δ_0, δ_2 ≤ δ_5,
                                  δ_3 ≤ δ_0, δ_3 ≤ δ_2,
                                  δ_3 ≤ δ_5, δ_5 ≤ δ_0,
                                  γ_2 ⋢ γ_1, γ_2 ⋢ γ_7,
                                  γ_2 ⋢ δ_5}
2026-01-13 00:04:49.880 INFO : [Infer.csolve] U-Var (Level1)
2026-01-13 00:04:49.880 INFO : [Infer.ConstraintGraph.Elem.prod] {β_1, β_8}, {β_6, β_7, β_9, β_11} ===> [β_1 ≤ β_6; β_1 ≤ β_7; β_1 ≤ β_9; β_1 ≤ β_11; β_8 ≤ β_6;
β_8 ≤ β_7; β_8 ≤ β_9; β_8 ≤ β_11]
2026-01-13 00:04:49.880 INFO : [Infer.ConstraintGraph.add] Adding β_1 <= β_6: result = Assumptions: 
 Constraints: {β_1 ≤ β_6, β_1 ≤ β_7, β_1 ≤ β_9, β_1 ≤ β_11,
               β_2 ≤ β_7, β_3 ≤ β_2, β_3 ≤ β_7, β_6 ≤ β_7,
               β_6 ≤ β_9, β_6 ≤ β_11, β_8 ≤ β_1, β_8 ≤ β_5,
               β_8 ≤ β_6, β_8 ≤ β_7, β_8 ≤ β_9, β_8 ≤ β_10,
               β_8 ≤ β_11, β_8 ≤ β_12, β_9 ≤ β_7, β_10 ≤ β_5,
               β_10 ≤ β_12, β_11 ≤ β_7, β_11 ≤ β_9,
               β_12 ≤ β_5, γ_1 ≤ γ_0, γ_1 ≤ γ_2, γ_3 ≤ γ_0,
               γ_3 ≤ γ_2, γ_3 ≤ γ_4, γ_3 ≤ γ_7, γ_4 ≤ γ_2,
               γ_5 ≤ γ_0, γ_5 ≤ γ_2, γ_5 ≤ γ_3, γ_5 ≤ γ_4,
               γ_5 ≤ γ_6, γ_5 ≤ γ_7, γ_7 ≤ γ_0, δ_2 ≤ δ_0,
               δ_2 ≤ δ_5, δ_3 ≤ δ_0, δ_3 ≤ δ_2, δ_3 ≤ δ_5,
               δ_5 ≤ δ_0, γ_2 ⋢ γ_1, γ_2 ⋢ γ_7, γ_2 ⋢ δ_5}
2026-01-13 00:04:49.880 INFO : [Infer.csolve] Constraints: [γ_2 ≤ γ_6, δ_4 ≤ δ_3, γ_6 ⋢ δ_3, γ_6 ⋢ γ_5,
             γ_6 ⋢ β_1, γ_6 ⋢ β_3, γ_6 ⋢ β_12 -> β_11,
             γ_6 ⋢ γ_1, γ_6 ⋢ γ_2, γ_6 ⋢ γ_3, γ_6 ⋢ γ_4,
             γ_6 ⋢ δ_2]
 Substitution: [β_12 -> β_11/β_4, [<β_10 -> β_9>^γ_7, δ_5]/δ_1,
               β_8 -> β_7/β_0]
 Constraint Graph: Assumptions: 
                    Constraints: {β_1 ≤ β_6, β_1 ≤ β_7,
                                  β_1 ≤ β_9, β_1 ≤ β_11,
                                  β_2 ≤ β_7, β_3 ≤ β_2,
                                  β_3 ≤ β_7, β_6 ≤ β_7,
                                  β_6 ≤ β_9, β_6 ≤ β_11,
                                  β_8 ≤ β_1, β_8 ≤ β_5,
                                  β_8 ≤ β_6, β_8 ≤ β_7,
                                  β_8 ≤ β_9, β_8 ≤ β_10,
                                  β_8 ≤ β_11, β_8 ≤ β_12,
                                  β_9 ≤ β_7, β_10 ≤ β_5,
                                  β_10 ≤ β_12, β_11 ≤ β_7,
                                  β_11 ≤ β_9, β_12 ≤ β_5,
                                  γ_1 ≤ γ_0, γ_1 ≤ γ_2,
                                  γ_3 ≤ γ_0, γ_3 ≤ γ_2,
                                  γ_3 ≤ γ_4, γ_3 ≤ γ_7,
                                  γ_4 ≤ γ_2, γ_5 ≤ γ_0,
                                  γ_5 ≤ γ_2, γ_5 ≤ γ_3,
                                  γ_5 ≤ γ_4, γ_5 ≤ γ_6,
                                  γ_5 ≤ γ_7, γ_7 ≤ γ_0,
                                  δ_2 ≤ δ_0, δ_2 ≤ δ_5,
                                  δ_3 ≤ δ_0, δ_3 ≤ δ_2,
                                  δ_3 ≤ δ_5, δ_5 ≤ δ_0,
                                  γ_2 ⋢ γ_1, γ_2 ⋢ γ_7,
                                  γ_2 ⋢ δ_5}
2026-01-13 00:04:49.880 INFO : [Infer.csolve] U-Clas
2026-01-13 00:04:49.880 INFO : [Infer.ConstraintGraph.Elem.prod] {γ_1, γ_2, γ_3, γ_4, γ_5}, {γ_6} ===> [γ_1 ≤ γ_6; γ_2 ≤ γ_6; γ_3 ≤ γ_6; γ_4 ≤ γ_6; γ_5 ≤ γ_6]
2026-01-13 00:04:49.880 INFO : [Infer.ConstraintGraph.add] Adding γ_2 <= γ_6: result = Assumptions: 
 Constraints: {β_1 ≤ β_6, β_1 ≤ β_7, β_1 ≤ β_9, β_1 ≤ β_11,
               β_2 ≤ β_7, β_3 ≤ β_2, β_3 ≤ β_7, β_6 ≤ β_7,
               β_6 ≤ β_9, β_6 ≤ β_11, β_8 ≤ β_1, β_8 ≤ β_5,
               β_8 ≤ β_6, β_8 ≤ β_7, β_8 ≤ β_9, β_8 ≤ β_10,
               β_8 ≤ β_11, β_8 ≤ β_12, β_9 ≤ β_7, β_10 ≤ β_5,
               β_10 ≤ β_12, β_11 ≤ β_7, β_11 ≤ β_9,
               β_12 ≤ β_5, γ_1 ≤ γ_0, γ_1 ≤ γ_2, γ_1 ≤ γ_6,
               γ_2 ≤ γ_6, γ_3 ≤ γ_0, γ_3 ≤ γ_2, γ_3 ≤ γ_4,
               γ_3 ≤ γ_6, γ_3 ≤ γ_7, γ_4 ≤ γ_2, γ_4 ≤ γ_6,
               γ_5 ≤ γ_0, γ_5 ≤ γ_2, γ_5 ≤ γ_3, γ_5 ≤ γ_4,
               γ_5 ≤ γ_6, γ_5 ≤ γ_7, γ_7 ≤ γ_0, δ_2 ≤ δ_0,
               δ_2 ≤ δ_5, δ_3 ≤ δ_0, δ_3 ≤ δ_2, δ_3 ≤ δ_5,
               δ_5 ≤ δ_0, γ_2 ⋢ γ_1, γ_2 ⋢ γ_7, γ_2 ⋢ δ_5}
2026-01-13 00:04:49.880 INFO : [Infer.csolve] Constraints: [δ_4 ≤ δ_3, γ_6 ⋢ δ_3, γ_6 ⋢ γ_5, γ_6 ⋢ β_1,
             γ_6 ⋢ β_3, γ_6 ⋢ β_12 -> β_11, γ_6 ⋢ γ_1,
             γ_6 ⋢ γ_2, γ_6 ⋢ γ_3, γ_6 ⋢ γ_4, γ_6 ⋢ δ_2]
 Substitution: [β_12 -> β_11/β_4, [<β_10 -> β_9>^γ_7, δ_5]/δ_1,
               β_8 -> β_7/β_0]
 Constraint Graph: Assumptions: 
                    Constraints: {β_1 ≤ β_6, β_1 ≤ β_7,
                                  β_1 ≤ β_9, β_1 ≤ β_11,
                                  β_2 ≤ β_7, β_3 ≤ β_2,
                                  β_3 ≤ β_7, β_6 ≤ β_7,
                                  β_6 ≤ β_9, β_6 ≤ β_11,
                                  β_8 ≤ β_1, β_8 ≤ β_5,
                                  β_8 ≤ β_6, β_8 ≤ β_7,
                                  β_8 ≤ β_9, β_8 ≤ β_10,
                                  β_8 ≤ β_11, β_8 ≤ β_12,
                                  β_9 ≤ β_7, β_10 ≤ β_5,
                                  β_10 ≤ β_12, β_11 ≤ β_7,
                                  β_11 ≤ β_9, β_12 ≤ β_5,
                                  γ_1 ≤ γ_0, γ_1 ≤ γ_2,
                                  γ_1 ≤ γ_6, γ_2 ≤ γ_6,
                                  γ_3 ≤ γ_0, γ_3 ≤ γ_2,
                                  γ_3 ≤ γ_4, γ_3 ≤ γ_6,
                                  γ_3 ≤ γ_7, γ_4 ≤ γ_2,
                                  γ_4 ≤ γ_6, γ_5 ≤ γ_0,
                                  γ_5 ≤ γ_2, γ_5 ≤ γ_3,
                                  γ_5 ≤ γ_4, γ_5 ≤ γ_6,
                                  γ_5 ≤ γ_7, γ_7 ≤ γ_0,
                                  δ_2 ≤ δ_0, δ_2 ≤ δ_5,
                                  δ_3 ≤ δ_0, δ_3 ≤ δ_2,
                                  δ_3 ≤ δ_5, δ_5 ≤ δ_0,
                                  γ_2 ⋢ γ_1, γ_2 ⋢ γ_7,
                                  γ_2 ⋢ δ_5}
2026-01-13 00:04:49.880 INFO : [Infer.csolve] U-Var (Annotation)
2026-01-13 00:04:49.880 INFO : [Infer.ConstraintGraph.Elem.prod] {δ_4}, {δ_0, δ_2, δ_3, δ_5} ===> [δ_4 ≤ δ_0; δ_4 ≤ δ_2; δ_4 ≤ δ_3; δ_4 ≤ δ_5]
2026-01-13 00:04:49.880 INFO : [Infer.ConstraintGraph.add] Adding δ_4 <= δ_3: result = Assumptions: 
 Constraints: {β_1 ≤ β_6, β_1 ≤ β_7, β_1 ≤ β_9, β_1 ≤ β_11,
               β_2 ≤ β_7, β_3 ≤ β_2, β_3 ≤ β_7, β_6 ≤ β_7,
               β_6 ≤ β_9, β_6 ≤ β_11, β_8 ≤ β_1, β_8 ≤ β_5,
               β_8 ≤ β_6, β_8 ≤ β_7, β_8 ≤ β_9, β_8 ≤ β_10,
               β_8 ≤ β_11, β_8 ≤ β_12, β_9 ≤ β_7, β_10 ≤ β_5,
               β_10 ≤ β_12, β_11 ≤ β_7, β_11 ≤ β_9,
               β_12 ≤ β_5, γ_1 ≤ γ_0, γ_1 ≤ γ_2, γ_1 ≤ γ_6,
               γ_2 ≤ γ_6, γ_3 ≤ γ_0, γ_3 ≤ γ_2, γ_3 ≤ γ_4,
               γ_3 ≤ γ_6, γ_3 ≤ γ_7, γ_4 ≤ γ_2, γ_4 ≤ γ_6,
               γ_5 ≤ γ_0, γ_5 ≤ γ_2, γ_5 ≤ γ_3, γ_5 ≤ γ_4,
               γ_5 ≤ γ_6, γ_5 ≤ γ_7, γ_7 ≤ γ_0, δ_2 ≤ δ_0,
               δ_2 ≤ δ_5, δ_3 ≤ δ_0, δ_3 ≤ δ_2, δ_3 ≤ δ_5,
               δ_4 ≤ δ_0, δ_4 ≤ δ_2, δ_4 ≤ δ_3, δ_4 ≤ δ_5,
               δ_5 ≤ δ_0, γ_2 ⋢ γ_1, γ_2 ⋢ γ_7, γ_2 ⋢ δ_5}
2026-01-13 00:04:49.880 INFO : [Infer.csolve] Constraints: [γ_6 ⋢ δ_3, γ_6 ⋢ γ_5, γ_6 ⋢ β_1, γ_6 ⋢ β_3,
             γ_6 ⋢ β_12 -> β_11, γ_6 ⋢ γ_1, γ_6 ⋢ γ_2,
             γ_6 ⋢ γ_3, γ_6 ⋢ γ_4, γ_6 ⋢ δ_2]
 Substitution: [β_12 -> β_11/β_4, [<β_10 -> β_9>^γ_7, δ_5]/δ_1,
               β_8 -> β_7/β_0]
 Constraint Graph: Assumptions: 
                    Constraints: {β_1 ≤ β_6, β_1 ≤ β_7,
                                  β_1 ≤ β_9, β_1 ≤ β_11,
                                  β_2 ≤ β_7, β_3 ≤ β_2,
                                  β_3 ≤ β_7, β_6 ≤ β_7,
                                  β_6 ≤ β_9, β_6 ≤ β_11,
                                  β_8 ≤ β_1, β_8 ≤ β_5,
                                  β_8 ≤ β_6, β_8 ≤ β_7,
                                  β_8 ≤ β_9, β_8 ≤ β_10,
                                  β_8 ≤ β_11, β_8 ≤ β_12,
                                  β_9 ≤ β_7, β_10 ≤ β_5,
                                  β_10 ≤ β_12, β_11 ≤ β_7,
                                  β_11 ≤ β_9, β_12 ≤ β_5,
                                  γ_1 ≤ γ_0, γ_1 ≤ γ_2,
                                  γ_1 ≤ γ_6, γ_2 ≤ γ_6,
                                  γ_3 ≤ γ_0, γ_3 ≤ γ_2,
                                  γ_3 ≤ γ_4, γ_3 ≤ γ_6,
                                  γ_3 ≤ γ_7, γ_4 ≤ γ_2,
                                  γ_4 ≤ γ_6, γ_5 ≤ γ_0,
                                  γ_5 ≤ γ_2, γ_5 ≤ γ_3,
                                  γ_5 ≤ γ_4, γ_5 ≤ γ_6,
                                  γ_5 ≤ γ_7, γ_7 ≤ γ_0,
                                  δ_2 ≤ δ_0, δ_2 ≤ δ_5,
                                  δ_3 ≤ δ_0, δ_3 ≤ δ_2,
                                  δ_3 ≤ δ_5, δ_4 ≤ δ_0,
                                  δ_4 ≤ δ_2, δ_4 ≤ δ_3,
                                  δ_4 ≤ δ_5, δ_5 ≤ δ_0,
                                  γ_2 ⋢ γ_1, γ_2 ⋢ γ_7,
                                  γ_2 ⋢ δ_5}
2026-01-13 00:04:49.880 INFO : [Infer.csolve] U-NRVar (Annotation)
2026-01-13 00:04:49.880 INFO : [Infer.ConstraintGraph.add] Adding γ_6 ⋢ δ_3: result = Assumptions: 
 Constraints: {β_1 ≤ β_6, β_1 ≤ β_7, β_1 ≤ β_9, β_1 ≤ β_11,
               β_2 ≤ β_7, β_3 ≤ β_2, β_3 ≤ β_7, β_6 ≤ β_7,
               β_6 ≤ β_9, β_6 ≤ β_11, β_8 ≤ β_1, β_8 ≤ β_5,
               β_8 ≤ β_6, β_8 ≤ β_7, β_8 ≤ β_9, β_8 ≤ β_10,
               β_8 ≤ β_11, β_8 ≤ β_12, β_9 ≤ β_7, β_10 ≤ β_5,
               β_10 ≤ β_12, β_11 ≤ β_7, β_11 ≤ β_9,
               β_12 ≤ β_5, γ_1 ≤ γ_0, γ_1 ≤ γ_2, γ_1 ≤ γ_6,
               γ_2 ≤ γ_6, γ_3 ≤ γ_0, γ_3 ≤ γ_2, γ_3 ≤ γ_4,
               γ_3 ≤ γ_6, γ_3 ≤ γ_7, γ_4 ≤ γ_2, γ_4 ≤ γ_6,
               γ_5 ≤ γ_0, γ_5 ≤ γ_2, γ_5 ≤ γ_3, γ_5 ≤ γ_4,
               γ_5 ≤ γ_6, γ_5 ≤ γ_7, γ_7 ≤ γ_0, δ_2 ≤ δ_0,
               δ_2 ≤ δ_5, δ_3 ≤ δ_0, δ_3 ≤ δ_2, δ_3 ≤ δ_5,
               δ_4 ≤ δ_0, δ_4 ≤ δ_2, δ_4 ≤ δ_3, δ_4 ≤ δ_5,
               δ_5 ≤ δ_0, γ_2 ⋢ γ_1, γ_2 ⋢ γ_7, γ_2 ⋢ δ_5,
               γ_6 ⋢ δ_3}
2026-01-13 00:04:49.880 INFO : [Infer.csolve] Constraints: [γ_6 ⋢ γ_5, γ_6 ⋢ β_1, γ_6 ⋢ β_3,
             γ_6 ⋢ β_12 -> β_11, γ_6 ⋢ γ_1, γ_6 ⋢ γ_2,
             γ_6 ⋢ γ_3, γ_6 ⋢ γ_4, γ_6 ⋢ δ_2]
 Substitution: [β_12 -> β_11/β_4, [<β_10 -> β_9>^γ_7, δ_5]/δ_1,
               β_8 -> β_7/β_0]
 Constraint Graph: Assumptions: 
                    Constraints: {β_1 ≤ β_6, β_1 ≤ β_7,
                                  β_1 ≤ β_9, β_1 ≤ β_11,
                                  β_2 ≤ β_7, β_3 ≤ β_2,
                                  β_3 ≤ β_7, β_6 ≤ β_7,
                                  β_6 ≤ β_9, β_6 ≤ β_11,
                                  β_8 ≤ β_1, β_8 ≤ β_5,
                                  β_8 ≤ β_6, β_8 ≤ β_7,
                                  β_8 ≤ β_9, β_8 ≤ β_10,
                                  β_8 ≤ β_11, β_8 ≤ β_12,
                                  β_9 ≤ β_7, β_10 ≤ β_5,
                                  β_10 ≤ β_12, β_11 ≤ β_7,
                                  β_11 ≤ β_9, β_12 ≤ β_5,
                                  γ_1 ≤ γ_0, γ_1 ≤ γ_2,
                                  γ_1 ≤ γ_6, γ_2 ≤ γ_6,
                                  γ_3 ≤ γ_0, γ_3 ≤ γ_2,
                                  γ_3 ≤ γ_4, γ_3 ≤ γ_6,
                                  γ_3 ≤ γ_7, γ_4 ≤ γ_2,
                                  γ_4 ≤ γ_6, γ_5 ≤ γ_0,
                                  γ_5 ≤ γ_2, γ_5 ≤ γ_3,
                                  γ_5 ≤ γ_4, γ_5 ≤ γ_6,
                                  γ_5 ≤ γ_7, γ_7 ≤ γ_0,
                                  δ_2 ≤ δ_0, δ_2 ≤ δ_5,
                                  δ_3 ≤ δ_0, δ_3 ≤ δ_2,
                                  δ_3 ≤ δ_5, δ_4 ≤ δ_0,
                                  δ_4 ≤ δ_2, δ_4 ≤ δ_3,
                                  δ_4 ≤ δ_5, δ_5 ≤ δ_0,
                                  γ_2 ⋢ γ_1, γ_2 ⋢ γ_7,
                                  γ_2 ⋢ δ_5, γ_6 ⋢ δ_3}
2026-01-13 00:04:49.880 INFO : [Infer.csolve] U-NRClas
2026-01-13 00:04:49.880 INFO : [Infer.ConstraintGraph.add] Adding γ_6 ⋢ γ_5: result = Assumptions: 
 Constraints: {β_1 ≤ β_6, β_1 ≤ β_7, β_1 ≤ β_9, β_1 ≤ β_11,
               β_2 ≤ β_7, β_3 ≤ β_2, β_3 ≤ β_7, β_6 ≤ β_7,
               β_6 ≤ β_9, β_6 ≤ β_11, β_8 ≤ β_1, β_8 ≤ β_5,
               β_8 ≤ β_6, β_8 ≤ β_7, β_8 ≤ β_9, β_8 ≤ β_10,
               β_8 ≤ β_11, β_8 ≤ β_12, β_9 ≤ β_7, β_10 ≤ β_5,
               β_10 ≤ β_12, β_11 ≤ β_7, β_11 ≤ β_9,
               β_12 ≤ β_5, γ_1 ≤ γ_0, γ_1 ≤ γ_2, γ_1 ≤ γ_6,
               γ_2 ≤ γ_6, γ_3 ≤ γ_0, γ_3 ≤ γ_2, γ_3 ≤ γ_4,
               γ_3 ≤ γ_6, γ_3 ≤ γ_7, γ_4 ≤ γ_2, γ_4 ≤ γ_6,
               γ_5 ≤ γ_0, γ_5 ≤ γ_2, γ_5 ≤ γ_3, γ_5 ≤ γ_4,
               γ_5 ≤ γ_6, γ_5 ≤ γ_7, γ_7 ≤ γ_0, δ_2 ≤ δ_0,
               δ_2 ≤ δ_5, δ_3 ≤ δ_0, δ_3 ≤ δ_2, δ_3 ≤ δ_5,
               δ_4 ≤ δ_0, δ_4 ≤ δ_2, δ_4 ≤ δ_3, δ_4 ≤ δ_5,
               δ_5 ≤ δ_0, γ_2 ⋢ γ_1, γ_2 ⋢ γ_7, γ_2 ⋢ δ_5,
               γ_6 ⋢ γ_5, γ_6 ⋢ δ_3}
2026-01-13 00:04:49.880 INFO : [Infer.csolve] Constraints: [γ_6 ⋢ β_1, γ_6 ⋢ β_3, γ_6 ⋢ β_12 -> β_11,
             γ_6 ⋢ γ_1, γ_6 ⋢ γ_2, γ_6 ⋢ γ_3, γ_6 ⋢ γ_4,
             γ_6 ⋢ δ_2]
 Substitution: [β_12 -> β_11/β_4, [<β_10 -> β_9>^γ_7, δ_5]/δ_1,
               β_8 -> β_7/β_0]
 Constraint Graph: Assumptions: 
                    Constraints: {β_1 ≤ β_6, β_1 ≤ β_7,
                                  β_1 ≤ β_9, β_1 ≤ β_11,
                                  β_2 ≤ β_7, β_3 ≤ β_2,
                                  β_3 ≤ β_7, β_6 ≤ β_7,
                                  β_6 ≤ β_9, β_6 ≤ β_11,
                                  β_8 ≤ β_1, β_8 ≤ β_5,
                                  β_8 ≤ β_6, β_8 ≤ β_7,
                                  β_8 ≤ β_9, β_8 ≤ β_10,
                                  β_8 ≤ β_11, β_8 ≤ β_12,
                                  β_9 ≤ β_7, β_10 ≤ β_5,
                                  β_10 ≤ β_12, β_11 ≤ β_7,
                                  β_11 ≤ β_9, β_12 ≤ β_5,
                                  γ_1 ≤ γ_0, γ_1 ≤ γ_2,
                                  γ_1 ≤ γ_6, γ_2 ≤ γ_6,
                                  γ_3 ≤ γ_0, γ_3 ≤ γ_2,
                                  γ_3 ≤ γ_4, γ_3 ≤ γ_6,
                                  γ_3 ≤ γ_7, γ_4 ≤ γ_2,
                                  γ_4 ≤ γ_6, γ_5 ≤ γ_0,
                                  γ_5 ≤ γ_2, γ_5 ≤ γ_3,
                                  γ_5 ≤ γ_4, γ_5 ≤ γ_6,
                                  γ_5 ≤ γ_7, γ_7 ≤ γ_0,
                                  δ_2 ≤ δ_0, δ_2 ≤ δ_5,
                                  δ_3 ≤ δ_0, δ_3 ≤ δ_2,
                                  δ_3 ≤ δ_5, δ_4 ≤ δ_0,
                                  δ_4 ≤ δ_2, δ_4 ≤ δ_3,
                                  δ_4 ≤ δ_5, δ_5 ≤ δ_0,
                                  γ_2 ⋢ γ_1, γ_2 ⋢ γ_7,
                                  γ_2 ⋢ δ_5, γ_6 ⋢ γ_5,
                                  γ_6 ⋢ δ_3}
2026-01-13 00:04:49.880 INFO : [Infer.csolve] U-NRT1
2026-01-13 00:04:49.880 INFO : [Infer.csolve] Constraints: [γ_6 ⋢ β_3, γ_6 ⋢ β_12 -> β_11, γ_6 ⋢ γ_1,
             γ_6 ⋢ γ_2, γ_6 ⋢ γ_3, γ_6 ⋢ γ_4, γ_6 ⋢ δ_2]
 Substitution: [β_12 -> β_11/β_4, [<β_10 -> β_9>^γ_7, δ_5]/δ_1,
               β_8 -> β_7/β_0]
 Constraint Graph: Assumptions: 
                    Constraints: {β_1 ≤ β_6, β_1 ≤ β_7,
                                  β_1 ≤ β_9, β_1 ≤ β_11,
                                  β_2 ≤ β_7, β_3 ≤ β_2,
                                  β_3 ≤ β_7, β_6 ≤ β_7,
                                  β_6 ≤ β_9, β_6 ≤ β_11,
                                  β_8 ≤ β_1, β_8 ≤ β_5,
                                  β_8 ≤ β_6, β_8 ≤ β_7,
                                  β_8 ≤ β_9, β_8 ≤ β_10,
                                  β_8 ≤ β_11, β_8 ≤ β_12,
                                  β_9 ≤ β_7, β_10 ≤ β_5,
                                  β_10 ≤ β_12, β_11 ≤ β_7,
                                  β_11 ≤ β_9, β_12 ≤ β_5,
                                  γ_1 ≤ γ_0, γ_1 ≤ γ_2,
                                  γ_1 ≤ γ_6, γ_2 ≤ γ_6,
                                  γ_3 ≤ γ_0, γ_3 ≤ γ_2,
                                  γ_3 ≤ γ_4, γ_3 ≤ γ_6,
                                  γ_3 ≤ γ_7, γ_4 ≤ γ_2,
                                  γ_4 ≤ γ_6, γ_5 ≤ γ_0,
                                  γ_5 ≤ γ_2, γ_5 ≤ γ_3,
                                  γ_5 ≤ γ_4, γ_5 ≤ γ_6,
                                  γ_5 ≤ γ_7, γ_7 ≤ γ_0,
                                  δ_2 ≤ δ_0, δ_2 ≤ δ_5,
                                  δ_3 ≤ δ_0, δ_3 ≤ δ_2,
                                  δ_3 ≤ δ_5, δ_4 ≤ δ_0,
                                  δ_4 ≤ δ_2, δ_4 ≤ δ_3,
                                  δ_4 ≤ δ_5, δ_5 ≤ δ_0,
                                  γ_2 ⋢ γ_1, γ_2 ⋢ γ_7,
                                  γ_2 ⋢ δ_5, γ_6 ⋢ γ_5,
                                  γ_6 ⋢ δ_3}
2026-01-13 00:04:49.880 INFO : [Infer.csolve] U-NRT1
2026-01-13 00:04:49.880 INFO : [Infer.csolve] Constraints: [γ_6 ⋢ β_12 -> β_11, γ_6 ⋢ γ_1, γ_6 ⋢ γ_2,
             γ_6 ⋢ γ_3, γ_6 ⋢ γ_4, γ_6 ⋢ δ_2]
 Substitution: [β_12 -> β_11/β_4, [<β_10 -> β_9>^γ_7, δ_5]/δ_1,
               β_8 -> β_7/β_0]
 Constraint Graph: Assumptions: 
                    Constraints: {β_1 ≤ β_6, β_1 ≤ β_7,
                                  β_1 ≤ β_9, β_1 ≤ β_11,
                                  β_2 ≤ β_7, β_3 ≤ β_2,
                                  β_3 ≤ β_7, β_6 ≤ β_7,
                                  β_6 ≤ β_9, β_6 ≤ β_11,
                                  β_8 ≤ β_1, β_8 ≤ β_5,
                                  β_8 ≤ β_6, β_8 ≤ β_7,
                                  β_8 ≤ β_9, β_8 ≤ β_10,
                                  β_8 ≤ β_11, β_8 ≤ β_12,
                                  β_9 ≤ β_7, β_10 ≤ β_5,
                                  β_10 ≤ β_12, β_11 ≤ β_7,
                                  β_11 ≤ β_9, β_12 ≤ β_5,
                                  γ_1 ≤ γ_0, γ_1 ≤ γ_2,
                                  γ_1 ≤ γ_6, γ_2 ≤ γ_6,
                                  γ_3 ≤ γ_0, γ_3 ≤ γ_2,
                                  γ_3 ≤ γ_4, γ_3 ≤ γ_6,
                                  γ_3 ≤ γ_7, γ_4 ≤ γ_2,
                                  γ_4 ≤ γ_6, γ_5 ≤ γ_0,
                                  γ_5 ≤ γ_2, γ_5 ≤ γ_3,
                                  γ_5 ≤ γ_4, γ_5 ≤ γ_6,
                                  γ_5 ≤ γ_7, γ_7 ≤ γ_0,
                                  δ_2 ≤ δ_0, δ_2 ≤ δ_5,
                                  δ_3 ≤ δ_0, δ_3 ≤ δ_2,
                                  δ_3 ≤ δ_5, δ_4 ≤ δ_0,
                                  δ_4 ≤ δ_2, δ_4 ≤ δ_3,
                                  δ_4 ≤ δ_5, δ_5 ≤ δ_0,
                                  γ_2 ⋢ γ_1, γ_2 ⋢ γ_7,
                                  γ_2 ⋢ δ_5, γ_6 ⋢ γ_5,
                                  γ_6 ⋢ δ_3}
2026-01-13 00:04:49.880 INFO : [Infer.csolve] U-NRT1
2026-01-13 00:04:49.880 INFO : [Infer.csolve] Constraints: [γ_6 ⋢ γ_1, γ_6 ⋢ γ_2, γ_6 ⋢ γ_3, γ_6 ⋢ γ_4,
             γ_6 ⋢ δ_2]
 Substitution: [β_12 -> β_11/β_4, [<β_10 -> β_9>^γ_7, δ_5]/δ_1,
               β_8 -> β_7/β_0]
 Constraint Graph: Assumptions: 
                    Constraints: {β_1 ≤ β_6, β_1 ≤ β_7,
                                  β_1 ≤ β_9, β_1 ≤ β_11,
                                  β_2 ≤ β_7, β_3 ≤ β_2,
                                  β_3 ≤ β_7, β_6 ≤ β_7,
                                  β_6 ≤ β_9, β_6 ≤ β_11,
                                  β_8 ≤ β_1, β_8 ≤ β_5,
                                  β_8 ≤ β_6, β_8 ≤ β_7,
                                  β_8 ≤ β_9, β_8 ≤ β_10,
                                  β_8 ≤ β_11, β_8 ≤ β_12,
                                  β_9 ≤ β_7, β_10 ≤ β_5,
                                  β_10 ≤ β_12, β_11 ≤ β_7,
                                  β_11 ≤ β_9, β_12 ≤ β_5,
                                  γ_1 ≤ γ_0, γ_1 ≤ γ_2,
                                  γ_1 ≤ γ_6, γ_2 ≤ γ_6,
                                  γ_3 ≤ γ_0, γ_3 ≤ γ_2,
                                  γ_3 ≤ γ_4, γ_3 ≤ γ_6,
                                  γ_3 ≤ γ_7, γ_4 ≤ γ_2,
                                  γ_4 ≤ γ_6, γ_5 ≤ γ_0,
                                  γ_5 ≤ γ_2, γ_5 ≤ γ_3,
                                  γ_5 ≤ γ_4, γ_5 ≤ γ_6,
                                  γ_5 ≤ γ_7, γ_7 ≤ γ_0,
                                  δ_2 ≤ δ_0, δ_2 ≤ δ_5,
                                  δ_3 ≤ δ_0, δ_3 ≤ δ_2,
                                  δ_3 ≤ δ_5, δ_4 ≤ δ_0,
                                  δ_4 ≤ δ_2, δ_4 ≤ δ_3,
                                  δ_4 ≤ δ_5, δ_5 ≤ δ_0,
                                  γ_2 ⋢ γ_1, γ_2 ⋢ γ_7,
                                  γ_2 ⋢ δ_5, γ_6 ⋢ γ_5,
                                  γ_6 ⋢ δ_3}
2026-01-13 00:04:49.880 INFO : [Infer.csolve] U-NRClas
2026-01-13 00:04:49.880 INFO : [Infer.ConstraintGraph.add] Adding γ_6 ⋢ γ_1: result = Assumptions: 
 Constraints: {β_1 ≤ β_6, β_1 ≤ β_7, β_1 ≤ β_9, β_1 ≤ β_11,
               β_2 ≤ β_7, β_3 ≤ β_2, β_3 ≤ β_7, β_6 ≤ β_7,
               β_6 ≤ β_9, β_6 ≤ β_11, β_8 ≤ β_1, β_8 ≤ β_5,
               β_8 ≤ β_6, β_8 ≤ β_7, β_8 ≤ β_9, β_8 ≤ β_10,
               β_8 ≤ β_11, β_8 ≤ β_12, β_9 ≤ β_7, β_10 ≤ β_5,
               β_10 ≤ β_12, β_11 ≤ β_7, β_11 ≤ β_9,
               β_12 ≤ β_5, γ_1 ≤ γ_0, γ_1 ≤ γ_2, γ_1 ≤ γ_6,
               γ_2 ≤ γ_6, γ_3 ≤ γ_0, γ_3 ≤ γ_2, γ_3 ≤ γ_4,
               γ_3 ≤ γ_6, γ_3 ≤ γ_7, γ_4 ≤ γ_2, γ_4 ≤ γ_6,
               γ_5 ≤ γ_0, γ_5 ≤ γ_2, γ_5 ≤ γ_3, γ_5 ≤ γ_4,
               γ_5 ≤ γ_6, γ_5 ≤ γ_7, γ_7 ≤ γ_0, δ_2 ≤ δ_0,
               δ_2 ≤ δ_5, δ_3 ≤ δ_0, δ_3 ≤ δ_2, δ_3 ≤ δ_5,
               δ_4 ≤ δ_0, δ_4 ≤ δ_2, δ_4 ≤ δ_3, δ_4 ≤ δ_5,
               δ_5 ≤ δ_0, γ_2 ⋢ γ_1, γ_2 ⋢ γ_7, γ_2 ⋢ δ_5,
               γ_6 ⋢ γ_1, γ_6 ⋢ γ_5, γ_6 ⋢ δ_3}
2026-01-13 00:04:49.880 INFO : [Infer.csolve] Constraints: [γ_6 ⋢ γ_2, γ_6 ⋢ γ_3, γ_6 ⋢ γ_4, γ_6 ⋢ δ_2]
 Substitution: [β_12 -> β_11/β_4, [<β_10 -> β_9>^γ_7, δ_5]/δ_1,
               β_8 -> β_7/β_0]
 Constraint Graph: Assumptions: 
                    Constraints: {β_1 ≤ β_6, β_1 ≤ β_7,
                                  β_1 ≤ β_9, β_1 ≤ β_11,
                                  β_2 ≤ β_7, β_3 ≤ β_2,
                                  β_3 ≤ β_7, β_6 ≤ β_7,
                                  β_6 ≤ β_9, β_6 ≤ β_11,
                                  β_8 ≤ β_1, β_8 ≤ β_5,
                                  β_8 ≤ β_6, β_8 ≤ β_7,
                                  β_8 ≤ β_9, β_8 ≤ β_10,
                                  β_8 ≤ β_11, β_8 ≤ β_12,
                                  β_9 ≤ β_7, β_10 ≤ β_5,
                                  β_10 ≤ β_12, β_11 ≤ β_7,
                                  β_11 ≤ β_9, β_12 ≤ β_5,
                                  γ_1 ≤ γ_0, γ_1 ≤ γ_2,
                                  γ_1 ≤ γ_6, γ_2 ≤ γ_6,
                                  γ_3 ≤ γ_0, γ_3 ≤ γ_2,
                                  γ_3 ≤ γ_4, γ_3 ≤ γ_6,
                                  γ_3 ≤ γ_7, γ_4 ≤ γ_2,
                                  γ_4 ≤ γ_6, γ_5 ≤ γ_0,
                                  γ_5 ≤ γ_2, γ_5 ≤ γ_3,
                                  γ_5 ≤ γ_4, γ_5 ≤ γ_6,
                                  γ_5 ≤ γ_7, γ_7 ≤ γ_0,
                                  δ_2 ≤ δ_0, δ_2 ≤ δ_5,
                                  δ_3 ≤ δ_0, δ_3 ≤ δ_2,
                                  δ_3 ≤ δ_5, δ_4 ≤ δ_0,
                                  δ_4 ≤ δ_2, δ_4 ≤ δ_3,
                                  δ_4 ≤ δ_5, δ_5 ≤ δ_0,
                                  γ_2 ⋢ γ_1, γ_2 ⋢ γ_7,
                                  γ_2 ⋢ δ_5, γ_6 ⋢ γ_1,
                                  γ_6 ⋢ γ_5, γ_6 ⋢ δ_3}
2026-01-13 00:04:49.880 INFO : [Infer.csolve] U-NRClas
2026-01-13 00:04:49.881 INFO : [Infer.ConstraintGraph.add] Adding γ_6 ⋢ γ_2: result = Assumptions: 
 Constraints: {β_1 ≤ β_6, β_1 ≤ β_7, β_1 ≤ β_9, β_1 ≤ β_11,
               β_2 ≤ β_7, β_3 ≤ β_2, β_3 ≤ β_7, β_6 ≤ β_7,
               β_6 ≤ β_9, β_6 ≤ β_11, β_8 ≤ β_1, β_8 ≤ β_5,
               β_8 ≤ β_6, β_8 ≤ β_7, β_8 ≤ β_9, β_8 ≤ β_10,
               β_8 ≤ β_11, β_8 ≤ β_12, β_9 ≤ β_7, β_10 ≤ β_5,
               β_10 ≤ β_12, β_11 ≤ β_7, β_11 ≤ β_9,
               β_12 ≤ β_5, γ_1 ≤ γ_0, γ_1 ≤ γ_2, γ_1 ≤ γ_6,
               γ_2 ≤ γ_6, γ_3 ≤ γ_0, γ_3 ≤ γ_2, γ_3 ≤ γ_4,
               γ_3 ≤ γ_6, γ_3 ≤ γ_7, γ_4 ≤ γ_2, γ_4 ≤ γ_6,
               γ_5 ≤ γ_0, γ_5 ≤ γ_2, γ_5 ≤ γ_3, γ_5 ≤ γ_4,
               γ_5 ≤ γ_6, γ_5 ≤ γ_7, γ_7 ≤ γ_0, δ_2 ≤ δ_0,
               δ_2 ≤ δ_5, δ_3 ≤ δ_0, δ_3 ≤ δ_2, δ_3 ≤ δ_5,
               δ_4 ≤ δ_0, δ_4 ≤ δ_2, δ_4 ≤ δ_3, δ_4 ≤ δ_5,
               δ_5 ≤ δ_0, γ_2 ⋢ γ_1, γ_2 ⋢ γ_7, γ_2 ⋢ δ_5,
               γ_6 ⋢ γ_1, γ_6 ⋢ γ_2, γ_6 ⋢ γ_5, γ_6 ⋢ δ_3}
2026-01-13 00:04:49.881 INFO : [Infer.csolve] Constraints: [γ_6 ⋢ γ_3, γ_6 ⋢ γ_4, γ_6 ⋢ δ_2]
 Substitution: [β_12 -> β_11/β_4, [<β_10 -> β_9>^γ_7, δ_5]/δ_1,
               β_8 -> β_7/β_0]
 Constraint Graph: Assumptions: 
                    Constraints: {β_1 ≤ β_6, β_1 ≤ β_7,
                                  β_1 ≤ β_9, β_1 ≤ β_11,
                                  β_2 ≤ β_7, β_3 ≤ β_2,
                                  β_3 ≤ β_7, β_6 ≤ β_7,
                                  β_6 ≤ β_9, β_6 ≤ β_11,
                                  β_8 ≤ β_1, β_8 ≤ β_5,
                                  β_8 ≤ β_6, β_8 ≤ β_7,
                                  β_8 ≤ β_9, β_8 ≤ β_10,
                                  β_8 ≤ β_11, β_8 ≤ β_12,
                                  β_9 ≤ β_7, β_10 ≤ β_5,
                                  β_10 ≤ β_12, β_11 ≤ β_7,
                                  β_11 ≤ β_9, β_12 ≤ β_5,
                                  γ_1 ≤ γ_0, γ_1 ≤ γ_2,
                                  γ_1 ≤ γ_6, γ_2 ≤ γ_6,
                                  γ_3 ≤ γ_0, γ_3 ≤ γ_2,
                                  γ_3 ≤ γ_4, γ_3 ≤ γ_6,
                                  γ_3 ≤ γ_7, γ_4 ≤ γ_2,
                                  γ_4 ≤ γ_6, γ_5 ≤ γ_0,
                                  γ_5 ≤ γ_2, γ_5 ≤ γ_3,
                                  γ_5 ≤ γ_4, γ_5 ≤ γ_6,
                                  γ_5 ≤ γ_7, γ_7 ≤ γ_0,
                                  δ_2 ≤ δ_0, δ_2 ≤ δ_5,
                                  δ_3 ≤ δ_0, δ_3 ≤ δ_2,
                                  δ_3 ≤ δ_5, δ_4 ≤ δ_0,
                                  δ_4 ≤ δ_2, δ_4 ≤ δ_3,
                                  δ_4 ≤ δ_5, δ_5 ≤ δ_0,
                                  γ_2 ⋢ γ_1, γ_2 ⋢ γ_7,
                                  γ_2 ⋢ δ_5, γ_6 ⋢ γ_1,
                                  γ_6 ⋢ γ_2, γ_6 ⋢ γ_5,
                                  γ_6 ⋢ δ_3}
2026-01-13 00:04:49.881 INFO : [Infer.csolve] U-NRClas
2026-01-13 00:04:49.881 INFO : [Infer.ConstraintGraph.add] Adding γ_6 ⋢ γ_3: result = Assumptions: 
 Constraints: {β_1 ≤ β_6, β_1 ≤ β_7, β_1 ≤ β_9, β_1 ≤ β_11,
               β_2 ≤ β_7, β_3 ≤ β_2, β_3 ≤ β_7, β_6 ≤ β_7,
               β_6 ≤ β_9, β_6 ≤ β_11, β_8 ≤ β_1, β_8 ≤ β_5,
               β_8 ≤ β_6, β_8 ≤ β_7, β_8 ≤ β_9, β_8 ≤ β_10,
               β_8 ≤ β_11, β_8 ≤ β_12, β_9 ≤ β_7, β_10 ≤ β_5,
               β_10 ≤ β_12, β_11 ≤ β_7, β_11 ≤ β_9,
               β_12 ≤ β_5, γ_1 ≤ γ_0, γ_1 ≤ γ_2, γ_1 ≤ γ_6,
               γ_2 ≤ γ_6, γ_3 ≤ γ_0, γ_3 ≤ γ_2, γ_3 ≤ γ_4,
               γ_3 ≤ γ_6, γ_3 ≤ γ_7, γ_4 ≤ γ_2, γ_4 ≤ γ_6,
               γ_5 ≤ γ_0, γ_5 ≤ γ_2, γ_5 ≤ γ_3, γ_5 ≤ γ_4,
               γ_5 ≤ γ_6, γ_5 ≤ γ_7, γ_7 ≤ γ_0, δ_2 ≤ δ_0,
               δ_2 ≤ δ_5, δ_3 ≤ δ_0, δ_3 ≤ δ_2, δ_3 ≤ δ_5,
               δ_4 ≤ δ_0, δ_4 ≤ δ_2, δ_4 ≤ δ_3, δ_4 ≤ δ_5,
               δ_5 ≤ δ_0, γ_2 ⋢ γ_1, γ_2 ⋢ γ_7, γ_2 ⋢ δ_5,
               γ_6 ⋢ γ_1, γ_6 ⋢ γ_2, γ_6 ⋢ γ_3, γ_6 ⋢ γ_5,
               γ_6 ⋢ δ_3}
2026-01-13 00:04:49.881 INFO : [Infer.csolve] Constraints: [γ_6 ⋢ γ_4, γ_6 ⋢ δ_2]
 Substitution: [β_12 -> β_11/β_4, [<β_10 -> β_9>^γ_7, δ_5]/δ_1,
               β_8 -> β_7/β_0]
 Constraint Graph: Assumptions: 
                    Constraints: {β_1 ≤ β_6, β_1 ≤ β_7,
                                  β_1 ≤ β_9, β_1 ≤ β_11,
                                  β_2 ≤ β_7, β_3 ≤ β_2,
                                  β_3 ≤ β_7, β_6 ≤ β_7,
                                  β_6 ≤ β_9, β_6 ≤ β_11,
                                  β_8 ≤ β_1, β_8 ≤ β_5,
                                  β_8 ≤ β_6, β_8 ≤ β_7,
                                  β_8 ≤ β_9, β_8 ≤ β_10,
                                  β_8 ≤ β_11, β_8 ≤ β_12,
                                  β_9 ≤ β_7, β_10 ≤ β_5,
                                  β_10 ≤ β_12, β_11 ≤ β_7,
                                  β_11 ≤ β_9, β_12 ≤ β_5,
                                  γ_1 ≤ γ_0, γ_1 ≤ γ_2,
                                  γ_1 ≤ γ_6, γ_2 ≤ γ_6,
                                  γ_3 ≤ γ_0, γ_3 ≤ γ_2,
                                  γ_3 ≤ γ_4, γ_3 ≤ γ_6,
                                  γ_3 ≤ γ_7, γ_4 ≤ γ_2,
                                  γ_4 ≤ γ_6, γ_5 ≤ γ_0,
                                  γ_5 ≤ γ_2, γ_5 ≤ γ_3,
                                  γ_5 ≤ γ_4, γ_5 ≤ γ_6,
                                  γ_5 ≤ γ_7, γ_7 ≤ γ_0,
                                  δ_2 ≤ δ_0, δ_2 ≤ δ_5,
                                  δ_3 ≤ δ_0, δ_3 ≤ δ_2,
                                  δ_3 ≤ δ_5, δ_4 ≤ δ_0,
                                  δ_4 ≤ δ_2, δ_4 ≤ δ_3,
                                  δ_4 ≤ δ_5, δ_5 ≤ δ_0,
                                  γ_2 ⋢ γ_1, γ_2 ⋢ γ_7,
                                  γ_2 ⋢ δ_5, γ_6 ⋢ γ_1,
                                  γ_6 ⋢ γ_2, γ_6 ⋢ γ_3,
                                  γ_6 ⋢ γ_5, γ_6 ⋢ δ_3}
2026-01-13 00:04:49.881 INFO : [Infer.csolve] U-NRClas
2026-01-13 00:04:49.881 INFO : [Infer.ConstraintGraph.add] Adding γ_6 ⋢ γ_4: result = Assumptions: 
 Constraints: {β_1 ≤ β_6, β_1 ≤ β_7, β_1 ≤ β_9, β_1 ≤ β_11,
               β_2 ≤ β_7, β_3 ≤ β_2, β_3 ≤ β_7, β_6 ≤ β_7,
               β_6 ≤ β_9, β_6 ≤ β_11, β_8 ≤ β_1, β_8 ≤ β_5,
               β_8 ≤ β_6, β_8 ≤ β_7, β_8 ≤ β_9, β_8 ≤ β_10,
               β_8 ≤ β_11, β_8 ≤ β_12, β_9 ≤ β_7, β_10 ≤ β_5,
               β_10 ≤ β_12, β_11 ≤ β_7, β_11 ≤ β_9,
               β_12 ≤ β_5, γ_1 ≤ γ_0, γ_1 ≤ γ_2, γ_1 ≤ γ_6,
               γ_2 ≤ γ_6, γ_3 ≤ γ_0, γ_3 ≤ γ_2, γ_3 ≤ γ_4,
               γ_3 ≤ γ_6, γ_3 ≤ γ_7, γ_4 ≤ γ_2, γ_4 ≤ γ_6,
               γ_5 ≤ γ_0, γ_5 ≤ γ_2, γ_5 ≤ γ_3, γ_5 ≤ γ_4,
               γ_5 ≤ γ_6, γ_5 ≤ γ_7, γ_7 ≤ γ_0, δ_2 ≤ δ_0,
               δ_2 ≤ δ_5, δ_3 ≤ δ_0, δ_3 ≤ δ_2, δ_3 ≤ δ_5,
               δ_4 ≤ δ_0, δ_4 ≤ δ_2, δ_4 ≤ δ_3, δ_4 ≤ δ_5,
               δ_5 ≤ δ_0, γ_2 ⋢ γ_1, γ_2 ⋢ γ_7, γ_2 ⋢ δ_5,
               γ_6 ⋢ γ_1, γ_6 ⋢ γ_2, γ_6 ⋢ γ_3, γ_6 ⋢ γ_4,
               γ_6 ⋢ γ_5, γ_6 ⋢ δ_3}
2026-01-13 00:04:49.881 INFO : [Infer.csolve] Constraints: [γ_6 ⋢ δ_2]
 Substitution: [β_12 -> β_11/β_4, [<β_10 -> β_9>^γ_7, δ_5]/δ_1,
               β_8 -> β_7/β_0]
 Constraint Graph: Assumptions: 
                    Constraints: {β_1 ≤ β_6, β_1 ≤ β_7,
                                  β_1 ≤ β_9, β_1 ≤ β_11,
                                  β_2 ≤ β_7, β_3 ≤ β_2,
                                  β_3 ≤ β_7, β_6 ≤ β_7,
                                  β_6 ≤ β_9, β_6 ≤ β_11,
                                  β_8 ≤ β_1, β_8 ≤ β_5,
                                  β_8 ≤ β_6, β_8 ≤ β_7,
                                  β_8 ≤ β_9, β_8 ≤ β_10,
                                  β_8 ≤ β_11, β_8 ≤ β_12,
                                  β_9 ≤ β_7, β_10 ≤ β_5,
                                  β_10 ≤ β_12, β_11 ≤ β_7,
                                  β_11 ≤ β_9, β_12 ≤ β_5,
                                  γ_1 ≤ γ_0, γ_1 ≤ γ_2,
                                  γ_1 ≤ γ_6, γ_2 ≤ γ_6,
                                  γ_3 ≤ γ_0, γ_3 ≤ γ_2,
                                  γ_3 ≤ γ_4, γ_3 ≤ γ_6,
                                  γ_3 ≤ γ_7, γ_4 ≤ γ_2,
                                  γ_4 ≤ γ_6, γ_5 ≤ γ_0,
                                  γ_5 ≤ γ_2, γ_5 ≤ γ_3,
                                  γ_5 ≤ γ_4, γ_5 ≤ γ_6,
                                  γ_5 ≤ γ_7, γ_7 ≤ γ_0,
                                  δ_2 ≤ δ_0, δ_2 ≤ δ_5,
                                  δ_3 ≤ δ_0, δ_3 ≤ δ_2,
                                  δ_3 ≤ δ_5, δ_4 ≤ δ_0,
                                  δ_4 ≤ δ_2, δ_4 ≤ δ_3,
                                  δ_4 ≤ δ_5, δ_5 ≤ δ_0,
                                  γ_2 ⋢ γ_1, γ_2 ⋢ γ_7,
                                  γ_2 ⋢ δ_5, γ_6 ⋢ γ_1,
                                  γ_6 ⋢ γ_2, γ_6 ⋢ γ_3,
                                  γ_6 ⋢ γ_4, γ_6 ⋢ γ_5,
                                  γ_6 ⋢ δ_3}
2026-01-13 00:04:49.881 INFO : [Infer.csolve] U-NRVar (Annotation)
2026-01-13 00:04:49.881 INFO : [Infer.ConstraintGraph.add] Adding γ_6 ⋢ δ_2: result = Assumptions: 
 Constraints: {β_1 ≤ β_6, β_1 ≤ β_7, β_1 ≤ β_9, β_1 ≤ β_11,
               β_2 ≤ β_7, β_3 ≤ β_2, β_3 ≤ β_7, β_6 ≤ β_7,
               β_6 ≤ β_9, β_6 ≤ β_11, β_8 ≤ β_1, β_8 ≤ β_5,
               β_8 ≤ β_6, β_8 ≤ β_7, β_8 ≤ β_9, β_8 ≤ β_10,
               β_8 ≤ β_11, β_8 ≤ β_12, β_9 ≤ β_7, β_10 ≤ β_5,
               β_10 ≤ β_12, β_11 ≤ β_7, β_11 ≤ β_9,
               β_12 ≤ β_5, γ_1 ≤ γ_0, γ_1 ≤ γ_2, γ_1 ≤ γ_6,
               γ_2 ≤ γ_6, γ_3 ≤ γ_0, γ_3 ≤ γ_2, γ_3 ≤ γ_4,
               γ_3 ≤ γ_6, γ_3 ≤ γ_7, γ_4 ≤ γ_2, γ_4 ≤ γ_6,
               γ_5 ≤ γ_0, γ_5 ≤ γ_2, γ_5 ≤ γ_3, γ_5 ≤ γ_4,
               γ_5 ≤ γ_6, γ_5 ≤ γ_7, γ_7 ≤ γ_0, δ_2 ≤ δ_0,
               δ_2 ≤ δ_5, δ_3 ≤ δ_0, δ_3 ≤ δ_2, δ_3 ≤ δ_5,
               δ_4 ≤ δ_0, δ_4 ≤ δ_2, δ_4 ≤ δ_3, δ_4 ≤ δ_5,
               δ_5 ≤ δ_0, γ_2 ⋢ γ_1, γ_2 ⋢ γ_7, γ_2 ⋢ δ_5,
               γ_6 ⋢ γ_1, γ_6 ⋢ γ_2, γ_6 ⋢ γ_3, γ_6 ⋢ γ_4,
               γ_6 ⋢ γ_5, γ_6 ⋢ δ_2, γ_6 ⋢ δ_3}
2026-01-13 00:04:49.881 INFO : [Infer.csolve] Constraints: []
 Substitution: [β_12 -> β_11/β_4, [<β_10 -> β_9>^γ_7, δ_5]/δ_1,
               β_8 -> β_7/β_0]
 Constraint Graph: Assumptions: 
                    Constraints: {β_1 ≤ β_6, β_1 ≤ β_7,
                                  β_1 ≤ β_9, β_1 ≤ β_11,
                                  β_2 ≤ β_7, β_3 ≤ β_2,
                                  β_3 ≤ β_7, β_6 ≤ β_7,
                                  β_6 ≤ β_9, β_6 ≤ β_11,
                                  β_8 ≤ β_1, β_8 ≤ β_5,
                                  β_8 ≤ β_6, β_8 ≤ β_7,
                                  β_8 ≤ β_9, β_8 ≤ β_10,
                                  β_8 ≤ β_11, β_8 ≤ β_12,
                                  β_9 ≤ β_7, β_10 ≤ β_5,
                                  β_10 ≤ β_12, β_11 ≤ β_7,
                                  β_11 ≤ β_9, β_12 ≤ β_5,
                                  γ_1 ≤ γ_0, γ_1 ≤ γ_2,
                                  γ_1 ≤ γ_6, γ_2 ≤ γ_6,
                                  γ_3 ≤ γ_0, γ_3 ≤ γ_2,
                                  γ_3 ≤ γ_4, γ_3 ≤ γ_6,
                                  γ_3 ≤ γ_7, γ_4 ≤ γ_2,
                                  γ_4 ≤ γ_6, γ_5 ≤ γ_0,
                                  γ_5 ≤ γ_2, γ_5 ≤ γ_3,
                                  γ_5 ≤ γ_4, γ_5 ≤ γ_6,
                                  γ_5 ≤ γ_7, γ_7 ≤ γ_0,
                                  δ_2 ≤ δ_0, δ_2 ≤ δ_5,
                                  δ_3 ≤ δ_0, δ_3 ≤ δ_2,
                                  δ_3 ≤ δ_5, δ_4 ≤ δ_0,
                                  δ_4 ≤ δ_2, δ_4 ≤ δ_3,
                                  δ_4 ≤ δ_5, δ_5 ≤ δ_0,
                                  γ_2 ⋢ γ_1, γ_2 ⋢ γ_7,
                                  γ_2 ⋢ δ_5, γ_6 ⋢ γ_1,
                                  γ_6 ⋢ γ_2, γ_6 ⋢ γ_3,
                                  γ_6 ⋢ γ_4, γ_6 ⋢ γ_5,
                                  γ_6 ⋢ δ_2, γ_6 ⋢ δ_3}
2026-01-13 00:04:49.881 INFO : [Infer.csolve] All constraints solved.
2026-01-13 00:04:49.881 INFO : [eval]: Embedding the expression {cfun x -> shift0 k in cfun y -> x} into a redex
2026-01-13 00:04:49.881 INFO : [EvaluationContext.from_exp]: Converting the expression {cfun x -> shift0 k in cfun y -> x} into an evaluation context
2026-01-13 00:04:49.881 INFO : [EvaluationContext.from_exp]: Converting the expression cfun x -> shift0 k in cfun y -> x into an evaluation context
