2026-01-13 15:40:43.271 INFO : Running from file: ex/ex3.txt
2026-01-13 15:40:43.273 INFO : [Infer.TypeContext.add] f : α_0, 
2026-01-13 15:40:43.273 INFO : [Infer.TypeContext.add] f : α_0, y : <β_2>^γ_2, 
2026-01-13 15:40:43.273 INFO : [Infer.TypeContext.add_cstr] f : α_0, y : <β_2>^γ_2, γ_1 ≤ γ_2
2026-01-13 15:40:43.273 INFO : [Infer.TypeContext.add] f : α_0, y : <β_2>^γ_2, k : <β_4>^γ_4 -{δ_3}-> <β_5>^γ_3,
 γ_1 ≤ γ_2
2026-01-13 15:40:43.274 INFO : [Infer.PolyContext.lookup] Looking up f in [cint :  ∀{γ_0, δ_0}. ( => []) => int -[δ_0]-> <int>^γ_0,
capp :  ∀{γ_0, δ_0}. ( => []) =>
        <β_0 -> β_1>^γ_0 -[δ_0]-> <β_0>^γ_0 -[δ_1]-> <β_1>^γ_0]
2026-01-13 15:40:43.274 INFO : [Infer.TypeContext.lookup] Looking up f in f : α_0, y : <β_2>^γ_2, k : <β_4>^γ_4 -{δ_3}-> <β_5>^γ_3,
 γ_1 ≤ γ_2
2026-01-13 15:40:43.274 INFO : [Infer.CGenDeriv.trace] f : α_0, y : <β_2>^γ_2, k : <β_4>^γ_4 -{δ_3}-> <β_5>^γ_3,
 γ_1 ≤ γ_2 ;
 [cint :  ∀{γ_0, δ_0}. ( => []) => int -[δ_0]-> <int>^γ_0,
 capp :  ∀{γ_0, δ_0}. ( => []) =>
         <β_0 -> β_1>^γ_0 -[δ_0]-> <β_0>^γ_0 -[δ_1]-> <β_1>^γ_0] |-
 f ===> α_0 ; δ_4 |_({δ_4}) γ_1 ≤ γ_2 => [] 
2026-01-13 15:40:43.274 INFO : [Infer.PolyContext.lookup] Looking up y in [cint :  ∀{γ_0, δ_0}. ( => []) => int -[δ_0]-> <int>^γ_0,
capp :  ∀{γ_0, δ_0}. ( => []) =>
        <β_0 -> β_1>^γ_0 -[δ_0]-> <β_0>^γ_0 -[δ_1]-> <β_1>^γ_0]
2026-01-13 15:40:43.274 INFO : [Infer.TypeContext.lookup] Looking up y in f : α_0, y : <β_2>^γ_2, k : <β_4>^γ_4 -{δ_3}-> <β_5>^γ_3,
 γ_1 ≤ γ_2
2026-01-13 15:40:43.274 INFO : [Infer.CGenDeriv.trace] f : α_0, y : <β_2>^γ_2, k : <β_4>^γ_4 -{δ_3}-> <β_5>^γ_3,
 γ_1 ≤ γ_2 ;
 [cint :  ∀{γ_0, δ_0}. ( => []) => int -[δ_0]-> <int>^γ_0,
 capp :  ∀{γ_0, δ_0}. ( => []) =>
         <β_0 -> β_1>^γ_0 -[δ_0]-> <β_0>^γ_0 -[δ_1]-> <β_1>^γ_0] |-
 y ===> <β_2>^γ_2 ; δ_5 |_({δ_5}) γ_1 ≤ γ_2 => [] 
2026-01-13 15:40:43.274 INFO : [Infer.CGenDeriv.trace] f : α_0, y : <β_2>^γ_2, k : <β_4>^γ_4 -{δ_3}-> <β_5>^γ_3,
 γ_1 ≤ γ_2 ;
 [cint :  ∀{γ_0, δ_0}. ( => []) => int -[δ_0]-> <int>^γ_0,
 capp :  ∀{γ_0, δ_0}. ( => []) =>
         <β_0 -> β_1>^γ_0 -[δ_0]-> <β_0>^γ_0 -[δ_1]-> <β_1>^γ_0] |-
 f y ===>
 α_1 ; δ_6 |_({α_1, δ_4, δ_5, δ_6}) γ_1 ≤ γ_2, γ_1 ≤ γ_2 =>
  [α_0 ≤ <β_2>^γ_2 -[δ_6]-> α_1, δ_4 ≤ δ_6, δ_5 ≤ δ_6] 
2026-01-13 15:40:43.274 INFO : [Infer.CGenDeriv.trace] f : α_0, y : <β_2>^γ_2, γ_1 ≤ γ_2 ;
 [cint :  ∀{γ_0, δ_0}. ( => []) => int -[δ_0]-> <int>^γ_0,
 capp :  ∀{γ_0, δ_0}. ( => []) =>
         <β_0 -> β_1>^γ_0 -[δ_0]-> <β_0>^γ_0 -[δ_1]-> <β_1>^γ_0] |-
 shift0 k in f y ===>
 <β_4>^γ_4 ; [<β_5>^γ_3, δ_3]
  |_({α_1, β_4, β_5, γ_3, γ_4, δ_3, δ_4, δ_5, δ_6})
  γ_1 ≤ γ_2, γ_1 ≤ γ_2 =>
  [α_1 ≤ <β_5>^γ_3, δ_6 ≤ δ_3, γ_3 ≤ γ_4,
  α_0 ≤ <β_2>^γ_2 -[δ_6]-> α_1, δ_4 ≤ δ_6, δ_5 ≤ δ_6] 
2026-01-13 15:40:43.274 INFO : [Infer.CGenDeriv.trace] f : α_0,  ;
 [cint :  ∀{γ_0, δ_0}. ( => []) => int -[δ_0]-> <int>^γ_0,
 capp :  ∀{γ_0, δ_0}. ( => []) =>
         <β_0 -> β_1>^γ_0 -[δ_0]-> <β_0>^γ_0 -[δ_1]-> <β_1>^γ_0] |-
 cfun y -> shift0 k in f y ===>
 <β_2 -> β_3>^γ_1 ; δ_2
  |_({α_1, β_2, β_3, β_4, β_5, γ_1, γ_2, γ_3, γ_4, δ_2, δ_3, δ_4,
      δ_5, δ_6}) γ_1 ≤ γ_2, γ_1 ≤ γ_2 =>
  [γ_1 ≤ γ_2, <β_4>^γ_4 ≤ <β_3>^γ_2, [<β_5>^γ_3, δ_3] ≤ δ_2,
  γ_2 ⋢ δ_2, γ_2 ⋢ γ_1, γ_2 ⋢ α_0, α_1 ≤ <β_5>^γ_3,
  δ_6 ≤ δ_3, γ_3 ≤ γ_4, α_0 ≤ <β_2>^γ_2 -[δ_6]-> α_1,
  δ_4 ≤ δ_6, δ_5 ≤ δ_6] 
2026-01-13 15:40:43.274 INFO : [Infer.CGenDeriv.trace] ,  ;
 [cint :  ∀{γ_0, δ_0}. ( => []) => int -[δ_0]-> <int>^γ_0,
 capp :  ∀{γ_0, δ_0}. ( => []) =>
         <β_0 -> β_1>^γ_0 -[δ_0]-> <β_0>^γ_0 -[δ_1]-> <β_1>^γ_0] |-
 fun f -> cfun y -> shift0 k in f y ===>
 α_0 -[δ_2]-> <β_2 -> β_3>^γ_1 ; δ_7
  |_({α_0, α_1, β_2, β_3, β_4, β_5, γ_1, γ_2, γ_3, γ_4, δ_2, δ_3,
      δ_4, δ_5, δ_6, δ_7}) γ_1 ≤ γ_2, γ_1 ≤ γ_2 =>
  [γ_1 ≤ γ_2, <β_4>^γ_4 ≤ <β_3>^γ_2, [<β_5>^γ_3, δ_3] ≤ δ_2,
  γ_2 ⋢ δ_2, γ_2 ⋢ γ_1, γ_2 ⋢ α_0, α_1 ≤ <β_5>^γ_3,
  δ_6 ≤ δ_3, γ_3 ≤ γ_4, α_0 ≤ <β_2>^γ_2 -[δ_6]-> α_1,
  δ_4 ≤ δ_6, δ_5 ≤ δ_6] 
2026-01-13 15:40:43.274 INFO : [Infer.csolve] Constraints: [γ_1 ≤ γ_2, <β_4>^γ_4 ≤ <β_3>^γ_2,
             [<β_5>^γ_3, δ_3] ≤ δ_2, γ_2 ⋢ δ_2, γ_2 ⋢ γ_1,
             γ_2 ⋢ α_0, α_1 ≤ <β_5>^γ_3, δ_6 ≤ δ_3,
             γ_3 ≤ γ_4, α_0 ≤ <β_2>^γ_2 -[δ_6]-> α_1,
             δ_4 ≤ δ_6, δ_5 ≤ δ_6] Substitution: []
 Constraint Graph: Assumptions:  Constraints: {}
2026-01-13 15:40:43.274 INFO : [Infer.csolve] U-Clas
2026-01-13 15:40:43.274 INFO : [Infer.ConstraintGraph.Elem.prod] {γ_1}, {γ_2} ===> [γ_1 ≤ γ_2]
2026-01-13 15:40:43.274 INFO : [Infer.ConstraintGraph.add] Adding γ_1 <= γ_2: result = Assumptions:  Constraints: {γ_1 ≤ γ_2}
2026-01-13 15:40:43.275 INFO : [Infer.csolve] Constraints: [<β_4>^γ_4 ≤ <β_3>^γ_2, [<β_5>^γ_3, δ_3] ≤ δ_2,
             γ_2 ⋢ δ_2, γ_2 ⋢ γ_1, γ_2 ⋢ α_0,
             α_1 ≤ <β_5>^γ_3, δ_6 ≤ δ_3, γ_3 ≤ γ_4,
             α_0 ≤ <β_2>^γ_2 -[δ_6]-> α_1, δ_4 ≤ δ_6,
             δ_5 ≤ δ_6] Substitution: []
 Constraint Graph: Assumptions:  Constraints: {γ_1 ≤ γ_2}
2026-01-13 15:40:43.275 INFO : [Infer.csolve] U-TCode
2026-01-13 15:40:43.275 INFO : [Infer.csolve] Constraints: [β_4 ≤ β_3, γ_4 ≤ γ_2, [<β_5>^γ_3, δ_3] ≤ δ_2,
             γ_2 ⋢ δ_2, γ_2 ⋢ γ_1, γ_2 ⋢ α_0,
             α_1 ≤ <β_5>^γ_3, δ_6 ≤ δ_3, γ_3 ≤ γ_4,
             α_0 ≤ <β_2>^γ_2 -[δ_6]-> α_1, δ_4 ≤ δ_6,
             δ_5 ≤ δ_6] Substitution: []
 Constraint Graph: Assumptions:  Constraints: {γ_1 ≤ γ_2}
2026-01-13 15:40:43.275 INFO : [Infer.csolve] U-Var (Level1)
2026-01-13 15:40:43.275 INFO : [Infer.ConstraintGraph.Elem.prod] {β_4}, {β_3} ===> [β_4 ≤ β_3]
2026-01-13 15:40:43.275 INFO : [Infer.ConstraintGraph.add] Adding β_4 <= β_3: result = Assumptions:  Constraints: {β_4 ≤ β_3, γ_1 ≤ γ_2}
2026-01-13 15:40:43.275 INFO : [Infer.csolve] Constraints: [γ_4 ≤ γ_2, [<β_5>^γ_3, δ_3] ≤ δ_2, γ_2 ⋢ δ_2,
             γ_2 ⋢ γ_1, γ_2 ⋢ α_0, α_1 ≤ <β_5>^γ_3,
             δ_6 ≤ δ_3, γ_3 ≤ γ_4,
             α_0 ≤ <β_2>^γ_2 -[δ_6]-> α_1, δ_4 ≤ δ_6,
             δ_5 ≤ δ_6] Substitution: []
 Constraint Graph: Assumptions:  Constraints: {β_4 ≤ β_3, γ_1 ≤ γ_2}
2026-01-13 15:40:43.275 INFO : [Infer.csolve] U-Clas
2026-01-13 15:40:43.275 INFO : [Infer.ConstraintGraph.Elem.prod] {γ_4}, {γ_2} ===> [γ_4 ≤ γ_2]
2026-01-13 15:40:43.275 INFO : [Infer.ConstraintGraph.add] Adding γ_4 <= γ_2: result = Assumptions:  Constraints: {β_4 ≤ β_3, γ_1 ≤ γ_2, γ_4 ≤ γ_2}
2026-01-13 15:40:43.275 INFO : [Infer.csolve] Constraints: [[<β_5>^γ_3, δ_3] ≤ δ_2, γ_2 ⋢ δ_2, γ_2 ⋢ γ_1,
             γ_2 ⋢ α_0, α_1 ≤ <β_5>^γ_3, δ_6 ≤ δ_3,
             γ_3 ≤ γ_4, α_0 ≤ <β_2>^γ_2 -[δ_6]-> α_1,
             δ_4 ≤ δ_6, δ_5 ≤ δ_6] Substitution: []
 Constraint Graph: Assumptions: 
                    Constraints: {β_4 ≤ β_3, γ_1 ≤ γ_2,
                                  γ_4 ≤ γ_2}
2026-01-13 15:40:43.275 INFO : [Infer.ConstraintGraph.occurs_check] Occurs check: {{δ_2}} (= {v| v ~ δ_2} ) ⊄ FV([<β_5>^γ_3, δ_3]) === false
2026-01-13 15:40:43.275 INFO : [Infer.csolve] U-RVar (Annotation)
2026-01-13 15:40:43.275 INFO : [Substitution.Subst.refresh_and_gen_subst] {δ_2}, [<β_5>^γ_3, δ_3] ===> [[<β_6>^γ_5, δ_8]/δ_2]
2026-01-13 15:40:43.275 INFO : [Infer.ConstraintGraph.elim_sim] Eliminating variable: δ_2
2026-01-13 15:40:43.275 INFO : [Infer.csolve] Constraints: [[<β_5>^γ_3, δ_3] ≤ [<β_6>^γ_5, δ_8],
             γ_2 ⋢ [<β_6>^γ_5, δ_8], γ_2 ⋢ γ_1, γ_2 ⋢ α_0,
             α_1 ≤ <β_5>^γ_3, δ_6 ≤ δ_3, γ_3 ≤ γ_4,
             α_0 ≤ <β_2>^γ_2 -[δ_6]-> α_1, δ_4 ≤ δ_6,
             δ_5 ≤ δ_6] Substitution: [[<β_6>^γ_5, δ_8]/δ_2]
 Constraint Graph: Assumptions: 
                    Constraints: {β_4 ≤ β_3, γ_1 ≤ γ_2,
                                  γ_4 ≤ γ_2}
2026-01-13 15:40:43.275 INFO : [Infer.csolve] AnnSeq
2026-01-13 15:40:43.275 INFO : [Infer.csolve] Constraints: [<β_5>^γ_3 ≤ <β_6>^γ_5, δ_3 ≤ δ_8,
             γ_2 ⋢ [<β_6>^γ_5, δ_8], γ_2 ⋢ γ_1, γ_2 ⋢ α_0,
             α_1 ≤ <β_5>^γ_3, δ_6 ≤ δ_3, γ_3 ≤ γ_4,
             α_0 ≤ <β_2>^γ_2 -[δ_6]-> α_1, δ_4 ≤ δ_6,
             δ_5 ≤ δ_6] Substitution: [[<β_6>^γ_5, δ_8]/δ_2]
 Constraint Graph: Assumptions: 
                    Constraints: {β_4 ≤ β_3, γ_1 ≤ γ_2,
                                  γ_4 ≤ γ_2}
2026-01-13 15:40:43.275 INFO : [Infer.csolve] U-TCode
2026-01-13 15:40:43.275 INFO : [Infer.csolve] Constraints: [β_5 ≤ β_6, γ_3 ≤ γ_5, δ_3 ≤ δ_8,
             γ_2 ⋢ [<β_6>^γ_5, δ_8], γ_2 ⋢ γ_1, γ_2 ⋢ α_0,
             α_1 ≤ <β_5>^γ_3, δ_6 ≤ δ_3, γ_3 ≤ γ_4,
             α_0 ≤ <β_2>^γ_2 -[δ_6]-> α_1, δ_4 ≤ δ_6,
             δ_5 ≤ δ_6] Substitution: [[<β_6>^γ_5, δ_8]/δ_2]
 Constraint Graph: Assumptions: 
                    Constraints: {β_4 ≤ β_3, γ_1 ≤ γ_2,
                                  γ_4 ≤ γ_2}
2026-01-13 15:40:43.275 INFO : [Infer.csolve] U-Var (Level1)
2026-01-13 15:40:43.275 INFO : [Infer.ConstraintGraph.Elem.prod] {β_5}, {β_6} ===> [β_5 ≤ β_6]
2026-01-13 15:40:43.275 INFO : [Infer.ConstraintGraph.add] Adding β_5 <= β_6: result = Assumptions: 
 Constraints: {β_4 ≤ β_3, β_5 ≤ β_6, γ_1 ≤ γ_2, γ_4 ≤ γ_2}
2026-01-13 15:40:43.275 INFO : [Infer.csolve] Constraints: [γ_3 ≤ γ_5, δ_3 ≤ δ_8, γ_2 ⋢ [<β_6>^γ_5, δ_8],
             γ_2 ⋢ γ_1, γ_2 ⋢ α_0, α_1 ≤ <β_5>^γ_3,
             δ_6 ≤ δ_3, γ_3 ≤ γ_4,
             α_0 ≤ <β_2>^γ_2 -[δ_6]-> α_1, δ_4 ≤ δ_6,
             δ_5 ≤ δ_6] Substitution: [[<β_6>^γ_5, δ_8]/δ_2]
 Constraint Graph: Assumptions: 
                    Constraints: {β_4 ≤ β_3, β_5 ≤ β_6,
                                  γ_1 ≤ γ_2, γ_4 ≤ γ_2}
2026-01-13 15:40:43.275 INFO : [Infer.csolve] U-Clas
2026-01-13 15:40:43.275 INFO : [Infer.ConstraintGraph.Elem.prod] {γ_3}, {γ_5} ===> [γ_3 ≤ γ_5]
2026-01-13 15:40:43.275 INFO : [Infer.ConstraintGraph.add] Adding γ_3 <= γ_5: result = Assumptions: 
 Constraints: {β_4 ≤ β_3, β_5 ≤ β_6, γ_1 ≤ γ_2, γ_3 ≤ γ_5,
               γ_4 ≤ γ_2}
2026-01-13 15:40:43.275 INFO : [Infer.csolve] Constraints: [δ_3 ≤ δ_8, γ_2 ⋢ [<β_6>^γ_5, δ_8], γ_2 ⋢ γ_1,
             γ_2 ⋢ α_0, α_1 ≤ <β_5>^γ_3, δ_6 ≤ δ_3,
             γ_3 ≤ γ_4, α_0 ≤ <β_2>^γ_2 -[δ_6]-> α_1,
             δ_4 ≤ δ_6, δ_5 ≤ δ_6]
 Substitution: [[<β_6>^γ_5, δ_8]/δ_2]
 Constraint Graph: Assumptions: 
                    Constraints: {β_4 ≤ β_3, β_5 ≤ β_6,
                                  γ_1 ≤ γ_2, γ_3 ≤ γ_5,
                                  γ_4 ≤ γ_2}
2026-01-13 15:40:43.276 INFO : [Infer.csolve] U-Var (Annotation)
2026-01-13 15:40:43.276 INFO : [Infer.ConstraintGraph.Elem.prod] {δ_3}, {δ_8} ===> [δ_3 ≤ δ_8]
2026-01-13 15:40:43.276 INFO : [Infer.ConstraintGraph.add] Adding δ_3 <= δ_8: result = Assumptions: 
 Constraints: {β_4 ≤ β_3, β_5 ≤ β_6, γ_1 ≤ γ_2, γ_3 ≤ γ_5,
               γ_4 ≤ γ_2, δ_3 ≤ δ_8}
2026-01-13 15:40:43.276 INFO : [Infer.csolve] Constraints: [γ_2 ⋢ [<β_6>^γ_5, δ_8], γ_2 ⋢ γ_1, γ_2 ⋢ α_0,
             α_1 ≤ <β_5>^γ_3, δ_6 ≤ δ_3, γ_3 ≤ γ_4,
             α_0 ≤ <β_2>^γ_2 -[δ_6]-> α_1, δ_4 ≤ δ_6,
             δ_5 ≤ δ_6] Substitution: [[<β_6>^γ_5, δ_8]/δ_2]
 Constraint Graph: Assumptions: 
                    Constraints: {β_4 ≤ β_3, β_5 ≤ β_6,
                                  γ_1 ≤ γ_2, γ_3 ≤ γ_5,
                                  γ_4 ≤ γ_2, δ_3 ≤ δ_8}
2026-01-13 15:40:43.276 INFO : [Infer.csolve] U-NRAnnSeq
2026-01-13 15:40:43.276 INFO : [Infer.csolve] Constraints: [γ_2 ⋢ <β_6>^γ_5, γ_2 ⋢ δ_8, γ_2 ⋢ γ_1,
             γ_2 ⋢ α_0, α_1 ≤ <β_5>^γ_3, δ_6 ≤ δ_3,
             γ_3 ≤ γ_4, α_0 ≤ <β_2>^γ_2 -[δ_6]-> α_1,
             δ_4 ≤ δ_6, δ_5 ≤ δ_6]
 Substitution: [[<β_6>^γ_5, δ_8]/δ_2]
 Constraint Graph: Assumptions: 
                    Constraints: {β_4 ≤ β_3, β_5 ≤ β_6,
                                  γ_1 ≤ γ_2, γ_3 ≤ γ_5,
                                  γ_4 ≤ γ_2, δ_3 ≤ δ_8}
2026-01-13 15:40:43.276 INFO : [Infer.csolve] U-NRTCode
2026-01-13 15:40:43.276 INFO : [Infer.csolve] Constraints: [γ_2 ⋢ β_6, γ_2 ⋢ γ_5, γ_2 ⋢ δ_8, γ_2 ⋢ γ_1,
             γ_2 ⋢ α_0, α_1 ≤ <β_5>^γ_3, δ_6 ≤ δ_3,
             γ_3 ≤ γ_4, α_0 ≤ <β_2>^γ_2 -[δ_6]-> α_1,
             δ_4 ≤ δ_6, δ_5 ≤ δ_6]
 Substitution: [[<β_6>^γ_5, δ_8]/δ_2]
 Constraint Graph: Assumptions: 
                    Constraints: {β_4 ≤ β_3, β_5 ≤ β_6,
                                  γ_1 ≤ γ_2, γ_3 ≤ γ_5,
                                  γ_4 ≤ γ_2, δ_3 ≤ δ_8}
2026-01-13 15:40:43.276 INFO : [Infer.csolve] U-NRT1
2026-01-13 15:40:43.276 INFO : [Infer.csolve] Constraints: [γ_2 ⋢ γ_5, γ_2 ⋢ δ_8, γ_2 ⋢ γ_1, γ_2 ⋢ α_0,
             α_1 ≤ <β_5>^γ_3, δ_6 ≤ δ_3, γ_3 ≤ γ_4,
             α_0 ≤ <β_2>^γ_2 -[δ_6]-> α_1, δ_4 ≤ δ_6,
             δ_5 ≤ δ_6] Substitution: [[<β_6>^γ_5, δ_8]/δ_2]
 Constraint Graph: Assumptions: 
                    Constraints: {β_4 ≤ β_3, β_5 ≤ β_6,
                                  γ_1 ≤ γ_2, γ_3 ≤ γ_5,
                                  γ_4 ≤ γ_2, δ_3 ≤ δ_8}
2026-01-13 15:40:43.276 INFO : [Infer.csolve] U-NRClas
2026-01-13 15:40:43.276 INFO : [Infer.ConstraintGraph.add] Adding γ_2 ⋢ γ_5: result = Assumptions: 
 Constraints: {β_4 ≤ β_3, β_5 ≤ β_6, γ_1 ≤ γ_2, γ_3 ≤ γ_5,
               γ_4 ≤ γ_2, δ_3 ≤ δ_8, γ_2 ⋢ γ_5}
2026-01-13 15:40:43.276 INFO : [Infer.csolve] Constraints: [γ_2 ⋢ δ_8, γ_2 ⋢ γ_1, γ_2 ⋢ α_0,
             α_1 ≤ <β_5>^γ_3, δ_6 ≤ δ_3, γ_3 ≤ γ_4,
             α_0 ≤ <β_2>^γ_2 -[δ_6]-> α_1, δ_4 ≤ δ_6,
             δ_5 ≤ δ_6] Substitution: [[<β_6>^γ_5, δ_8]/δ_2]
 Constraint Graph: Assumptions: 
                    Constraints: {β_4 ≤ β_3, β_5 ≤ β_6,
                                  γ_1 ≤ γ_2, γ_3 ≤ γ_5,
                                  γ_4 ≤ γ_2, δ_3 ≤ δ_8,
                                  γ_2 ⋢ γ_5}
2026-01-13 15:40:43.276 INFO : [Infer.csolve] U-NRVar (Annotation)
2026-01-13 15:40:43.276 INFO : [Infer.ConstraintGraph.add] Adding γ_2 ⋢ δ_8: result = Assumptions: 
 Constraints: {β_4 ≤ β_3, β_5 ≤ β_6, γ_1 ≤ γ_2, γ_3 ≤ γ_5,
               γ_4 ≤ γ_2, δ_3 ≤ δ_8, γ_2 ⋢ γ_5, γ_2 ⋢ δ_8}
2026-01-13 15:40:43.276 INFO : [Infer.csolve] Constraints: [γ_2 ⋢ γ_1, γ_2 ⋢ α_0, α_1 ≤ <β_5>^γ_3,
             δ_6 ≤ δ_3, γ_3 ≤ γ_4,
             α_0 ≤ <β_2>^γ_2 -[δ_6]-> α_1, δ_4 ≤ δ_6,
             δ_5 ≤ δ_6] Substitution: [[<β_6>^γ_5, δ_8]/δ_2]
 Constraint Graph: Assumptions: 
                    Constraints: {β_4 ≤ β_3, β_5 ≤ β_6,
                                  γ_1 ≤ γ_2, γ_3 ≤ γ_5,
                                  γ_4 ≤ γ_2, δ_3 ≤ δ_8,
                                  γ_2 ⋢ γ_5, γ_2 ⋢ δ_8}
2026-01-13 15:40:43.276 INFO : [Infer.csolve] U-NRClas
2026-01-13 15:40:43.276 INFO : [Infer.ConstraintGraph.add] Adding γ_2 ⋢ γ_1: result = Assumptions: 
 Constraints: {β_4 ≤ β_3, β_5 ≤ β_6, γ_1 ≤ γ_2, γ_3 ≤ γ_5,
               γ_4 ≤ γ_2, δ_3 ≤ δ_8, γ_2 ⋢ γ_1, γ_2 ⋢ γ_5,
               γ_2 ⋢ δ_8}
2026-01-13 15:40:43.276 INFO : [Infer.csolve] Constraints: [γ_2 ⋢ α_0, α_1 ≤ <β_5>^γ_3, δ_6 ≤ δ_3,
             γ_3 ≤ γ_4, α_0 ≤ <β_2>^γ_2 -[δ_6]-> α_1,
             δ_4 ≤ δ_6, δ_5 ≤ δ_6]
 Substitution: [[<β_6>^γ_5, δ_8]/δ_2]
 Constraint Graph: Assumptions: 
                    Constraints: {β_4 ≤ β_3, β_5 ≤ β_6,
                                  γ_1 ≤ γ_2, γ_3 ≤ γ_5,
                                  γ_4 ≤ γ_2, δ_3 ≤ δ_8,
                                  γ_2 ⋢ γ_1, γ_2 ⋢ γ_5,
                                  γ_2 ⋢ δ_8}
2026-01-13 15:40:43.276 INFO : [Infer.csolve] U-NRVar (Level0)
2026-01-13 15:40:43.276 INFO : [Infer.ConstraintGraph.add] Adding γ_2 ⋢ α_0: result = Assumptions: 
 Constraints: {β_4 ≤ β_3, β_5 ≤ β_6, γ_1 ≤ γ_2, γ_3 ≤ γ_5,
               γ_4 ≤ γ_2, δ_3 ≤ δ_8, γ_2 ⋢ α_0, γ_2 ⋢ γ_1,
               γ_2 ⋢ γ_5, γ_2 ⋢ δ_8}
2026-01-13 15:40:43.276 INFO : [Infer.csolve] Constraints: [α_1 ≤ <β_5>^γ_3, δ_6 ≤ δ_3, γ_3 ≤ γ_4,
             α_0 ≤ <β_2>^γ_2 -[δ_6]-> α_1, δ_4 ≤ δ_6,
             δ_5 ≤ δ_6] Substitution: [[<β_6>^γ_5, δ_8]/δ_2]
 Constraint Graph: Assumptions: 
                    Constraints: {β_4 ≤ β_3, β_5 ≤ β_6,
                                  γ_1 ≤ γ_2, γ_3 ≤ γ_5,
                                  γ_4 ≤ γ_2, δ_3 ≤ δ_8,
                                  γ_2 ⋢ α_0, γ_2 ⋢ γ_1,
                                  γ_2 ⋢ γ_5, γ_2 ⋢ δ_8}
2026-01-13 15:40:43.276 INFO : [Infer.ConstraintGraph.occurs_check] Occurs check: {{α_1}} (= {v| v ~ α_1} ) ⊄ FV(<β_5>^γ_3) === false
2026-01-13 15:40:43.276 INFO : [Infer.csolve] U-LVar (Level0)
2026-01-13 15:40:43.276 INFO : [Substitution.Subst.refresh_and_gen_subst] {α_1}, <β_5>^γ_3 ===> [<β_7>^γ_6/α_1]
2026-01-13 15:40:43.276 INFO : [Infer.ConstraintGraph.elim_sim] Eliminating variable: α_1
2026-01-13 15:40:43.276 INFO : [Infer.csolve] Constraints: [<β_7>^γ_6 ≤ <β_5>^γ_3, δ_6 ≤ δ_3, γ_3 ≤ γ_4,
             α_0 ≤ <β_2>^γ_2 -[δ_6]-> <β_7>^γ_6, δ_4 ≤ δ_6,
             δ_5 ≤ δ_6]
 Substitution: [<β_7>^γ_6/α_1, [<β_6>^γ_5, δ_8]/δ_2]
 Constraint Graph: Assumptions: 
                    Constraints: {β_4 ≤ β_3, β_5 ≤ β_6,
                                  γ_1 ≤ γ_2, γ_3 ≤ γ_5,
                                  γ_4 ≤ γ_2, δ_3 ≤ δ_8,
                                  γ_2 ⋢ α_0, γ_2 ⋢ γ_1,
                                  γ_2 ⋢ γ_5, γ_2 ⋢ δ_8}
2026-01-13 15:40:43.276 INFO : [Infer.csolve] U-TCode
2026-01-13 15:40:43.276 INFO : [Infer.csolve] Constraints: [β_7 ≤ β_5, γ_6 ≤ γ_3, δ_6 ≤ δ_3, γ_3 ≤ γ_4,
             α_0 ≤ <β_2>^γ_2 -[δ_6]-> <β_7>^γ_6, δ_4 ≤ δ_6,
             δ_5 ≤ δ_6]
 Substitution: [<β_7>^γ_6/α_1, [<β_6>^γ_5, δ_8]/δ_2]
 Constraint Graph: Assumptions: 
                    Constraints: {β_4 ≤ β_3, β_5 ≤ β_6,
                                  γ_1 ≤ γ_2, γ_3 ≤ γ_5,
                                  γ_4 ≤ γ_2, δ_3 ≤ δ_8,
                                  γ_2 ⋢ α_0, γ_2 ⋢ γ_1,
                                  γ_2 ⋢ γ_5, γ_2 ⋢ δ_8}
2026-01-13 15:40:43.276 INFO : [Infer.csolve] U-Var (Level1)
2026-01-13 15:40:43.276 INFO : [Infer.ConstraintGraph.Elem.prod] {β_7}, {β_5, β_6} ===> [β_7 ≤ β_5; β_7 ≤ β_6]
2026-01-13 15:40:43.276 INFO : [Infer.ConstraintGraph.add] Adding β_7 <= β_5: result = Assumptions: 
 Constraints: {β_4 ≤ β_3, β_5 ≤ β_6, β_7 ≤ β_5, β_7 ≤ β_6,
               γ_1 ≤ γ_2, γ_3 ≤ γ_5, γ_4 ≤ γ_2, δ_3 ≤ δ_8,
               γ_2 ⋢ α_0, γ_2 ⋢ γ_1, γ_2 ⋢ γ_5, γ_2 ⋢ δ_8}
2026-01-13 15:40:43.276 INFO : [Infer.csolve] Constraints: [γ_6 ≤ γ_3, δ_6 ≤ δ_3, γ_3 ≤ γ_4,
             α_0 ≤ <β_2>^γ_2 -[δ_6]-> <β_7>^γ_6, δ_4 ≤ δ_6,
             δ_5 ≤ δ_6]
 Substitution: [<β_7>^γ_6/α_1, [<β_6>^γ_5, δ_8]/δ_2]
 Constraint Graph: Assumptions: 
                    Constraints: {β_4 ≤ β_3, β_5 ≤ β_6,
                                  β_7 ≤ β_5, β_7 ≤ β_6,
                                  γ_1 ≤ γ_2, γ_3 ≤ γ_5,
                                  γ_4 ≤ γ_2, δ_3 ≤ δ_8,
                                  γ_2 ⋢ α_0, γ_2 ⋢ γ_1,
                                  γ_2 ⋢ γ_5, γ_2 ⋢ δ_8}
2026-01-13 15:40:43.276 INFO : [Infer.csolve] U-Clas
2026-01-13 15:40:43.277 INFO : [Infer.ConstraintGraph.Elem.prod] {γ_6}, {γ_3, γ_5} ===> [γ_6 ≤ γ_3; γ_6 ≤ γ_5]
2026-01-13 15:40:43.277 INFO : [Infer.ConstraintGraph.add] Adding γ_6 <= γ_3: result = Assumptions: 
 Constraints: {β_4 ≤ β_3, β_5 ≤ β_6, β_7 ≤ β_5, β_7 ≤ β_6,
               γ_1 ≤ γ_2, γ_3 ≤ γ_5, γ_4 ≤ γ_2, γ_6 ≤ γ_3,
               γ_6 ≤ γ_5, δ_3 ≤ δ_8, γ_2 ⋢ α_0, γ_2 ⋢ γ_1,
               γ_2 ⋢ γ_5, γ_2 ⋢ δ_8}
2026-01-13 15:40:43.277 INFO : [Infer.csolve] Constraints: [δ_6 ≤ δ_3, γ_3 ≤ γ_4,
             α_0 ≤ <β_2>^γ_2 -[δ_6]-> <β_7>^γ_6, δ_4 ≤ δ_6,
             δ_5 ≤ δ_6]
 Substitution: [<β_7>^γ_6/α_1, [<β_6>^γ_5, δ_8]/δ_2]
 Constraint Graph: Assumptions: 
                    Constraints: {β_4 ≤ β_3, β_5 ≤ β_6,
                                  β_7 ≤ β_5, β_7 ≤ β_6,
                                  γ_1 ≤ γ_2, γ_3 ≤ γ_5,
                                  γ_4 ≤ γ_2, γ_6 ≤ γ_3,
                                  γ_6 ≤ γ_5, δ_3 ≤ δ_8,
                                  γ_2 ⋢ α_0, γ_2 ⋢ γ_1,
                                  γ_2 ⋢ γ_5, γ_2 ⋢ δ_8}
2026-01-13 15:40:43.277 INFO : [Infer.csolve] U-Var (Annotation)
2026-01-13 15:40:43.277 INFO : [Infer.ConstraintGraph.Elem.prod] {δ_6}, {δ_3, δ_8} ===> [δ_6 ≤ δ_3; δ_6 ≤ δ_8]
2026-01-13 15:40:43.277 INFO : [Infer.ConstraintGraph.add] Adding δ_6 <= δ_3: result = Assumptions: 
 Constraints: {β_4 ≤ β_3, β_5 ≤ β_6, β_7 ≤ β_5, β_7 ≤ β_6,
               γ_1 ≤ γ_2, γ_3 ≤ γ_5, γ_4 ≤ γ_2, γ_6 ≤ γ_3,
               γ_6 ≤ γ_5, δ_3 ≤ δ_8, δ_6 ≤ δ_3, δ_6 ≤ δ_8,
               γ_2 ⋢ α_0, γ_2 ⋢ γ_1, γ_2 ⋢ γ_5, γ_2 ⋢ δ_8}
2026-01-13 15:40:43.277 INFO : [Infer.csolve] Constraints: [γ_3 ≤ γ_4, α_0 ≤ <β_2>^γ_2 -[δ_6]-> <β_7>^γ_6,
             δ_4 ≤ δ_6, δ_5 ≤ δ_6]
 Substitution: [<β_7>^γ_6/α_1, [<β_6>^γ_5, δ_8]/δ_2]
 Constraint Graph: Assumptions: 
                    Constraints: {β_4 ≤ β_3, β_5 ≤ β_6,
                                  β_7 ≤ β_5, β_7 ≤ β_6,
                                  γ_1 ≤ γ_2, γ_3 ≤ γ_5,
                                  γ_4 ≤ γ_2, γ_6 ≤ γ_3,
                                  γ_6 ≤ γ_5, δ_3 ≤ δ_8,
                                  δ_6 ≤ δ_3, δ_6 ≤ δ_8,
                                  γ_2 ⋢ α_0, γ_2 ⋢ γ_1,
                                  γ_2 ⋢ γ_5, γ_2 ⋢ δ_8}
2026-01-13 15:40:43.277 INFO : [Infer.csolve] U-Clas
2026-01-13 15:40:43.277 INFO : [Infer.ConstraintGraph.Elem.prod] {γ_3, γ_6}, {γ_2, γ_4} ===> [γ_3 ≤ γ_2; γ_3 ≤ γ_4; γ_6 ≤ γ_2; γ_6 ≤ γ_4]
2026-01-13 15:40:43.277 INFO : [Infer.ConstraintGraph.add] Adding γ_3 <= γ_4: result = Assumptions: 
 Constraints: {β_4 ≤ β_3, β_5 ≤ β_6, β_7 ≤ β_5, β_7 ≤ β_6,
               γ_1 ≤ γ_2, γ_3 ≤ γ_2, γ_3 ≤ γ_4, γ_3 ≤ γ_5,
               γ_4 ≤ γ_2, γ_6 ≤ γ_2, γ_6 ≤ γ_3, γ_6 ≤ γ_4,
               γ_6 ≤ γ_5, δ_3 ≤ δ_8, δ_6 ≤ δ_3, δ_6 ≤ δ_8,
               γ_2 ⋢ α_0, γ_2 ⋢ γ_1, γ_2 ⋢ γ_5, γ_2 ⋢ δ_8}
2026-01-13 15:40:43.277 INFO : [Infer.csolve] Constraints: [α_0 ≤ <β_2>^γ_2 -[δ_6]-> <β_7>^γ_6, δ_4 ≤ δ_6,
             δ_5 ≤ δ_6]
 Substitution: [<β_7>^γ_6/α_1, [<β_6>^γ_5, δ_8]/δ_2]
 Constraint Graph: Assumptions: 
                    Constraints: {β_4 ≤ β_3, β_5 ≤ β_6,
                                  β_7 ≤ β_5, β_7 ≤ β_6,
                                  γ_1 ≤ γ_2, γ_3 ≤ γ_2,
                                  γ_3 ≤ γ_4, γ_3 ≤ γ_5,
                                  γ_4 ≤ γ_2, γ_6 ≤ γ_2,
                                  γ_6 ≤ γ_3, γ_6 ≤ γ_4,
                                  γ_6 ≤ γ_5, δ_3 ≤ δ_8,
                                  δ_6 ≤ δ_3, δ_6 ≤ δ_8,
                                  γ_2 ⋢ α_0, γ_2 ⋢ γ_1,
                                  γ_2 ⋢ γ_5, γ_2 ⋢ δ_8}
2026-01-13 15:40:43.277 INFO : [Infer.ConstraintGraph.occurs_check] Occurs check: {{α_0}} (= {v| v ~ α_0} ) ⊄ FV(<β_2>^γ_2 -[δ_6]-> <β_7>^γ_6) === false
2026-01-13 15:40:43.277 INFO : [Infer.csolve] U-LVar (Level0)
2026-01-13 15:40:43.277 INFO : [Substitution.Subst.refresh_and_gen_subst] {α_0}, <β_2>^γ_2 -[δ_6]-> <β_7>^γ_6 ===> [<β_9>^γ_8 -[δ_9]-> <β_8>^γ_7/α_0]
2026-01-13 15:40:43.277 INFO : [Infer.ConstraintGraph.elim_sim] Eliminating variable: α_0
2026-01-13 15:40:43.277 INFO : [Infer.csolve] Constraints: [<β_9>^γ_8 -[δ_9]-> <β_8>^γ_7 ≤ <β_2>^γ_2 -[δ_6]-> <β_7>^γ_6,
             δ_4 ≤ δ_6, δ_5 ≤ δ_6,
             γ_2 ⋢ <β_9>^γ_8 -[δ_9]-> <β_8>^γ_7]
 Substitution: [<β_9>^γ_8 -[δ_9]-> <β_8>^γ_7/α_0, <β_7>^γ_6/α_1,
               [<β_6>^γ_5, δ_8]/δ_2]
 Constraint Graph: Assumptions: 
                    Constraints: {β_4 ≤ β_3, β_5 ≤ β_6,
                                  β_7 ≤ β_5, β_7 ≤ β_6,
                                  γ_1 ≤ γ_2, γ_3 ≤ γ_2,
                                  γ_3 ≤ γ_4, γ_3 ≤ γ_5,
                                  γ_4 ≤ γ_2, γ_6 ≤ γ_2,
                                  γ_6 ≤ γ_3, γ_6 ≤ γ_4,
                                  γ_6 ≤ γ_5, δ_3 ≤ δ_8,
                                  δ_6 ≤ δ_3, δ_6 ≤ δ_8,
                                  γ_2 ⋢ γ_1, γ_2 ⋢ γ_5,
                                  γ_2 ⋢ δ_8}
2026-01-13 15:40:43.277 INFO : [Infer.csolve] U-TArrow
2026-01-13 15:40:43.277 INFO : [Infer.csolve] Constraints: [<β_2>^γ_2 ≤ <β_9>^γ_8, <β_8>^γ_7 ≤ <β_7>^γ_6,
             δ_9 ≤ δ_6, δ_4 ≤ δ_6, δ_5 ≤ δ_6,
             γ_2 ⋢ <β_9>^γ_8 -[δ_9]-> <β_8>^γ_7]
 Substitution: [<β_9>^γ_8 -[δ_9]-> <β_8>^γ_7/α_0, <β_7>^γ_6/α_1,
               [<β_6>^γ_5, δ_8]/δ_2]
 Constraint Graph: Assumptions: 
                    Constraints: {β_4 ≤ β_3, β_5 ≤ β_6,
                                  β_7 ≤ β_5, β_7 ≤ β_6,
                                  γ_1 ≤ γ_2, γ_3 ≤ γ_2,
                                  γ_3 ≤ γ_4, γ_3 ≤ γ_5,
                                  γ_4 ≤ γ_2, γ_6 ≤ γ_2,
                                  γ_6 ≤ γ_3, γ_6 ≤ γ_4,
                                  γ_6 ≤ γ_5, δ_3 ≤ δ_8,
                                  δ_6 ≤ δ_3, δ_6 ≤ δ_8,
                                  γ_2 ⋢ γ_1, γ_2 ⋢ γ_5,
                                  γ_2 ⋢ δ_8}
2026-01-13 15:40:43.277 INFO : [Infer.csolve] U-TCode
2026-01-13 15:40:43.277 INFO : [Infer.csolve] Constraints: [β_2 ≤ β_9, γ_2 ≤ γ_8, <β_8>^γ_7 ≤ <β_7>^γ_6,
             δ_9 ≤ δ_6, δ_4 ≤ δ_6, δ_5 ≤ δ_6,
             γ_2 ⋢ <β_9>^γ_8 -[δ_9]-> <β_8>^γ_7]
 Substitution: [<β_9>^γ_8 -[δ_9]-> <β_8>^γ_7/α_0, <β_7>^γ_6/α_1,
               [<β_6>^γ_5, δ_8]/δ_2]
 Constraint Graph: Assumptions: 
                    Constraints: {β_4 ≤ β_3, β_5 ≤ β_6,
                                  β_7 ≤ β_5, β_7 ≤ β_6,
                                  γ_1 ≤ γ_2, γ_3 ≤ γ_2,
                                  γ_3 ≤ γ_4, γ_3 ≤ γ_5,
                                  γ_4 ≤ γ_2, γ_6 ≤ γ_2,
                                  γ_6 ≤ γ_3, γ_6 ≤ γ_4,
                                  γ_6 ≤ γ_5, δ_3 ≤ δ_8,
                                  δ_6 ≤ δ_3, δ_6 ≤ δ_8,
                                  γ_2 ⋢ γ_1, γ_2 ⋢ γ_5,
                                  γ_2 ⋢ δ_8}
2026-01-13 15:40:43.277 INFO : [Infer.csolve] U-Var (Level1)
2026-01-13 15:40:43.277 INFO : [Infer.ConstraintGraph.Elem.prod] {β_2}, {β_9} ===> [β_2 ≤ β_9]
2026-01-13 15:40:43.277 INFO : [Infer.ConstraintGraph.add] Adding β_2 <= β_9: result = Assumptions: 
 Constraints: {β_2 ≤ β_9, β_4 ≤ β_3, β_5 ≤ β_6, β_7 ≤ β_5,
               β_7 ≤ β_6, γ_1 ≤ γ_2, γ_3 ≤ γ_2, γ_3 ≤ γ_4,
               γ_3 ≤ γ_5, γ_4 ≤ γ_2, γ_6 ≤ γ_2, γ_6 ≤ γ_3,
               γ_6 ≤ γ_4, γ_6 ≤ γ_5, δ_3 ≤ δ_8, δ_6 ≤ δ_3,
               δ_6 ≤ δ_8, γ_2 ⋢ γ_1, γ_2 ⋢ γ_5, γ_2 ⋢ δ_8}
2026-01-13 15:40:43.277 INFO : [Infer.csolve] Constraints: [γ_2 ≤ γ_8, <β_8>^γ_7 ≤ <β_7>^γ_6, δ_9 ≤ δ_6,
             δ_4 ≤ δ_6, δ_5 ≤ δ_6,
             γ_2 ⋢ <β_9>^γ_8 -[δ_9]-> <β_8>^γ_7]
 Substitution: [<β_9>^γ_8 -[δ_9]-> <β_8>^γ_7/α_0, <β_7>^γ_6/α_1,
               [<β_6>^γ_5, δ_8]/δ_2]
 Constraint Graph: Assumptions: 
                    Constraints: {β_2 ≤ β_9, β_4 ≤ β_3,
                                  β_5 ≤ β_6, β_7 ≤ β_5,
                                  β_7 ≤ β_6, γ_1 ≤ γ_2,
                                  γ_3 ≤ γ_2, γ_3 ≤ γ_4,
                                  γ_3 ≤ γ_5, γ_4 ≤ γ_2,
                                  γ_6 ≤ γ_2, γ_6 ≤ γ_3,
                                  γ_6 ≤ γ_4, γ_6 ≤ γ_5,
                                  δ_3 ≤ δ_8, δ_6 ≤ δ_3,
                                  δ_6 ≤ δ_8, γ_2 ⋢ γ_1,
                                  γ_2 ⋢ γ_5, γ_2 ⋢ δ_8}
2026-01-13 15:40:43.277 INFO : [Infer.csolve] U-Clas
2026-01-13 15:40:43.277 INFO : [Infer.ConstraintGraph.Elem.prod] {γ_1, γ_2, γ_3, γ_4, γ_6}, {γ_8} ===> [γ_1 ≤ γ_8; γ_2 ≤ γ_8; γ_3 ≤ γ_8; γ_4 ≤ γ_8; γ_6 ≤ γ_8]
2026-01-13 15:40:43.277 INFO : [Infer.ConstraintGraph.add] Adding γ_2 <= γ_8: result = Assumptions: 
 Constraints: {β_2 ≤ β_9, β_4 ≤ β_3, β_5 ≤ β_6, β_7 ≤ β_5,
               β_7 ≤ β_6, γ_1 ≤ γ_2, γ_1 ≤ γ_8, γ_2 ≤ γ_8,
               γ_3 ≤ γ_2, γ_3 ≤ γ_4, γ_3 ≤ γ_5, γ_3 ≤ γ_8,
               γ_4 ≤ γ_2, γ_4 ≤ γ_8, γ_6 ≤ γ_2, γ_6 ≤ γ_3,
               γ_6 ≤ γ_4, γ_6 ≤ γ_5, γ_6 ≤ γ_8, δ_3 ≤ δ_8,
               δ_6 ≤ δ_3, δ_6 ≤ δ_8, γ_2 ⋢ γ_1, γ_2 ⋢ γ_5,
               γ_2 ⋢ δ_8}
2026-01-13 15:40:43.277 INFO : [Infer.csolve] Constraints: [<β_8>^γ_7 ≤ <β_7>^γ_6, δ_9 ≤ δ_6, δ_4 ≤ δ_6,
             δ_5 ≤ δ_6, γ_2 ⋢ <β_9>^γ_8 -[δ_9]-> <β_8>^γ_7]
 Substitution: [<β_9>^γ_8 -[δ_9]-> <β_8>^γ_7/α_0, <β_7>^γ_6/α_1,
               [<β_6>^γ_5, δ_8]/δ_2]
 Constraint Graph: Assumptions: 
                    Constraints: {β_2 ≤ β_9, β_4 ≤ β_3,
                                  β_5 ≤ β_6, β_7 ≤ β_5,
                                  β_7 ≤ β_6, γ_1 ≤ γ_2,
                                  γ_1 ≤ γ_8, γ_2 ≤ γ_8,
                                  γ_3 ≤ γ_2, γ_3 ≤ γ_4,
                                  γ_3 ≤ γ_5, γ_3 ≤ γ_8,
                                  γ_4 ≤ γ_2, γ_4 ≤ γ_8,
                                  γ_6 ≤ γ_2, γ_6 ≤ γ_3,
                                  γ_6 ≤ γ_4, γ_6 ≤ γ_5,
                                  γ_6 ≤ γ_8, δ_3 ≤ δ_8,
                                  δ_6 ≤ δ_3, δ_6 ≤ δ_8,
                                  γ_2 ⋢ γ_1, γ_2 ⋢ γ_5,
                                  γ_2 ⋢ δ_8}
2026-01-13 15:40:43.277 INFO : [Infer.csolve] U-TCode
2026-01-13 15:40:43.277 INFO : [Infer.csolve] Constraints: [β_8 ≤ β_7, γ_7 ≤ γ_6, δ_9 ≤ δ_6, δ_4 ≤ δ_6,
             δ_5 ≤ δ_6, γ_2 ⋢ <β_9>^γ_8 -[δ_9]-> <β_8>^γ_7]
 Substitution: [<β_9>^γ_8 -[δ_9]-> <β_8>^γ_7/α_0, <β_7>^γ_6/α_1,
               [<β_6>^γ_5, δ_8]/δ_2]
 Constraint Graph: Assumptions: 
                    Constraints: {β_2 ≤ β_9, β_4 ≤ β_3,
                                  β_5 ≤ β_6, β_7 ≤ β_5,
                                  β_7 ≤ β_6, γ_1 ≤ γ_2,
                                  γ_1 ≤ γ_8, γ_2 ≤ γ_8,
                                  γ_3 ≤ γ_2, γ_3 ≤ γ_4,
                                  γ_3 ≤ γ_5, γ_3 ≤ γ_8,
                                  γ_4 ≤ γ_2, γ_4 ≤ γ_8,
                                  γ_6 ≤ γ_2, γ_6 ≤ γ_3,
                                  γ_6 ≤ γ_4, γ_6 ≤ γ_5,
                                  γ_6 ≤ γ_8, δ_3 ≤ δ_8,
                                  δ_6 ≤ δ_3, δ_6 ≤ δ_8,
                                  γ_2 ⋢ γ_1, γ_2 ⋢ γ_5,
                                  γ_2 ⋢ δ_8}
2026-01-13 15:40:43.277 INFO : [Infer.csolve] U-Var (Level1)
2026-01-13 15:40:43.277 INFO : [Infer.ConstraintGraph.Elem.prod] {β_8}, {β_5, β_6, β_7} ===> [β_8 ≤ β_5; β_8 ≤ β_6; β_8 ≤ β_7]
2026-01-13 15:40:43.277 INFO : [Infer.ConstraintGraph.add] Adding β_8 <= β_7: result = Assumptions: 
 Constraints: {β_2 ≤ β_9, β_4 ≤ β_3, β_5 ≤ β_6, β_7 ≤ β_5,
               β_7 ≤ β_6, β_8 ≤ β_5, β_8 ≤ β_6, β_8 ≤ β_7,
               γ_1 ≤ γ_2, γ_1 ≤ γ_8, γ_2 ≤ γ_8, γ_3 ≤ γ_2,
               γ_3 ≤ γ_4, γ_3 ≤ γ_5, γ_3 ≤ γ_8, γ_4 ≤ γ_2,
               γ_4 ≤ γ_8, γ_6 ≤ γ_2, γ_6 ≤ γ_3, γ_6 ≤ γ_4,
               γ_6 ≤ γ_5, γ_6 ≤ γ_8, δ_3 ≤ δ_8, δ_6 ≤ δ_3,
               δ_6 ≤ δ_8, γ_2 ⋢ γ_1, γ_2 ⋢ γ_5, γ_2 ⋢ δ_8}
2026-01-13 15:40:43.277 INFO : [Infer.csolve] Constraints: [γ_7 ≤ γ_6, δ_9 ≤ δ_6, δ_4 ≤ δ_6, δ_5 ≤ δ_6,
             γ_2 ⋢ <β_9>^γ_8 -[δ_9]-> <β_8>^γ_7]
 Substitution: [<β_9>^γ_8 -[δ_9]-> <β_8>^γ_7/α_0, <β_7>^γ_6/α_1,
               [<β_6>^γ_5, δ_8]/δ_2]
 Constraint Graph: Assumptions: 
                    Constraints: {β_2 ≤ β_9, β_4 ≤ β_3,
                                  β_5 ≤ β_6, β_7 ≤ β_5,
                                  β_7 ≤ β_6, β_8 ≤ β_5,
                                  β_8 ≤ β_6, β_8 ≤ β_7,
                                  γ_1 ≤ γ_2, γ_1 ≤ γ_8,
                                  γ_2 ≤ γ_8, γ_3 ≤ γ_2,
                                  γ_3 ≤ γ_4, γ_3 ≤ γ_5,
                                  γ_3 ≤ γ_8, γ_4 ≤ γ_2,
                                  γ_4 ≤ γ_8, γ_6 ≤ γ_2,
                                  γ_6 ≤ γ_3, γ_6 ≤ γ_4,
                                  γ_6 ≤ γ_5, γ_6 ≤ γ_8,
                                  δ_3 ≤ δ_8, δ_6 ≤ δ_3,
                                  δ_6 ≤ δ_8, γ_2 ⋢ γ_1,
                                  γ_2 ⋢ γ_5, γ_2 ⋢ δ_8}
2026-01-13 15:40:43.277 INFO : [Infer.csolve] U-Clas
2026-01-13 15:40:43.277 INFO : [Infer.ConstraintGraph.Elem.prod] {γ_7}, {γ_2, γ_3, γ_4, γ_5, γ_6, γ_8} ===> [γ_7 ≤ γ_2; γ_7 ≤ γ_3; γ_7 ≤ γ_4; γ_7 ≤ γ_5; γ_7 ≤ γ_6;
γ_7 ≤ γ_8]
2026-01-13 15:40:43.277 INFO : [Infer.ConstraintGraph.add] Adding γ_7 <= γ_6: result = Assumptions: 
 Constraints: {β_2 ≤ β_9, β_4 ≤ β_3, β_5 ≤ β_6, β_7 ≤ β_5,
               β_7 ≤ β_6, β_8 ≤ β_5, β_8 ≤ β_6, β_8 ≤ β_7,
               γ_1 ≤ γ_2, γ_1 ≤ γ_8, γ_2 ≤ γ_8, γ_3 ≤ γ_2,
               γ_3 ≤ γ_4, γ_3 ≤ γ_5, γ_3 ≤ γ_8, γ_4 ≤ γ_2,
               γ_4 ≤ γ_8, γ_6 ≤ γ_2, γ_6 ≤ γ_3, γ_6 ≤ γ_4,
               γ_6 ≤ γ_5, γ_6 ≤ γ_8, γ_7 ≤ γ_2, γ_7 ≤ γ_3,
               γ_7 ≤ γ_4, γ_7 ≤ γ_5, γ_7 ≤ γ_6, γ_7 ≤ γ_8,
               δ_3 ≤ δ_8, δ_6 ≤ δ_3, δ_6 ≤ δ_8, γ_2 ⋢ γ_1,
               γ_2 ⋢ γ_5, γ_2 ⋢ δ_8}
2026-01-13 15:40:43.277 INFO : [Infer.csolve] Constraints: [δ_9 ≤ δ_6, δ_4 ≤ δ_6, δ_5 ≤ δ_6,
             γ_2 ⋢ <β_9>^γ_8 -[δ_9]-> <β_8>^γ_7]
 Substitution: [<β_9>^γ_8 -[δ_9]-> <β_8>^γ_7/α_0, <β_7>^γ_6/α_1,
               [<β_6>^γ_5, δ_8]/δ_2]
 Constraint Graph: Assumptions: 
                    Constraints: {β_2 ≤ β_9, β_4 ≤ β_3,
                                  β_5 ≤ β_6, β_7 ≤ β_5,
                                  β_7 ≤ β_6, β_8 ≤ β_5,
                                  β_8 ≤ β_6, β_8 ≤ β_7,
                                  γ_1 ≤ γ_2, γ_1 ≤ γ_8,
                                  γ_2 ≤ γ_8, γ_3 ≤ γ_2,
                                  γ_3 ≤ γ_4, γ_3 ≤ γ_5,
                                  γ_3 ≤ γ_8, γ_4 ≤ γ_2,
                                  γ_4 ≤ γ_8, γ_6 ≤ γ_2,
                                  γ_6 ≤ γ_3, γ_6 ≤ γ_4,
                                  γ_6 ≤ γ_5, γ_6 ≤ γ_8,
                                  γ_7 ≤ γ_2, γ_7 ≤ γ_3,
                                  γ_7 ≤ γ_4, γ_7 ≤ γ_5,
                                  γ_7 ≤ γ_6, γ_7 ≤ γ_8,
                                  δ_3 ≤ δ_8, δ_6 ≤ δ_3,
                                  δ_6 ≤ δ_8, γ_2 ⋢ γ_1,
                                  γ_2 ⋢ γ_5, γ_2 ⋢ δ_8}
2026-01-13 15:40:43.277 INFO : [Infer.csolve] U-Var (Annotation)
2026-01-13 15:40:43.277 INFO : [Infer.ConstraintGraph.Elem.prod] {δ_9}, {δ_3, δ_6, δ_8} ===> [δ_9 ≤ δ_3; δ_9 ≤ δ_6; δ_9 ≤ δ_8]
2026-01-13 15:40:43.277 INFO : [Infer.ConstraintGraph.add] Adding δ_9 <= δ_6: result = Assumptions: 
 Constraints: {β_2 ≤ β_9, β_4 ≤ β_3, β_5 ≤ β_6, β_7 ≤ β_5,
               β_7 ≤ β_6, β_8 ≤ β_5, β_8 ≤ β_6, β_8 ≤ β_7,
               γ_1 ≤ γ_2, γ_1 ≤ γ_8, γ_2 ≤ γ_8, γ_3 ≤ γ_2,
               γ_3 ≤ γ_4, γ_3 ≤ γ_5, γ_3 ≤ γ_8, γ_4 ≤ γ_2,
               γ_4 ≤ γ_8, γ_6 ≤ γ_2, γ_6 ≤ γ_3, γ_6 ≤ γ_4,
               γ_6 ≤ γ_5, γ_6 ≤ γ_8, γ_7 ≤ γ_2, γ_7 ≤ γ_3,
               γ_7 ≤ γ_4, γ_7 ≤ γ_5, γ_7 ≤ γ_6, γ_7 ≤ γ_8,
               δ_3 ≤ δ_8, δ_6 ≤ δ_3, δ_6 ≤ δ_8, δ_9 ≤ δ_3,
               δ_9 ≤ δ_6, δ_9 ≤ δ_8, γ_2 ⋢ γ_1, γ_2 ⋢ γ_5,
               γ_2 ⋢ δ_8}
2026-01-13 15:40:43.277 INFO : [Infer.csolve] Constraints: [δ_4 ≤ δ_6, δ_5 ≤ δ_6,
             γ_2 ⋢ <β_9>^γ_8 -[δ_9]-> <β_8>^γ_7]
 Substitution: [<β_9>^γ_8 -[δ_9]-> <β_8>^γ_7/α_0, <β_7>^γ_6/α_1,
               [<β_6>^γ_5, δ_8]/δ_2]
 Constraint Graph: Assumptions: 
                    Constraints: {β_2 ≤ β_9, β_4 ≤ β_3,
                                  β_5 ≤ β_6, β_7 ≤ β_5,
                                  β_7 ≤ β_6, β_8 ≤ β_5,
                                  β_8 ≤ β_6, β_8 ≤ β_7,
                                  γ_1 ≤ γ_2, γ_1 ≤ γ_8,
                                  γ_2 ≤ γ_8, γ_3 ≤ γ_2,
                                  γ_3 ≤ γ_4, γ_3 ≤ γ_5,
                                  γ_3 ≤ γ_8, γ_4 ≤ γ_2,
                                  γ_4 ≤ γ_8, γ_6 ≤ γ_2,
                                  γ_6 ≤ γ_3, γ_6 ≤ γ_4,
                                  γ_6 ≤ γ_5, γ_6 ≤ γ_8,
                                  γ_7 ≤ γ_2, γ_7 ≤ γ_3,
                                  γ_7 ≤ γ_4, γ_7 ≤ γ_5,
                                  γ_7 ≤ γ_6, γ_7 ≤ γ_8,
                                  δ_3 ≤ δ_8, δ_6 ≤ δ_3,
                                  δ_6 ≤ δ_8, δ_9 ≤ δ_3,
                                  δ_9 ≤ δ_6, δ_9 ≤ δ_8,
                                  γ_2 ⋢ γ_1, γ_2 ⋢ γ_5,
                                  γ_2 ⋢ δ_8}
2026-01-13 15:40:43.277 INFO : [Infer.csolve] U-Var (Annotation)
2026-01-13 15:40:43.277 INFO : [Infer.ConstraintGraph.Elem.prod] {δ_4}, {δ_3, δ_6, δ_8} ===> [δ_4 ≤ δ_3; δ_4 ≤ δ_6; δ_4 ≤ δ_8]
2026-01-13 15:40:43.277 INFO : [Infer.ConstraintGraph.add] Adding δ_4 <= δ_6: result = Assumptions: 
 Constraints: {β_2 ≤ β_9, β_4 ≤ β_3, β_5 ≤ β_6, β_7 ≤ β_5,
               β_7 ≤ β_6, β_8 ≤ β_5, β_8 ≤ β_6, β_8 ≤ β_7,
               γ_1 ≤ γ_2, γ_1 ≤ γ_8, γ_2 ≤ γ_8, γ_3 ≤ γ_2,
               γ_3 ≤ γ_4, γ_3 ≤ γ_5, γ_3 ≤ γ_8, γ_4 ≤ γ_2,
               γ_4 ≤ γ_8, γ_6 ≤ γ_2, γ_6 ≤ γ_3, γ_6 ≤ γ_4,
               γ_6 ≤ γ_5, γ_6 ≤ γ_8, γ_7 ≤ γ_2, γ_7 ≤ γ_3,
               γ_7 ≤ γ_4, γ_7 ≤ γ_5, γ_7 ≤ γ_6, γ_7 ≤ γ_8,
               δ_3 ≤ δ_8, δ_4 ≤ δ_3, δ_4 ≤ δ_6, δ_4 ≤ δ_8,
               δ_6 ≤ δ_3, δ_6 ≤ δ_8, δ_9 ≤ δ_3, δ_9 ≤ δ_6,
               δ_9 ≤ δ_8, γ_2 ⋢ γ_1, γ_2 ⋢ γ_5, γ_2 ⋢ δ_8}
2026-01-13 15:40:43.277 INFO : [Infer.csolve] Constraints: [δ_5 ≤ δ_6, γ_2 ⋢ <β_9>^γ_8 -[δ_9]-> <β_8>^γ_7]
 Substitution: [<β_9>^γ_8 -[δ_9]-> <β_8>^γ_7/α_0, <β_7>^γ_6/α_1,
               [<β_6>^γ_5, δ_8]/δ_2]
 Constraint Graph: Assumptions: 
                    Constraints: {β_2 ≤ β_9, β_4 ≤ β_3,
                                  β_5 ≤ β_6, β_7 ≤ β_5,
                                  β_7 ≤ β_6, β_8 ≤ β_5,
                                  β_8 ≤ β_6, β_8 ≤ β_7,
                                  γ_1 ≤ γ_2, γ_1 ≤ γ_8,
                                  γ_2 ≤ γ_8, γ_3 ≤ γ_2,
                                  γ_3 ≤ γ_4, γ_3 ≤ γ_5,
                                  γ_3 ≤ γ_8, γ_4 ≤ γ_2,
                                  γ_4 ≤ γ_8, γ_6 ≤ γ_2,
                                  γ_6 ≤ γ_3, γ_6 ≤ γ_4,
                                  γ_6 ≤ γ_5, γ_6 ≤ γ_8,
                                  γ_7 ≤ γ_2, γ_7 ≤ γ_3,
                                  γ_7 ≤ γ_4, γ_7 ≤ γ_5,
                                  γ_7 ≤ γ_6, γ_7 ≤ γ_8,
                                  δ_3 ≤ δ_8, δ_4 ≤ δ_3,
                                  δ_4 ≤ δ_6, δ_4 ≤ δ_8,
                                  δ_6 ≤ δ_3, δ_6 ≤ δ_8,
                                  δ_9 ≤ δ_3, δ_9 ≤ δ_6,
                                  δ_9 ≤ δ_8, γ_2 ⋢ γ_1,
                                  γ_2 ⋢ γ_5, γ_2 ⋢ δ_8}
2026-01-13 15:40:43.277 INFO : [Infer.csolve] U-Var (Annotation)
2026-01-13 15:40:43.277 INFO : [Infer.ConstraintGraph.Elem.prod] {δ_5}, {δ_3, δ_6, δ_8} ===> [δ_5 ≤ δ_3; δ_5 ≤ δ_6; δ_5 ≤ δ_8]
2026-01-13 15:40:43.278 INFO : [Infer.ConstraintGraph.add] Adding δ_5 <= δ_6: result = Assumptions: 
 Constraints: {β_2 ≤ β_9, β_4 ≤ β_3, β_5 ≤ β_6, β_7 ≤ β_5,
               β_7 ≤ β_6, β_8 ≤ β_5, β_8 ≤ β_6, β_8 ≤ β_7,
               γ_1 ≤ γ_2, γ_1 ≤ γ_8, γ_2 ≤ γ_8, γ_3 ≤ γ_2,
               γ_3 ≤ γ_4, γ_3 ≤ γ_5, γ_3 ≤ γ_8, γ_4 ≤ γ_2,
               γ_4 ≤ γ_8, γ_6 ≤ γ_2, γ_6 ≤ γ_3, γ_6 ≤ γ_4,
               γ_6 ≤ γ_5, γ_6 ≤ γ_8, γ_7 ≤ γ_2, γ_7 ≤ γ_3,
               γ_7 ≤ γ_4, γ_7 ≤ γ_5, γ_7 ≤ γ_6, γ_7 ≤ γ_8,
               δ_3 ≤ δ_8, δ_4 ≤ δ_3, δ_4 ≤ δ_6, δ_4 ≤ δ_8,
               δ_5 ≤ δ_3, δ_5 ≤ δ_6, δ_5 ≤ δ_8, δ_6 ≤ δ_3,
               δ_6 ≤ δ_8, δ_9 ≤ δ_3, δ_9 ≤ δ_6, δ_9 ≤ δ_8,
               γ_2 ⋢ γ_1, γ_2 ⋢ γ_5, γ_2 ⋢ δ_8}
2026-01-13 15:40:43.278 INFO : [Infer.csolve] Constraints: [γ_2 ⋢ <β_9>^γ_8 -[δ_9]-> <β_8>^γ_7]
 Substitution: [<β_9>^γ_8 -[δ_9]-> <β_8>^γ_7/α_0, <β_7>^γ_6/α_1,
               [<β_6>^γ_5, δ_8]/δ_2]
 Constraint Graph: Assumptions: 
                    Constraints: {β_2 ≤ β_9, β_4 ≤ β_3,
                                  β_5 ≤ β_6, β_7 ≤ β_5,
                                  β_7 ≤ β_6, β_8 ≤ β_5,
                                  β_8 ≤ β_6, β_8 ≤ β_7,
                                  γ_1 ≤ γ_2, γ_1 ≤ γ_8,
                                  γ_2 ≤ γ_8, γ_3 ≤ γ_2,
                                  γ_3 ≤ γ_4, γ_3 ≤ γ_5,
                                  γ_3 ≤ γ_8, γ_4 ≤ γ_2,
                                  γ_4 ≤ γ_8, γ_6 ≤ γ_2,
                                  γ_6 ≤ γ_3, γ_6 ≤ γ_4,
                                  γ_6 ≤ γ_5, γ_6 ≤ γ_8,
                                  γ_7 ≤ γ_2, γ_7 ≤ γ_3,
                                  γ_7 ≤ γ_4, γ_7 ≤ γ_5,
                                  γ_7 ≤ γ_6, γ_7 ≤ γ_8,
                                  δ_3 ≤ δ_8, δ_4 ≤ δ_3,
                                  δ_4 ≤ δ_6, δ_4 ≤ δ_8,
                                  δ_5 ≤ δ_3, δ_5 ≤ δ_6,
                                  δ_5 ≤ δ_8, δ_6 ≤ δ_3,
                                  δ_6 ≤ δ_8, δ_9 ≤ δ_3,
                                  δ_9 ≤ δ_6, δ_9 ≤ δ_8,
                                  γ_2 ⋢ γ_1, γ_2 ⋢ γ_5,
                                  γ_2 ⋢ δ_8}
2026-01-13 15:40:43.278 INFO : [Infer.csolve] U-NRTArrow
2026-01-13 15:40:43.278 INFO : [Infer.csolve] Constraints: [γ_2 ⋢ <β_9>^γ_8, γ_2 ⋢ <β_8>^γ_7, γ_2 ⋢ δ_9]
 Substitution: [<β_9>^γ_8 -[δ_9]-> <β_8>^γ_7/α_0, <β_7>^γ_6/α_1,
               [<β_6>^γ_5, δ_8]/δ_2]
 Constraint Graph: Assumptions: 
                    Constraints: {β_2 ≤ β_9, β_4 ≤ β_3,
                                  β_5 ≤ β_6, β_7 ≤ β_5,
                                  β_7 ≤ β_6, β_8 ≤ β_5,
                                  β_8 ≤ β_6, β_8 ≤ β_7,
                                  γ_1 ≤ γ_2, γ_1 ≤ γ_8,
                                  γ_2 ≤ γ_8, γ_3 ≤ γ_2,
                                  γ_3 ≤ γ_4, γ_3 ≤ γ_5,
                                  γ_3 ≤ γ_8, γ_4 ≤ γ_2,
                                  γ_4 ≤ γ_8, γ_6 ≤ γ_2,
                                  γ_6 ≤ γ_3, γ_6 ≤ γ_4,
                                  γ_6 ≤ γ_5, γ_6 ≤ γ_8,
                                  γ_7 ≤ γ_2, γ_7 ≤ γ_3,
                                  γ_7 ≤ γ_4, γ_7 ≤ γ_5,
                                  γ_7 ≤ γ_6, γ_7 ≤ γ_8,
                                  δ_3 ≤ δ_8, δ_4 ≤ δ_3,
                                  δ_4 ≤ δ_6, δ_4 ≤ δ_8,
                                  δ_5 ≤ δ_3, δ_5 ≤ δ_6,
                                  δ_5 ≤ δ_8, δ_6 ≤ δ_3,
                                  δ_6 ≤ δ_8, δ_9 ≤ δ_3,
                                  δ_9 ≤ δ_6, δ_9 ≤ δ_8,
                                  γ_2 ⋢ γ_1, γ_2 ⋢ γ_5,
                                  γ_2 ⋢ δ_8}
2026-01-13 15:40:43.278 INFO : [Infer.csolve] U-NRTCode
2026-01-13 15:40:43.278 INFO : [Infer.csolve] Constraints: [γ_2 ⋢ β_9, γ_2 ⋢ γ_8, γ_2 ⋢ <β_8>^γ_7,
             γ_2 ⋢ δ_9]
 Substitution: [<β_9>^γ_8 -[δ_9]-> <β_8>^γ_7/α_0, <β_7>^γ_6/α_1,
               [<β_6>^γ_5, δ_8]/δ_2]
 Constraint Graph: Assumptions: 
                    Constraints: {β_2 ≤ β_9, β_4 ≤ β_3,
                                  β_5 ≤ β_6, β_7 ≤ β_5,
                                  β_7 ≤ β_6, β_8 ≤ β_5,
                                  β_8 ≤ β_6, β_8 ≤ β_7,
                                  γ_1 ≤ γ_2, γ_1 ≤ γ_8,
                                  γ_2 ≤ γ_8, γ_3 ≤ γ_2,
                                  γ_3 ≤ γ_4, γ_3 ≤ γ_5,
                                  γ_3 ≤ γ_8, γ_4 ≤ γ_2,
                                  γ_4 ≤ γ_8, γ_6 ≤ γ_2,
                                  γ_6 ≤ γ_3, γ_6 ≤ γ_4,
                                  γ_6 ≤ γ_5, γ_6 ≤ γ_8,
                                  γ_7 ≤ γ_2, γ_7 ≤ γ_3,
                                  γ_7 ≤ γ_4, γ_7 ≤ γ_5,
                                  γ_7 ≤ γ_6, γ_7 ≤ γ_8,
                                  δ_3 ≤ δ_8, δ_4 ≤ δ_3,
                                  δ_4 ≤ δ_6, δ_4 ≤ δ_8,
                                  δ_5 ≤ δ_3, δ_5 ≤ δ_6,
                                  δ_5 ≤ δ_8, δ_6 ≤ δ_3,
                                  δ_6 ≤ δ_8, δ_9 ≤ δ_3,
                                  δ_9 ≤ δ_6, δ_9 ≤ δ_8,
                                  γ_2 ⋢ γ_1, γ_2 ⋢ γ_5,
                                  γ_2 ⋢ δ_8}
2026-01-13 15:40:43.278 INFO : [Infer.csolve] U-NRT1
2026-01-13 15:40:43.278 INFO : [Infer.csolve] Constraints: [γ_2 ⋢ γ_8, γ_2 ⋢ <β_8>^γ_7, γ_2 ⋢ δ_9]
 Substitution: [<β_9>^γ_8 -[δ_9]-> <β_8>^γ_7/α_0, <β_7>^γ_6/α_1,
               [<β_6>^γ_5, δ_8]/δ_2]
 Constraint Graph: Assumptions: 
                    Constraints: {β_2 ≤ β_9, β_4 ≤ β_3,
                                  β_5 ≤ β_6, β_7 ≤ β_5,
                                  β_7 ≤ β_6, β_8 ≤ β_5,
                                  β_8 ≤ β_6, β_8 ≤ β_7,
                                  γ_1 ≤ γ_2, γ_1 ≤ γ_8,
                                  γ_2 ≤ γ_8, γ_3 ≤ γ_2,
                                  γ_3 ≤ γ_4, γ_3 ≤ γ_5,
                                  γ_3 ≤ γ_8, γ_4 ≤ γ_2,
                                  γ_4 ≤ γ_8, γ_6 ≤ γ_2,
                                  γ_6 ≤ γ_3, γ_6 ≤ γ_4,
                                  γ_6 ≤ γ_5, γ_6 ≤ γ_8,
                                  γ_7 ≤ γ_2, γ_7 ≤ γ_3,
                                  γ_7 ≤ γ_4, γ_7 ≤ γ_5,
                                  γ_7 ≤ γ_6, γ_7 ≤ γ_8,
                                  δ_3 ≤ δ_8, δ_4 ≤ δ_3,
                                  δ_4 ≤ δ_6, δ_4 ≤ δ_8,
                                  δ_5 ≤ δ_3, δ_5 ≤ δ_6,
                                  δ_5 ≤ δ_8, δ_6 ≤ δ_3,
                                  δ_6 ≤ δ_8, δ_9 ≤ δ_3,
                                  δ_9 ≤ δ_6, δ_9 ≤ δ_8,
                                  γ_2 ⋢ γ_1, γ_2 ⋢ γ_5,
                                  γ_2 ⋢ δ_8}
