2026-01-22 14:00:22.618 INFO : Running from file: ex/ex8.txt
2026-01-22 14:00:22.619 INFO : [Infer.PolyContext.lookup] Looking up capp in [cint :  ∀{γ_0, δ_0}. ( => []) => int -[δ_0]-> <int>^γ_0,
capp :  ∀{β_0, β_1, γ_0, δ_0, δ_1}. ( => []) =>
        <β_0 -> β_1>^γ_0 -[δ_0]-> <β_0>^γ_0 -[δ_1]-> <β_1>^γ_0]
2026-01-22 14:00:22.619 INFO : [Infer.TypeContext.lookup] Looking up capp in , 
2026-01-22 14:00:22.620 INFO : [Infer.CGenDeriv.trace] ,  ;
 [cint :  ∀{γ_0, δ_0}. ( => []) => int -[δ_0]-> <int>^γ_0,
 capp :  ∀{β_0, β_1, γ_0, δ_0, δ_1}. ( => []) =>
         <β_0 -> β_1>^γ_0 -[δ_0]-> <β_0>^γ_0 -[δ_1]-> <β_1>^γ_0] |-
 capp ===>
 <β_2 -> β_3>^γ_1 -[δ_2]-> <β_2>^γ_1 -[δ_3]-> <β_3>^γ_1 ; δ_4
  |_({β_2, β_3, γ_1, δ_2, δ_3, δ_4})  => [] 
2026-01-22 14:00:22.620 INFO : [Infer.TypeContext.add] x : <β_4>^γ_3, 
2026-01-22 14:00:22.620 INFO : [Infer.TypeContext.add_cstr] x : <β_4>^γ_3, γ_2 ≤ γ_3
2026-01-22 14:00:22.620 INFO : [Infer.PolyContext.lookup] Looking up x in [cint :  ∀{γ_0, δ_0}. ( => []) => int -[δ_0]-> <int>^γ_0,
capp :  ∀{β_0, β_1, γ_0, δ_0, δ_1}. ( => []) =>
        <β_0 -> β_1>^γ_0 -[δ_0]-> <β_0>^γ_0 -[δ_1]-> <β_1>^γ_0]
2026-01-22 14:00:22.620 INFO : [Infer.TypeContext.lookup] Looking up x in x : <β_4>^γ_3, γ_2 ≤ γ_3
2026-01-22 14:00:22.620 INFO : [Infer.CGenDeriv.trace] x : <β_4>^γ_3, γ_2 ≤ γ_3 ;
 [cint :  ∀{γ_0, δ_0}. ( => []) => int -[δ_0]-> <int>^γ_0,
 capp :  ∀{β_0, β_1, γ_0, δ_0, δ_1}. ( => []) =>
         <β_0 -> β_1>^γ_0 -[δ_0]-> <β_0>^γ_0 -[δ_1]-> <β_1>^γ_0] |-
 x ===> <β_4>^γ_3 ; δ_6 |_({δ_6}) γ_2 ≤ γ_3 => [] 
2026-01-22 14:00:22.620 INFO : [Infer.CGenDeriv.trace] ,  ;
 [cint :  ∀{γ_0, δ_0}. ( => []) => int -[δ_0]-> <int>^γ_0,
 capp :  ∀{β_0, β_1, γ_0, δ_0, δ_1}. ( => []) =>
         <β_0 -> β_1>^γ_0 -[δ_0]-> <β_0>^γ_0 -[δ_1]-> <β_1>^γ_0] |-
 cfun x -> x ===>
 <β_4 -> β_5>^γ_2 ; δ_5 |_({β_4, β_5, γ_2, γ_3, δ_5, δ_6})
  γ_2 ≤ γ_3 =>
  [γ_2 ≤ γ_3, <β_4>^γ_3 ≤ <β_5>^γ_3, δ_6 ≤ δ_5, γ_3 ⋢ δ_5,
  γ_3 ⋢ γ_2] 
2026-01-22 14:00:22.620 INFO : [Infer.CGenDeriv.trace] ,  ;
 [cint :  ∀{γ_0, δ_0}. ( => []) => int -[δ_0]-> <int>^γ_0,
 capp :  ∀{β_0, β_1, γ_0, δ_0, δ_1}. ( => []) =>
         <β_0 -> β_1>^γ_0 -[δ_0]-> <β_0>^γ_0 -[δ_1]-> <β_1>^γ_0] |-
 capp cfun x -> x ===>
 α_0 ; δ_7
  |_({α_0, β_2, β_3, β_4, β_5, γ_1, γ_2, γ_3, δ_2, δ_3, δ_4, δ_5,
      δ_6, δ_7}) γ_2 ≤ γ_3 =>
  [<β_2 -> β_3>^γ_1 -[δ_2]-> <β_2>^γ_1 -[δ_3]-> <β_3>^γ_1 ≤ <β_4 -> β_5>^γ_2 -[δ_7]-> α_0,
  δ_4 ≤ δ_7, δ_5 ≤ δ_7, γ_2 ≤ γ_3, <β_4>^γ_3 ≤ <β_5>^γ_3,
  δ_6 ≤ δ_5, γ_3 ⋢ δ_5, γ_3 ⋢ γ_2] 
2026-01-22 14:00:22.620 INFO : [Infer.PolyContext.lookup] Looking up cint in [cint :  ∀{γ_0, δ_0}. ( => []) => int -[δ_0]-> <int>^γ_0,
capp :  ∀{β_0, β_1, γ_0, δ_0, δ_1}. ( => []) =>
        <β_0 -> β_1>^γ_0 -[δ_0]-> <β_0>^γ_0 -[δ_1]-> <β_1>^γ_0]
2026-01-22 14:00:22.620 INFO : [Infer.TypeContext.lookup] Looking up cint in , 
2026-01-22 14:00:22.620 INFO : [Infer.CGenDeriv.trace] ,  ;
 [cint :  ∀{γ_0, δ_0}. ( => []) => int -[δ_0]-> <int>^γ_0,
 capp :  ∀{β_0, β_1, γ_0, δ_0, δ_1}. ( => []) =>
         <β_0 -> β_1>^γ_0 -[δ_0]-> <β_0>^γ_0 -[δ_1]-> <β_1>^γ_0] |-
 cint ===> int -[δ_8]-> <int>^γ_4 ; δ_9 |_({γ_4, δ_8, δ_9})  => [] 
2026-01-22 14:00:22.620 INFO : [Infer.CGenDeriv.trace] ,  ;
 [cint :  ∀{γ_0, δ_0}. ( => []) => int -[δ_0]-> <int>^γ_0,
 capp :  ∀{β_0, β_1, γ_0, δ_0, δ_1}. ( => []) =>
         <β_0 -> β_1>^γ_0 -[δ_0]-> <β_0>^γ_0 -[δ_1]-> <β_1>^γ_0] |-
 1 ===> int ; δ_10 |_({δ_10})  => [] 
2026-01-22 14:00:22.620 INFO : [Infer.CGenDeriv.trace] ,  ;
 [cint :  ∀{γ_0, δ_0}. ( => []) => int -[δ_0]-> <int>^γ_0,
 capp :  ∀{β_0, β_1, γ_0, δ_0, δ_1}. ( => []) =>
         <β_0 -> β_1>^γ_0 -[δ_0]-> <β_0>^γ_0 -[δ_1]-> <β_1>^γ_0] |-
 cint 1 ===>
 α_1 ; δ_11 |_({α_1, γ_4, δ_8, δ_9, δ_10, δ_11})  =>
  [int -[δ_8]-> <int>^γ_4 ≤ int -[δ_11]-> α_1, δ_9 ≤ δ_11,
  δ_10 ≤ δ_11] 
2026-01-22 14:00:22.620 INFO : [Infer.CGenDeriv.trace] ,  ;
 [cint :  ∀{γ_0, δ_0}. ( => []) => int -[δ_0]-> <int>^γ_0,
 capp :  ∀{β_0, β_1, γ_0, δ_0, δ_1}. ( => []) =>
         <β_0 -> β_1>^γ_0 -[δ_0]-> <β_0>^γ_0 -[δ_1]-> <β_1>^γ_0] |-
 capp cfun x -> x cint 1 ===>
 α_2 ; δ_12
  |_({α_0, α_1, α_2, β_2, β_3, β_4, β_5, γ_1, γ_2, γ_3, γ_4, δ_2,
      δ_3, δ_4, δ_5, δ_6, δ_7, δ_8, δ_9, δ_10, δ_11, δ_12})
  γ_2 ≤ γ_3 =>
  [α_0 ≤ α_1 -[δ_12]-> α_2, δ_7 ≤ δ_12, δ_11 ≤ δ_12,
  <β_2 -> β_3>^γ_1 -[δ_2]-> <β_2>^γ_1 -[δ_3]-> <β_3>^γ_1 ≤ <β_4 -> β_5>^γ_2 -[δ_7]-> α_0,
  δ_4 ≤ δ_7, δ_5 ≤ δ_7, γ_2 ≤ γ_3, <β_4>^γ_3 ≤ <β_5>^γ_3,
  δ_6 ≤ δ_5, γ_3 ⋢ δ_5, γ_3 ⋢ γ_2,
  int -[δ_8]-> <int>^γ_4 ≤ int -[δ_11]-> α_1, δ_9 ≤ δ_11,
  δ_10 ≤ δ_11] 
2026-01-22 14:00:22.620 INFO : [Infer.csolve] Constraints: [α_0 ≤ α_1 -[δ_12]-> α_2, δ_7 ≤ δ_12, δ_11 ≤ δ_12,
             <β_2 -> β_3>^γ_1 -[δ_2]-> <β_2>^γ_1 -[δ_3]-> <β_3>^γ_1 ≤ <β_4 -> β_5>^γ_2 -[δ_7]-> α_0,
             δ_4 ≤ δ_7, δ_5 ≤ δ_7, γ_2 ≤ γ_3,
             <β_4>^γ_3 ≤ <β_5>^γ_3, δ_6 ≤ δ_5, γ_3 ⋢ δ_5,
             γ_3 ⋢ γ_2, int -[δ_8]-> <int>^γ_4 ≤ int -[δ_11]-> α_1,
             δ_9 ≤ δ_11, δ_10 ≤ δ_11] Substitution: []
 Constraint Graph: Assumptions:  Constraints: {}
2026-01-22 14:00:22.620 INFO : [Infer.ConstraintGraph.occurs_check] Occurs check: {{α_0}} (= {v| v ~ α_0} ) ⊄ FV(α_1 -[δ_12]-> α_2) === false
2026-01-22 14:00:22.620 INFO : [Infer.csolve] U-LVar (Level0)
2026-01-22 14:00:22.621 INFO : [Substitution.Subst.refresh_and_gen_subst] {α_0}, α_1 -[δ_12]-> α_2 ===> [α_4 -[δ_13]-> α_3/α_0]
2026-01-22 14:00:22.621 INFO : [Infer.ConstraintGraph.elim_sim] Eliminating variable: α_0
2026-01-22 14:00:22.621 INFO : [Infer.csolve] Constraints: [α_4 -[δ_13]-> α_3 ≤ α_1 -[δ_12]-> α_2, δ_7 ≤ δ_12,
             δ_11 ≤ δ_12,
             <β_2 -> β_3>^γ_1 -[δ_2]-> <β_2>^γ_1 -[δ_3]-> <β_3>^γ_1 ≤ <β_4 -> β_5>^γ_2 -[δ_7]-> α_4 -[δ_13]-> α_3,
             δ_4 ≤ δ_7, δ_5 ≤ δ_7, γ_2 ≤ γ_3,
             <β_4>^γ_3 ≤ <β_5>^γ_3, δ_6 ≤ δ_5, γ_3 ⋢ δ_5,
             γ_3 ⋢ γ_2, int -[δ_8]-> <int>^γ_4 ≤ int -[δ_11]-> α_1,
             δ_9 ≤ δ_11, δ_10 ≤ δ_11]
 Substitution: [α_4 -[δ_13]-> α_3/α_0]
 Constraint Graph: Assumptions:  Constraints: {}
2026-01-22 14:00:22.621 INFO : [Infer.csolve] U-TArrow
2026-01-22 14:00:22.621 INFO : [Infer.csolve] Constraints: [α_1 ≤ α_4, α_3 ≤ α_2, δ_13 ≤ δ_12, δ_7 ≤ δ_12,
             δ_11 ≤ δ_12,
             <β_2 -> β_3>^γ_1 -[δ_2]-> <β_2>^γ_1 -[δ_3]-> <β_3>^γ_1 ≤ <β_4 -> β_5>^γ_2 -[δ_7]-> α_4 -[δ_13]-> α_3,
             δ_4 ≤ δ_7, δ_5 ≤ δ_7, γ_2 ≤ γ_3,
             <β_4>^γ_3 ≤ <β_5>^γ_3, δ_6 ≤ δ_5, γ_3 ⋢ δ_5,
             γ_3 ⋢ γ_2, int -[δ_8]-> <int>^γ_4 ≤ int -[δ_11]-> α_1,
             δ_9 ≤ δ_11, δ_10 ≤ δ_11]
 Substitution: [α_4 -[δ_13]-> α_3/α_0]
 Constraint Graph: Assumptions:  Constraints: {}
2026-01-22 14:00:22.621 INFO : [Infer.csolve] U-Var (Level0)
2026-01-22 14:00:22.621 INFO : [Infer.ConstraintGraph.Elem.prod] {α_1}, {α_4} ===> [α_1 ≤ α_4]
2026-01-22 14:00:22.621 INFO : [Infer.ConstraintGraph.add] Adding α_1 <= α_4: result = Assumptions:  Constraints: {α_1 ≤ α_4}
2026-01-22 14:00:22.621 INFO : [Infer.csolve] Constraints: [α_3 ≤ α_2, δ_13 ≤ δ_12, δ_7 ≤ δ_12,
             δ_11 ≤ δ_12,
             <β_2 -> β_3>^γ_1 -[δ_2]-> <β_2>^γ_1 -[δ_3]-> <β_3>^γ_1 ≤ <β_4 -> β_5>^γ_2 -[δ_7]-> α_4 -[δ_13]-> α_3,
             δ_4 ≤ δ_7, δ_5 ≤ δ_7, γ_2 ≤ γ_3,
             <β_4>^γ_3 ≤ <β_5>^γ_3, δ_6 ≤ δ_5, γ_3 ⋢ δ_5,
             γ_3 ⋢ γ_2, int -[δ_8]-> <int>^γ_4 ≤ int -[δ_11]-> α_1,
             δ_9 ≤ δ_11, δ_10 ≤ δ_11]
 Substitution: [α_4 -[δ_13]-> α_3/α_0]
 Constraint Graph: Assumptions:  Constraints: {α_1 ≤ α_4}
2026-01-22 14:00:22.621 INFO : [Infer.csolve] U-Var (Level0)
2026-01-22 14:00:22.621 INFO : [Infer.ConstraintGraph.Elem.prod] {α_3}, {α_2} ===> [α_3 ≤ α_2]
2026-01-22 14:00:22.621 INFO : [Infer.ConstraintGraph.add] Adding α_3 <= α_2: result = Assumptions:  Constraints: {α_1 ≤ α_4, α_3 ≤ α_2}
2026-01-22 14:00:22.621 INFO : [Infer.csolve] Constraints: [δ_13 ≤ δ_12, δ_7 ≤ δ_12, δ_11 ≤ δ_12,
             <β_2 -> β_3>^γ_1 -[δ_2]-> <β_2>^γ_1 -[δ_3]-> <β_3>^γ_1 ≤ <β_4 -> β_5>^γ_2 -[δ_7]-> α_4 -[δ_13]-> α_3,
             δ_4 ≤ δ_7, δ_5 ≤ δ_7, γ_2 ≤ γ_3,
             <β_4>^γ_3 ≤ <β_5>^γ_3, δ_6 ≤ δ_5, γ_3 ⋢ δ_5,
             γ_3 ⋢ γ_2, int -[δ_8]-> <int>^γ_4 ≤ int -[δ_11]-> α_1,
             δ_9 ≤ δ_11, δ_10 ≤ δ_11]
 Substitution: [α_4 -[δ_13]-> α_3/α_0]
 Constraint Graph: Assumptions:  Constraints: {α_1 ≤ α_4, α_3 ≤ α_2}
2026-01-22 14:00:22.621 INFO : [Infer.csolve] U-Var (Annotation)
2026-01-22 14:00:22.621 INFO : [Infer.ConstraintGraph.Elem.prod] {δ_13}, {δ_12} ===> [δ_13 ≤ δ_12]
2026-01-22 14:00:22.621 INFO : [Infer.ConstraintGraph.add] Adding δ_13 <= δ_12: result = Assumptions:  Constraints: {α_1 ≤ α_4, α_3 ≤ α_2, δ_13 ≤ δ_12}
2026-01-22 14:00:22.621 INFO : [Infer.csolve] Constraints: [δ_7 ≤ δ_12, δ_11 ≤ δ_12,
             <β_2 -> β_3>^γ_1 -[δ_2]-> <β_2>^γ_1 -[δ_3]-> <β_3>^γ_1 ≤ <β_4 -> β_5>^γ_2 -[δ_7]-> α_4 -[δ_13]-> α_3,
             δ_4 ≤ δ_7, δ_5 ≤ δ_7, γ_2 ≤ γ_3,
             <β_4>^γ_3 ≤ <β_5>^γ_3, δ_6 ≤ δ_5, γ_3 ⋢ δ_5,
             γ_3 ⋢ γ_2, int -[δ_8]-> <int>^γ_4 ≤ int -[δ_11]-> α_1,
             δ_9 ≤ δ_11, δ_10 ≤ δ_11]
 Substitution: [α_4 -[δ_13]-> α_3/α_0]
 Constraint Graph: Assumptions: 
                    Constraints: {α_1 ≤ α_4, α_3 ≤ α_2,
                                  δ_13 ≤ δ_12}
2026-01-22 14:00:22.621 INFO : [Infer.csolve] U-Var (Annotation)
2026-01-22 14:00:22.621 INFO : [Infer.ConstraintGraph.Elem.prod] {δ_7}, {δ_12} ===> [δ_7 ≤ δ_12]
2026-01-22 14:00:22.621 INFO : [Infer.ConstraintGraph.add] Adding δ_7 <= δ_12: result = Assumptions: 
 Constraints: {α_1 ≤ α_4, α_3 ≤ α_2, δ_7 ≤ δ_12, δ_13 ≤ δ_12}
2026-01-22 14:00:22.621 INFO : [Infer.csolve] Constraints: [δ_11 ≤ δ_12,
             <β_2 -> β_3>^γ_1 -[δ_2]-> <β_2>^γ_1 -[δ_3]-> <β_3>^γ_1 ≤ <β_4 -> β_5>^γ_2 -[δ_7]-> α_4 -[δ_13]-> α_3,
             δ_4 ≤ δ_7, δ_5 ≤ δ_7, γ_2 ≤ γ_3,
             <β_4>^γ_3 ≤ <β_5>^γ_3, δ_6 ≤ δ_5, γ_3 ⋢ δ_5,
             γ_3 ⋢ γ_2, int -[δ_8]-> <int>^γ_4 ≤ int -[δ_11]-> α_1,
             δ_9 ≤ δ_11, δ_10 ≤ δ_11]
 Substitution: [α_4 -[δ_13]-> α_3/α_0]
 Constraint Graph: Assumptions: 
                    Constraints: {α_1 ≤ α_4, α_3 ≤ α_2,
                                  δ_7 ≤ δ_12, δ_13 ≤ δ_12}
2026-01-22 14:00:22.621 INFO : [Infer.csolve] U-Var (Annotation)
2026-01-22 14:00:22.621 INFO : [Infer.ConstraintGraph.Elem.prod] {δ_11}, {δ_12} ===> [δ_11 ≤ δ_12]
2026-01-22 14:00:22.621 INFO : [Infer.ConstraintGraph.add] Adding δ_11 <= δ_12: result = Assumptions: 
 Constraints: {α_1 ≤ α_4, α_3 ≤ α_2, δ_7 ≤ δ_12, δ_11 ≤ δ_12,
               δ_13 ≤ δ_12}
2026-01-22 14:00:22.621 INFO : [Infer.csolve] Constraints: [<β_2 -> β_3>^γ_1 -[δ_2]-> <β_2>^γ_1 -[δ_3]-> <β_3>^γ_1 ≤ <β_4 -> β_5>^γ_2 -[δ_7]-> α_4 -[δ_13]-> α_3,
             δ_4 ≤ δ_7, δ_5 ≤ δ_7, γ_2 ≤ γ_3,
             <β_4>^γ_3 ≤ <β_5>^γ_3, δ_6 ≤ δ_5, γ_3 ⋢ δ_5,
             γ_3 ⋢ γ_2, int -[δ_8]-> <int>^γ_4 ≤ int -[δ_11]-> α_1,
             δ_9 ≤ δ_11, δ_10 ≤ δ_11]
 Substitution: [α_4 -[δ_13]-> α_3/α_0]
 Constraint Graph: Assumptions: 
                    Constraints: {α_1 ≤ α_4, α_3 ≤ α_2,
                                  δ_7 ≤ δ_12, δ_11 ≤ δ_12,
                                  δ_13 ≤ δ_12}
2026-01-22 14:00:22.621 INFO : [Infer.csolve] U-TArrow
2026-01-22 14:00:22.622 INFO : [Infer.csolve] Constraints: [<β_4 -> β_5>^γ_2 ≤ <β_2 -> β_3>^γ_1 -[δ_2]-> <β_2>^γ_1,
             <β_3>^γ_1 ≤ α_4 -[δ_13]-> α_3, δ_3 ≤ δ_7,
             δ_4 ≤ δ_7, δ_5 ≤ δ_7, γ_2 ≤ γ_3,
             <β_4>^γ_3 ≤ <β_5>^γ_3, δ_6 ≤ δ_5, γ_3 ⋢ δ_5,
             γ_3 ⋢ γ_2, int -[δ_8]-> <int>^γ_4 ≤ int -[δ_11]-> α_1,
             δ_9 ≤ δ_11, δ_10 ≤ δ_11]
 Substitution: [α_4 -[δ_13]-> α_3/α_0]
 Constraint Graph: Assumptions: 
                    Constraints: {α_1 ≤ α_4, α_3 ≤ α_2,
                                  δ_7 ≤ δ_12, δ_11 ≤ δ_12,
                                  δ_13 ≤ δ_12}
